[     336ms] [VERBOSE] [DOM] Password forms should have (optionally hidden) username fields for accessibility: (More info: https://goo.gl/9p2vKq) %o @ http://localhost:5173/terminal:0
[     441ms] [ERROR] Failed to load resource: the server responded with a status of 404 (NOT FOUND) @ http://localhost:5173/api/market/TSE:0
[     521ms] [ERROR] Failed to load resource: the server responded with a status of 404 (NOT FOUND) @ http://localhost:5173/api/market/TSE:0
[    5178ms] [ERROR] Failed to load resource: the server responded with a status of 404 (NOT FOUND) @ http://localhost:5173/api/market/TSE:0
[   10172ms] [ERROR] Failed to load resource: the server responded with a status of 404 (NOT FOUND) @ http://localhost:5173/api/market/TSE:0
[   10531ms] [ERROR] Failed to load resource: the server responded with a status of 404 (NOT FOUND) @ http://localhost:5173/api/market/TSE:0
[   15179ms] [ERROR] Failed to load resource: the server responded with a status of 404 (NOT FOUND) @ http://localhost:5173/api/market/TSE:0
[   20179ms] [ERROR] Failed to load resource: the server responded with a status of 404 (NOT FOUND) @ http://localhost:5173/api/market/TSE:0
[   20510ms] [ERROR] Failed to load resource: the server responded with a status of 404 (NOT FOUND) @ http://localhost:5173/api/market/TSE:0
[   25208ms] [ERROR] Failed to load resource: the server responded with a status of 404 (NOT FOUND) @ http://localhost:5173/api/market/TSE:0
[   30186ms] [ERROR] Failed to load resource: the server responded with a status of 404 (NOT FOUND) @ http://localhost:5173/api/market/TSE:0
[   30568ms] [ERROR] Failed to load resource: the server responded with a status of 404 (NOT FOUND) @ http://localhost:5173/api/market/TSE:0
[   35200ms] [ERROR] Failed to load resource: the server responded with a status of 404 (NOT FOUND) @ http://localhost:5173/api/market/TSE:0
[   40174ms] [ERROR] Failed to load resource: the server responded with a status of 404 (NOT FOUND) @ http://localhost:5173/api/market/TSE:0
[   40527ms] [ERROR] Failed to load resource: the server responded with a status of 404 (NOT FOUND) @ http://localhost:5173/api/market/TSE:0
[   45193ms] [ERROR] Failed to load resource: the server responded with a status of 404 (NOT FOUND) @ http://localhost:5173/api/market/TSE:0
[   50120ms] [ERROR] Failed to load resource: the server responded with a status of 429 (TOO MANY REQUESTS) @ http://localhost:5173/api/market/MS:0
[   50121ms] [ERROR] Failed to load resource: the server responded with a status of 429 (TOO MANY REQUESTS) @ http://localhost:5173/api/market/TSE:0
[   50121ms] [ERROR] Failed to load resource: the server responded with a status of 429 (TOO MANY REQUESTS) @ http://localhost:5173/api/market/DSP:0
[   50121ms] [ERROR] Failed to load resource: the server responded with a status of 429 (TOO MANY REQUESTS) @ http://localhost:5173/api/market/JNJ:0
[   50436ms] [ERROR] Failed to load resource: the server responded with a status of 429 (TOO MANY REQUESTS) @ http://localhost:5173/api/market/TSE:0
[   50438ms] [ERROR] Failed to load resource: the server responded with a status of 429 (TOO MANY REQUESTS) @ http://localhost:5173/api/market/JNJ:0
[   50438ms] [ERROR] Failed to load resource: the server responded with a status of 429 (TOO MANY REQUESTS) @ http://localhost:5173/api/market/DSP:0
[   50438ms] [ERROR] Failed to load resource: the server responded with a status of 429 (TOO MANY REQUESTS) @ http://localhost:5173/api/market/MS:0
[   55124ms] [ERROR] Failed to load resource: the server responded with a status of 429 (TOO MANY REQUESTS) @ http://localhost:5173/api/market/MS:0
[   55124ms] [ERROR] Failed to load resource: the server responded with a status of 429 (TOO MANY REQUESTS) @ http://localhost:5173/api/market/DSP:0
[   55124ms] [ERROR] Failed to load resource: the server responded with a status of 429 (TOO MANY REQUESTS) @ http://localhost:5173/api/market/TSE:0
[   55124ms] [ERROR] Failed to load resource: the server responded with a status of 429 (TOO MANY REQUESTS) @ http://localhost:5173/api/market/JNJ:0
[   60133ms] [ERROR] Failed to load resource: the server responded with a status of 429 (TOO MANY REQUESTS) @ http://localhost:5173/api/market/MS:0
[   60134ms] [ERROR] Failed to load resource: the server responded with a status of 429 (TOO MANY REQUESTS) @ http://localhost:5173/api/market/TSE:0
[   60134ms] [ERROR] Failed to load resource: the server responded with a status of 429 (TOO MANY REQUESTS) @ http://localhost:5173/api/market/DSP:0
[   60134ms] [ERROR] Failed to load resource: the server responded with a status of 429 (TOO MANY REQUESTS) @ http://localhost:5173/api/market/JNJ:0
[   60516ms] [ERROR] Failed to load resource: the server responded with a status of 404 (NOT FOUND) @ http://localhost:5173/api/market/TSE:0
[   65176ms] [ERROR] Failed to load resource: the server responded with a status of 404 (NOT FOUND) @ http://localhost:5173/api/market/TSE:0
[   70176ms] [ERROR] Failed to load resource: the server responded with a status of 404 (NOT FOUND) @ http://localhost:5173/api/market/TSE:0
[   70533ms] [ERROR] Failed to load resource: the server responded with a status of 404 (NOT FOUND) @ http://localhost:5173/api/market/TSE:0
[   75182ms] [ERROR] Failed to load resource: the server responded with a status of 404 (NOT FOUND) @ http://localhost:5173/api/market/TSE:0
[   80215ms] [ERROR] Failed to load resource: the server responded with a status of 404 (NOT FOUND) @ http://localhost:5173/api/market/TSE:0
[   80532ms] [ERROR] Failed to load resource: the server responded with a status of 404 (NOT FOUND) @ http://localhost:5173/api/market/TSE:0
[   85227ms] [ERROR] Failed to load resource: the server responded with a status of 404 (NOT FOUND) @ http://localhost:5173/api/market/TSE:0
[   90183ms] [ERROR] Failed to load resource: the server responded with a status of 404 (NOT FOUND) @ http://localhost:5173/api/market/TSE:0
[   90535ms] [ERROR] Failed to load resource: the server responded with a status of 404 (NOT FOUND) @ http://localhost:5173/api/market/TSE:0
[   95182ms] [ERROR] Failed to load resource: the server responded with a status of 404 (NOT FOUND) @ http://localhost:5173/api/market/TSE:0
[  100177ms] [ERROR] Failed to load resource: the server responded with a status of 404 (NOT FOUND) @ http://localhost:5173/api/market/TSE:0
[  100522ms] [ERROR] Failed to load resource: the server responded with a status of 404 (NOT FOUND) @ http://localhost:5173/api/market/TSE:0
[  105213ms] [ERROR] Failed to load resource: the server responded with a status of 404 (NOT FOUND) @ http://localhost:5173/api/market/TSE:0
[  110183ms] [ERROR] Failed to load resource: the server responded with a status of 404 (NOT FOUND) @ http://localhost:5173/api/market/TSE:0
[  110434ms] [ERROR] Failed to load resource: the server responded with a status of 429 (TOO MANY REQUESTS) @ http://localhost:5173/api/market/DSP:0
[  110437ms] [ERROR] Failed to load resource: the server responded with a status of 429 (TOO MANY REQUESTS) @ http://localhost:5173/api/market/JNJ:0
[  110437ms] [ERROR] Failed to load resource: the server responded with a status of 429 (TOO MANY REQUESTS) @ http://localhost:5173/api/market/MS:0
[  110438ms] [ERROR] Failed to load resource: the server responded with a status of 429 (TOO MANY REQUESTS) @ http://localhost:5173/api/market/TSE:0
[  115120ms] [ERROR] Failed to load resource: the server responded with a status of 429 (TOO MANY REQUESTS) @ http://localhost:5173/api/market/DSP:0
[  115120ms] [ERROR] Failed to load resource: the server responded with a status of 429 (TOO MANY REQUESTS) @ http://localhost:5173/api/market/MS:0
[  120233ms] [ERROR] Failed to load resource: the server responded with a status of 429 (TOO MANY REQUESTS) @ http://localhost:5173/api/market/DSP:0
[  120233ms] [ERROR] Failed to load resource: the server responded with a status of 429 (TOO MANY REQUESTS) @ http://localhost:5173/api/market/MS:0
