[     285ms] [VERBOSE] [DOM] Password forms should have (optionally hidden) username fields for accessibility: (More info: https://goo.gl/9p2vKq) %o @ http://localhost:5173/terminal:0
[     363ms] [ERROR] Failed to load resource: the server responded with a status of 429 (TOO MANY REQUESTS) @ http://localhost:5173/api/market/MS:0
[     363ms] [ERROR] Failed to load resource: the server responded with a status of 429 (TOO MANY REQUESTS) @ http://localhost:5173/api/market/DSP:0
[     363ms] [ERROR] Failed to load resource: the server responded with a status of 429 (TOO MANY REQUESTS) @ http://localhost:5173/api/market/TSE:0
[     377ms] [ERROR] Failed to load resource: the server responded with a status of 429 (TOO MANY REQUESTS) @ http://localhost:5173/api/market/JNJ:0
[     377ms] [ERROR] Failed to load resource: the server responded with a status of 429 (TOO MANY REQUESTS) @ http://localhost:5173/api/market/GLD:0
[     377ms] [ERROR] Failed to load resource: the server responded with a status of 429 (TOO MANY REQUESTS) @ http://localhost:5173/api/market/ASML:0
[     378ms] [ERROR] Failed to load resource: the server responded with a status of 429 (TOO MANY REQUESTS) @ http://localhost:5173/api/market/TWST:0
[     527ms] [ERROR] Failed to load resource: the server responded with a status of 429 (TOO MANY REQUESTS) @ http://localhost:5173/api/market/MS:0
[     527ms] [ERROR] Failed to load resource: the server responded with a status of 429 (TOO MANY REQUESTS) @ http://localhost:5173/api/market/TSE:0
[     527ms] [ERROR] Failed to load resource: the server responded with a status of 429 (TOO MANY REQUESTS) @ http://localhost:5173/api/market/DSP:0
[     527ms] [ERROR] Failed to load resource: the server responded with a status of 429 (TOO MANY REQUESTS) @ http://localhost:5173/api/market/JNJ:0
[     527ms] [ERROR] Failed to load resource: the server responded with a status of 429 (TOO MANY REQUESTS) @ http://localhost:5173/api/market/ASML:0
[     527ms] [ERROR] Failed to load resource: the server responded with a status of 429 (TOO MANY REQUESTS) @ http://localhost:5173/api/market/GLD:0
[     527ms] [ERROR] Failed to load resource: the server responded with a status of 429 (TOO MANY REQUESTS) @ http://localhost:5173/api/market/TWST:0
[    5132ms] [ERROR] Failed to load resource: the server responded with a status of 429 (TOO MANY REQUESTS) @ http://localhost:5173/api/market/MS:0
[    5132ms] [ERROR] Failed to load resource: the server responded with a status of 429 (TOO MANY REQUESTS) @ http://localhost:5173/api/market/DSP:0
[    5132ms] [ERROR] Failed to load resource: the server responded with a status of 429 (TOO MANY REQUESTS) @ http://localhost:5173/api/market/TSE:0
[    5132ms] [ERROR] Failed to load resource: the server responded with a status of 429 (TOO MANY REQUESTS) @ http://localhost:5173/api/market/ASML:0
[    5133ms] [ERROR] Failed to load resource: the server responded with a status of 429 (TOO MANY REQUESTS) @ http://localhost:5173/api/market/TWST:0
[    5133ms] [ERROR] Failed to load resource: the server responded with a status of 429 (TOO MANY REQUESTS) @ http://localhost:5173/api/market/JNJ:0
[    5133ms] [ERROR] Failed to load resource: the server responded with a status of 429 (TOO MANY REQUESTS) @ http://localhost:5173/api/market/GLD:0
[   10130ms] [ERROR] Failed to load resource: the server responded with a status of 429 (TOO MANY REQUESTS) @ http://localhost:5173/api/market/TSE:0
[   10133ms] [ERROR] Failed to load resource: the server responded with a status of 429 (TOO MANY REQUESTS) @ http://localhost:5173/api/market/DSP:0
[   10133ms] [ERROR] Failed to load resource: the server responded with a status of 429 (TOO MANY REQUESTS) @ http://localhost:5173/api/market/JNJ:0
[   10133ms] [ERROR] Failed to load resource: the server responded with a status of 429 (TOO MANY REQUESTS) @ http://localhost:5173/api/market/GLD:0
[   10133ms] [ERROR] Failed to load resource: the server responded with a status of 429 (TOO MANY REQUESTS) @ http://localhost:5173/api/market/MS:0
[   10133ms] [ERROR] Failed to load resource: the server responded with a status of 429 (TOO MANY REQUESTS) @ http://localhost:5173/api/market/ASML:0
[   10133ms] [ERROR] Failed to load resource: the server responded with a status of 429 (TOO MANY REQUESTS) @ http://localhost:5173/api/market/TWST:0
[   10495ms] [ERROR] Failed to load resource: the server responded with a status of 429 (TOO MANY REQUESTS) @ http://localhost:5173/api/market/ASML:0
[   10495ms] [ERROR] Failed to load resource: the server responded with a status of 429 (TOO MANY REQUESTS) @ http://localhost:5173/api/market/DSP:0
[   10496ms] [ERROR] Failed to load resource: the server responded with a status of 429 (TOO MANY REQUESTS) @ http://localhost:5173/api/market/MS:0
[   10496ms] [ERROR] Failed to load resource: the server responded with a status of 429 (TOO MANY REQUESTS) @ http://localhost:5173/api/market/JNJ:0
[   10496ms] [ERROR] Failed to load resource: the server responded with a status of 429 (TOO MANY REQUESTS) @ http://localhost:5173/api/market/TWST:0
[   10496ms] [ERROR] Failed to load resource: the server responded with a status of 429 (TOO MANY REQUESTS) @ http://localhost:5173/api/market/TSE:0
[   10499ms] [ERROR] Failed to load resource: the server responded with a status of 429 (TOO MANY REQUESTS) @ http://localhost:5173/api/market/GLD:0
[   15166ms] [ERROR] Failed to load resource: the server responded with a status of 429 (TOO MANY REQUESTS) @ http://localhost:5173/api/market/TSE:0
[   15166ms] [ERROR] Failed to load resource: the server responded with a status of 429 (TOO MANY REQUESTS) @ http://localhost:5173/api/market/MS:0
[   15166ms] [ERROR] Failed to load resource: the server responded with a status of 429 (TOO MANY REQUESTS) @ http://localhost:5173/api/market/JNJ:0
[   15167ms] [ERROR] Failed to load resource: the server responded with a status of 429 (TOO MANY REQUESTS) @ http://localhost:5173/api/market/DSP:0
[   15167ms] [ERROR] Failed to load resource: the server responded with a status of 429 (TOO MANY REQUESTS) @ http://localhost:5173/api/market/ASML:0
[   15167ms] [ERROR] Failed to load resource: the server responded with a status of 429 (TOO MANY REQUESTS) @ http://localhost:5173/api/market/GLD:0
[   15167ms] [ERROR] Failed to load resource: the server responded with a status of 429 (TOO MANY REQUESTS) @ http://localhost:5173/api/market/TWST:0
[   20129ms] [ERROR] Failed to load resource: the server responded with a status of 429 (TOO MANY REQUESTS) @ http://localhost:5173/api/market/MS:0
[   20132ms] [ERROR] Failed to load resource: the server responded with a status of 429 (TOO MANY REQUESTS) @ http://localhost:5173/api/market/JNJ:0
[   20132ms] [ERROR] Failed to load resource: the server responded with a status of 429 (TOO MANY REQUESTS) @ http://localhost:5173/api/market/ASML:0
[   20132ms] [ERROR] Failed to load resource: the server responded with a status of 429 (TOO MANY REQUESTS) @ http://localhost:5173/api/market/DSP:0
[   20132ms] [ERROR] Failed to load resource: the server responded with a status of 429 (TOO MANY REQUESTS) @ http://localhost:5173/api/market/TSE:0
[   20132ms] [ERROR] Failed to load resource: the server responded with a status of 429 (TOO MANY REQUESTS) @ http://localhost:5173/api/market/TWST:0
[   20132ms] [ERROR] Failed to load resource: the server responded with a status of 429 (TOO MANY REQUESTS) @ http://localhost:5173/api/market/GLD:0
[   20490ms] [ERROR] Failed to load resource: the server responded with a status of 429 (TOO MANY REQUESTS) @ http://localhost:5173/api/market/TWST:0
[   20490ms] [ERROR] Failed to load resource: the server responded with a status of 429 (TOO MANY REQUESTS) @ http://localhost:5173/api/market/DSP:0
[   20491ms] [ERROR] Failed to load resource: the server responded with a status of 429 (TOO MANY REQUESTS) @ http://localhost:5173/api/market/MS:0
[   20492ms] [ERROR] Failed to load resource: the server responded with a status of 429 (TOO MANY REQUESTS) @ http://localhost:5173/api/market/ASML:0
[   20493ms] [ERROR] Failed to load resource: the server responded with a status of 429 (TOO MANY REQUESTS) @ http://localhost:5173/api/market/JNJ:0
[   20494ms] [ERROR] Failed to load resource: the server responded with a status of 429 (TOO MANY REQUESTS) @ http://localhost:5173/api/market/TSE:0
[   20495ms] [ERROR] Failed to load resource: the server responded with a status of 429 (TOO MANY REQUESTS) @ http://localhost:5173/api/market/GLD:0
[   25122ms] [ERROR] Failed to load resource: the server responded with a status of 429 (TOO MANY REQUESTS) @ http://localhost:5173/api/market/MS:0
[   25122ms] [ERROR] Failed to load resource: the server responded with a status of 429 (TOO MANY REQUESTS) @ http://localhost:5173/api/market/JNJ:0
[   25122ms] [ERROR] Failed to load resource: the server responded with a status of 429 (TOO MANY REQUESTS) @ http://localhost:5173/api/market/TSE:0
[   25122ms] [ERROR] Failed to load resource: the server responded with a status of 429 (TOO MANY REQUESTS) @ http://localhost:5173/api/market/ASML:0
[   25122ms] [ERROR] Failed to load resource: the server responded with a status of 429 (TOO MANY REQUESTS) @ http://localhost:5173/api/market/DSP:0
[   25122ms] [ERROR] Failed to load resource: the server responded with a status of 429 (TOO MANY REQUESTS) @ http://localhost:5173/api/market/GLD:0
[   25123ms] [ERROR] Failed to load resource: the server responded with a status of 429 (TOO MANY REQUESTS) @ http://localhost:5173/api/market/TWST:0
[   30130ms] [ERROR] Failed to load resource: the server responded with a status of 429 (TOO MANY REQUESTS) @ http://localhost:5173/api/market/DSP:0
[   30130ms] [ERROR] Failed to load resource: the server responded with a status of 429 (TOO MANY REQUESTS) @ http://localhost:5173/api/market/MS:0
[   30130ms] [ERROR] Failed to load resource: the server responded with a status of 429 (TOO MANY REQUESTS) @ http://localhost:5173/api/market/JNJ:0
[   30130ms] [ERROR] Failed to load resource: the server responded with a status of 429 (TOO MANY REQUESTS) @ http://localhost:5173/api/market/ASML:0
[   30131ms] [ERROR] Failed to load resource: the server responded with a status of 429 (TOO MANY REQUESTS) @ http://localhost:5173/api/market/TSE:0
[   30131ms] [ERROR] Failed to load resource: the server responded with a status of 429 (TOO MANY REQUESTS) @ http://localhost:5173/api/market/TWST:0
[   30131ms] [ERROR] Failed to load resource: the server responded with a status of 429 (TOO MANY REQUESTS) @ http://localhost:5173/api/market/GLD:0
[   30484ms] [ERROR] Failed to load resource: the server responded with a status of 429 (TOO MANY REQUESTS) @ http://localhost:5173/api/market/MS:0
[   30485ms] [ERROR] Failed to load resource: the server responded with a status of 429 (TOO MANY REQUESTS) @ http://localhost:5173/api/market/DSP:0
[   30491ms] [ERROR] Failed to load resource: the server responded with a status of 429 (TOO MANY REQUESTS) @ http://localhost:5173/api/market/JNJ:0
[   30495ms] [ERROR] Failed to load resource: the server responded with a status of 429 (TOO MANY REQUESTS) @ http://localhost:5173/api/market/TSE:0
[   30496ms] [ERROR] Failed to load resource: the server responded with a status of 429 (TOO MANY REQUESTS) @ http://localhost:5173/api/market/ASML:0
[   30496ms] [ERROR] Failed to load resource: the server responded with a status of 429 (TOO MANY REQUESTS) @ http://localhost:5173/api/market/TWST:0
[   30496ms] [ERROR] Failed to load resource: the server responded with a status of 429 (TOO MANY REQUESTS) @ http://localhost:5173/api/market/GLD:0
[   35184ms] [ERROR] Failed to load resource: the server responded with a status of 404 (NOT FOUND) @ http://localhost:5173/api/market/TSE:0
[   40193ms] [ERROR] Failed to load resource: the server responded with a status of 404 (NOT FOUND) @ http://localhost:5173/api/market/TSE:0
[   40571ms] [ERROR] Failed to load resource: the server responded with a status of 404 (NOT FOUND) @ http://localhost:5173/api/market/TSE:0
[   45204ms] [ERROR] Failed to load resource: the server responded with a status of 404 (NOT FOUND) @ http://localhost:5173/api/market/TSE:0
[   50189ms] [ERROR] Failed to load resource: the server responded with a status of 404 (NOT FOUND) @ http://localhost:5173/api/market/TSE:0
[   50569ms] [ERROR] Failed to load resource: the server responded with a status of 404 (NOT FOUND) @ http://localhost:5173/api/market/TSE:0
[   55226ms] [ERROR] Failed to load resource: the server responded with a status of 404 (NOT FOUND) @ http://localhost:5173/api/market/TSE:0
[   60196ms] [ERROR] Failed to load resource: the server responded with a status of 404 (NOT FOUND) @ http://localhost:5173/api/market/TSE:0
[   60496ms] [ERROR] Failed to load resource: the server responded with a status of 429 (TOO MANY REQUESTS) @ http://localhost:5173/api/market/TWST:0
[   60496ms] [ERROR] Failed to load resource: the server responded with a status of 429 (TOO MANY REQUESTS) @ http://localhost:5173/api/market/JNJ:0
[   60499ms] [ERROR] Failed to load resource: the server responded with a status of 429 (TOO MANY REQUESTS) @ http://localhost:5173/api/market/GLD:0
[   60578ms] [ERROR] Failed to load resource: the server responded with a status of 404 (NOT FOUND) @ http://localhost:5173/api/market/TSE:0
[   65124ms] [ERROR] Failed to load resource: the server responded with a status of 429 (TOO MANY REQUESTS) @ http://localhost:5173/api/market/DSP:0
[   65124ms] [ERROR] Failed to load resource: the server responded with a status of 429 (TOO MANY REQUESTS) @ http://localhost:5173/api/market/TSE:0
[   65124ms] [ERROR] Failed to load resource: the server responded with a status of 429 (TOO MANY REQUESTS) @ http://localhost:5173/api/market/JNJ:0
[   65124ms] [ERROR] Failed to load resource: the server responded with a status of 429 (TOO MANY REQUESTS) @ http://localhost:5173/api/market/ASML:0
[   65124ms] [ERROR] Failed to load resource: the server responded with a status of 429 (TOO MANY REQUESTS) @ http://localhost:5173/api/market/MS:0
[   65124ms] [ERROR] Failed to load resource: the server responded with a status of 429 (TOO MANY REQUESTS) @ http://localhost:5173/api/market/TWST:0
[   70131ms] [ERROR] Failed to load resource: the server responded with a status of 429 (TOO MANY REQUESTS) @ http://localhost:5173/api/market/TSE:0
[   70131ms] [ERROR] Failed to load resource: the server responded with a status of 429 (TOO MANY REQUESTS) @ http://localhost:5173/api/market/MS:0
[   70131ms] [ERROR] Failed to load resource: the server responded with a status of 429 (TOO MANY REQUESTS) @ http://localhost:5173/api/market/TWST:0
[   70131ms] [ERROR] Failed to load resource: the server responded with a status of 429 (TOO MANY REQUESTS) @ http://localhost:5173/api/market/ASML:0
[   70131ms] [ERROR] Failed to load resource: the server responded with a status of 429 (TOO MANY REQUESTS) @ http://localhost:5173/api/market/DSP:0
[   70131ms] [ERROR] Failed to load resource: the server responded with a status of 429 (TOO MANY REQUESTS) @ http://localhost:5173/api/market/JNJ:0
[   70486ms] [ERROR] Failed to load resource: the server responded with a status of 429 (TOO MANY REQUESTS) @ http://localhost:5173/api/market/TSE:0
[   70494ms] [ERROR] Failed to load resource: the server responded with a status of 429 (TOO MANY REQUESTS) @ http://localhost:5173/api/market/MS:0
[   70494ms] [ERROR] Failed to load resource: the server responded with a status of 429 (TOO MANY REQUESTS) @ http://localhost:5173/api/market/DSP:0
[   70494ms] [ERROR] Failed to load resource: the server responded with a status of 429 (TOO MANY REQUESTS) @ http://localhost:5173/api/market/ASML:0
[   70494ms] [ERROR] Failed to load resource: the server responded with a status of 429 (TOO MANY REQUESTS) @ http://localhost:5173/api/market/TWST:0
[   70495ms] [ERROR] Failed to load resource: the server responded with a status of 429 (TOO MANY REQUESTS) @ http://localhost:5173/api/market/JNJ:0
[   75139ms] [ERROR] Failed to load resource: the server responded with a status of 429 (TOO MANY REQUESTS) @ http://localhost:5173/api/market/ASML:0
[   75139ms] [ERROR] Failed to load resource: the server responded with a status of 429 (TOO MANY REQUESTS) @ http://localhost:5173/api/market/TSE:0
[   75139ms] [ERROR] Failed to load resource: the server responded with a status of 429 (TOO MANY REQUESTS) @ http://localhost:5173/api/market/DSP:0
[   75139ms] [ERROR] Failed to load resource: the server responded with a status of 429 (TOO MANY REQUESTS) @ http://localhost:5173/api/market/JNJ:0
[   75139ms] [ERROR] Failed to load resource: the server responded with a status of 429 (TOO MANY REQUESTS) @ http://localhost:5173/api/market/MS:0
[   75139ms] [ERROR] Failed to load resource: the server responded with a status of 429 (TOO MANY REQUESTS) @ http://localhost:5173/api/market/TWST:0
[   80122ms] [ERROR] Failed to load resource: the server responded with a status of 429 (TOO MANY REQUESTS) @ http://localhost:5173/api/market/MS:0
[   80122ms] [ERROR] Failed to load resource: the server responded with a status of 429 (TOO MANY REQUESTS) @ http://localhost:5173/api/market/TSE:0
[   80122ms] [ERROR] Failed to load resource: the server responded with a status of 429 (TOO MANY REQUESTS) @ http://localhost:5173/api/market/JNJ:0
[   80122ms] [ERROR] Failed to load resource: the server responded with a status of 429 (TOO MANY REQUESTS) @ http://localhost:5173/api/market/ASML:0
[   80122ms] [ERROR] Failed to load resource: the server responded with a status of 429 (TOO MANY REQUESTS) @ http://localhost:5173/api/market/DSP:0
[   80122ms] [ERROR] Failed to load resource: the server responded with a status of 429 (TOO MANY REQUESTS) @ http://localhost:5173/api/market/TWST:0
[   80486ms] [ERROR] Failed to load resource: the server responded with a status of 429 (TOO MANY REQUESTS) @ http://localhost:5173/api/market/MS:0
[   80490ms] [ERROR] Failed to load resource: the server responded with a status of 429 (TOO MANY REQUESTS) @ http://localhost:5173/api/market/TSE:0
[   80493ms] [ERROR] Failed to load resource: the server responded with a status of 429 (TOO MANY REQUESTS) @ http://localhost:5173/api/market/DSP:0
[   80494ms] [ERROR] Failed to load resource: the server responded with a status of 429 (TOO MANY REQUESTS) @ http://localhost:5173/api/market/JNJ:0
[   80494ms] [ERROR] Failed to load resource: the server responded with a status of 429 (TOO MANY REQUESTS) @ http://localhost:5173/api/market/TWST:0
[   80497ms] [ERROR] Failed to load resource: the server responded with a status of 429 (TOO MANY REQUESTS) @ http://localhost:5173/api/market/ASML:0
[   85136ms] [ERROR] Failed to load resource: the server responded with a status of 429 (TOO MANY REQUESTS) @ http://localhost:5173/api/market/JNJ:0
[   85136ms] [ERROR] Failed to load resource: the server responded with a status of 429 (TOO MANY REQUESTS) @ http://localhost:5173/api/market/MS:0
[   85136ms] [ERROR] Failed to load resource: the server responded with a status of 429 (TOO MANY REQUESTS) @ http://localhost:5173/api/market/ASML:0
[   85136ms] [ERROR] Failed to load resource: the server responded with a status of 429 (TOO MANY REQUESTS) @ http://localhost:5173/api/market/DSP:0
[   85136ms] [ERROR] Failed to load resource: the server responded with a status of 429 (TOO MANY REQUESTS) @ http://localhost:5173/api/market/TWST:0
[   85136ms] [ERROR] Failed to load resource: the server responded with a status of 429 (TOO MANY REQUESTS) @ http://localhost:5173/api/market/TSE:0
[   90131ms] [ERROR] Failed to load resource: the server responded with a status of 429 (TOO MANY REQUESTS) @ http://localhost:5173/api/market/ASML:0
[   90131ms] [ERROR] Failed to load resource: the server responded with a status of 429 (TOO MANY REQUESTS) @ http://localhost:5173/api/market/JNJ:0
[   90131ms] [ERROR] Failed to load resource: the server responded with a status of 429 (TOO MANY REQUESTS) @ http://localhost:5173/api/market/DSP:0
[   90131ms] [ERROR] Failed to load resource: the server responded with a status of 429 (TOO MANY REQUESTS) @ http://localhost:5173/api/market/TSE:0
[   90131ms] [ERROR] Failed to load resource: the server responded with a status of 429 (TOO MANY REQUESTS) @ http://localhost:5173/api/market/TWST:0
[   90132ms] [ERROR] Failed to load resource: the server responded with a status of 429 (TOO MANY REQUESTS) @ http://localhost:5173/api/market/MS:0
[   90489ms] [ERROR] Failed to load resource: the server responded with a status of 429 (TOO MANY REQUESTS) @ http://localhost:5173/api/market/ASML:0
[   90489ms] [ERROR] Failed to load resource: the server responded with a status of 429 (TOO MANY REQUESTS) @ http://localhost:5173/api/market/TSE:0
[   90493ms] [ERROR] Failed to load resource: the server responded with a status of 429 (TOO MANY REQUESTS) @ http://localhost:5173/api/market/JNJ:0
[   90493ms] [ERROR] Failed to load resource: the server responded with a status of 429 (TOO MANY REQUESTS) @ http://localhost:5173/api/market/DSP:0
[   90493ms] [ERROR] Failed to load resource: the server responded with a status of 429 (TOO MANY REQUESTS) @ http://localhost:5173/api/market/MS:0
[   90494ms] [ERROR] Failed to load resource: the server responded with a status of 429 (TOO MANY REQUESTS) @ http://localhost:5173/api/market/TWST:0
[   95133ms] [ERROR] Failed to load resource: the server responded with a status of 429 (TOO MANY REQUESTS) @ http://localhost:5173/api/market/ASML:0
[   95133ms] [ERROR] Failed to load resource: the server responded with a status of 429 (TOO MANY REQUESTS) @ http://localhost:5173/api/market/TSE:0
[  100240ms] [ERROR] Failed to load resource: the server responded with a status of 404 (NOT FOUND) @ http://localhost:5173/api/market/TSE:0
[  100567ms] [ERROR] Failed to load resource: the server responded with a status of 404 (NOT FOUND) @ http://localhost:5173/api/market/TSE:0
[  105185ms] [ERROR] Failed to load resource: the server responded with a status of 404 (NOT FOUND) @ http://localhost:5173/api/market/TSE:0
[  110203ms] [ERROR] Failed to load resource: the server responded with a status of 404 (NOT FOUND) @ http://localhost:5173/api/market/TSE:0
[  110575ms] [ERROR] Failed to load resource: the server responded with a status of 404 (NOT FOUND) @ http://localhost:5173/api/market/TSE:0
[  115280ms] [ERROR] Failed to load resource: the server responded with a status of 404 (NOT FOUND) @ http://localhost:5173/api/market/TSE:0
[  120217ms] [ERROR] Failed to load resource: the server responded with a status of 404 (NOT FOUND) @ http://localhost:5173/api/market/TSE:0
[  120687ms] [ERROR] Failed to load resource: the server responded with a status of 404 (NOT FOUND) @ http://localhost:5173/api/market/TSE:0
[  125212ms] [ERROR] Failed to load resource: the server responded with a status of 404 (NOT FOUND) @ http://localhost:5173/api/market/TSE:0
[  130123ms] [ERROR] Failed to load resource: the server responded with a status of 429 (TOO MANY REQUESTS) @ http://localhost:5173/api/market/MS:0
[  130124ms] [ERROR] Failed to load resource: the server responded with a status of 429 (TOO MANY REQUESTS) @ http://localhost:5173/api/market/JNJ:0
[  130124ms] [ERROR] Failed to load resource: the server responded with a status of 429 (TOO MANY REQUESTS) @ http://localhost:5173/api/market/TWST:0
[  130124ms] [ERROR] Failed to load resource: the server responded with a status of 429 (TOO MANY REQUESTS) @ http://localhost:5173/api/market/TSE:0
[  130487ms] [ERROR] Failed to load resource: the server responded with a status of 429 (TOO MANY REQUESTS) @ http://localhost:5173/api/market/DSP:0
[  130489ms] [ERROR] Failed to load resource: the server responded with a status of 429 (TOO MANY REQUESTS) @ http://localhost:5173/api/market/MS:0
[  130490ms] [ERROR] Failed to load resource: the server responded with a status of 429 (TOO MANY REQUESTS) @ http://localhost:5173/api/market/JNJ:0
[  130493ms] [ERROR] Failed to load resource: the server responded with a status of 429 (TOO MANY REQUESTS) @ http://localhost:5173/api/market/TSE:0
[  130494ms] [ERROR] Failed to load resource: the server responded with a status of 429 (TOO MANY REQUESTS) @ http://localhost:5173/api/market/TWST:0
[  130494ms] [ERROR] Failed to load resource: the server responded with a status of 429 (TOO MANY REQUESTS) @ http://localhost:5173/api/market/ASML:0
[  135136ms] [ERROR] Failed to load resource: the server responded with a status of 429 (TOO MANY REQUESTS) @ http://localhost:5173/api/market/MS:0
[  135136ms] [ERROR] Failed to load resource: the server responded with a status of 429 (TOO MANY REQUESTS) @ http://localhost:5173/api/market/ASML:0
[  135137ms] [ERROR] Failed to load resource: the server responded with a status of 429 (TOO MANY REQUESTS) @ http://localhost:5173/api/market/DSP:0
[  135137ms] [ERROR] Failed to load resource: the server responded with a status of 429 (TOO MANY REQUESTS) @ http://localhost:5173/api/market/TSE:0
[  135137ms] [ERROR] Failed to load resource: the server responded with a status of 429 (TOO MANY REQUESTS) @ http://localhost:5173/api/market/JNJ:0
[  135137ms] [ERROR] Failed to load resource: the server responded with a status of 429 (TOO MANY REQUESTS) @ http://localhost:5173/api/market/TWST:0
[  140123ms] [ERROR] Failed to load resource: the server responded with a status of 429 (TOO MANY REQUESTS) @ http://localhost:5173/api/market/TSE:0
[  140124ms] [ERROR] Failed to load resource: the server responded with a status of 429 (TOO MANY REQUESTS) @ http://localhost:5173/api/market/MS:0
[  140124ms] [ERROR] Failed to load resource: the server responded with a status of 429 (TOO MANY REQUESTS) @ http://localhost:5173/api/market/JNJ:0
[  140124ms] [ERROR] Failed to load resource: the server responded with a status of 429 (TOO MANY REQUESTS) @ http://localhost:5173/api/market/DSP:0
[  140124ms] [ERROR] Failed to load resource: the server responded with a status of 429 (TOO MANY REQUESTS) @ http://localhost:5173/api/market/TWST:0
[  140124ms] [ERROR] Failed to load resource: the server responded with a status of 429 (TOO MANY REQUESTS) @ http://localhost:5173/api/market/ASML:0
[  140492ms] [ERROR] Failed to load resource: the server responded with a status of 429 (TOO MANY REQUESTS) @ http://localhost:5173/api/market/JNJ:0
[  140492ms] [ERROR] Failed to load resource: the server responded with a status of 429 (TOO MANY REQUESTS) @ http://localhost:5173/api/market/ASML:0
[  140493ms] [ERROR] Failed to load resource: the server responded with a status of 429 (TOO MANY REQUESTS) @ http://localhost:5173/api/market/TSE:0
[  140493ms] [ERROR] Failed to load resource: the server responded with a status of 429 (TOO MANY REQUESTS) @ http://localhost:5173/api/market/MS:0
[  140494ms] [ERROR] Failed to load resource: the server responded with a status of 429 (TOO MANY REQUESTS) @ http://localhost:5173/api/market/DSP:0
[  140494ms] [ERROR] Failed to load resource: the server responded with a status of 429 (TOO MANY REQUESTS) @ http://localhost:5173/api/market/TWST:0
[  145126ms] [ERROR] Failed to load resource: the server responded with a status of 429 (TOO MANY REQUESTS) @ http://localhost:5173/api/market/TSE:0
[  145126ms] [ERROR] Failed to load resource: the server responded with a status of 429 (TOO MANY REQUESTS) @ http://localhost:5173/api/market/DSP:0
[  145126ms] [ERROR] Failed to load resource: the server responded with a status of 429 (TOO MANY REQUESTS) @ http://localhost:5173/api/market/MS:0
[  145126ms] [ERROR] Failed to load resource: the server responded with a status of 429 (TOO MANY REQUESTS) @ http://localhost:5173/api/market/JNJ:0
[  145127ms] [ERROR] Failed to load resource: the server responded with a status of 429 (TOO MANY REQUESTS) @ http://localhost:5173/api/market/TWST:0
[  145127ms] [ERROR] Failed to load resource: the server responded with a status of 429 (TOO MANY REQUESTS) @ http://localhost:5173/api/market/ASML:0
[  150131ms] [ERROR] Failed to load resource: the server responded with a status of 429 (TOO MANY REQUESTS) @ http://localhost:5173/api/market/MS:0
[  150131ms] [ERROR] Failed to load resource: the server responded with a status of 429 (TOO MANY REQUESTS) @ http://localhost:5173/api/market/ASML:0
[  150131ms] [ERROR] Failed to load resource: the server responded with a status of 429 (TOO MANY REQUESTS) @ http://localhost:5173/api/market/DSP:0
[  150131ms] [ERROR] Failed to load resource: the server responded with a status of 429 (TOO MANY REQUESTS) @ http://localhost:5173/api/market/TSE:0
[  150131ms] [ERROR] Failed to load resource: the server responded with a status of 429 (TOO MANY REQUESTS) @ http://localhost:5173/api/market/TWST:0
[  150132ms] [ERROR] Failed to load resource: the server responded with a status of 429 (TOO MANY REQUESTS) @ http://localhost:5173/api/market/JNJ:0
[  150489ms] [ERROR] Failed to load resource: the server responded with a status of 429 (TOO MANY REQUESTS) @ http://localhost:5173/api/market/JNJ:0
[  150490ms] [ERROR] Failed to load resource: the server responded with a status of 429 (TOO MANY REQUESTS) @ http://localhost:5173/api/market/ASML:0
[  150493ms] [ERROR] Failed to load resource: the server responded with a status of 429 (TOO MANY REQUESTS) @ http://localhost:5173/api/market/TSE:0
[  150493ms] [ERROR] Failed to load resource: the server responded with a status of 429 (TOO MANY REQUESTS) @ http://localhost:5173/api/market/TWST:0
[  150494ms] [ERROR] Failed to load resource: the server responded with a status of 429 (TOO MANY REQUESTS) @ http://localhost:5173/api/market/DSP:0
[  150494ms] [ERROR] Failed to load resource: the server responded with a status of 429 (TOO MANY REQUESTS) @ http://localhost:5173/api/market/MS:0
[  155176ms] [ERROR] Failed to load resource: the server responded with a status of 404 (NOT FOUND) @ http://localhost:5173/api/market/TSE:0
[  160183ms] [ERROR] Failed to load resource: the server responded with a status of 404 (NOT FOUND) @ http://localhost:5173/api/market/TSE:0
[  160573ms] [ERROR] Failed to load resource: the server responded with a status of 404 (NOT FOUND) @ http://localhost:5173/api/market/TSE:0
[  165226ms] [ERROR] Failed to load resource: the server responded with a status of 404 (NOT FOUND) @ http://localhost:5173/api/market/TSE:0
[  170224ms] [ERROR] Failed to load resource: the server responded with a status of 404 (NOT FOUND) @ http://localhost:5173/api/market/TSE:0
[  170590ms] [ERROR] Failed to load resource: the server responded with a status of 404 (NOT FOUND) @ http://localhost:5173/api/market/TSE:0
[  175199ms] [ERROR] Failed to load resource: the server responded with a status of 404 (NOT FOUND) @ http://localhost:5173/api/market/TSE:0
[  180184ms] [ERROR] Failed to load resource: the server responded with a status of 404 (NOT FOUND) @ http://localhost:5173/api/market/TSE:0
[  180589ms] [ERROR] Failed to load resource: the server responded with a status of 404 (NOT FOUND) @ http://localhost:5173/api/market/TSE:0
[  185191ms] [ERROR] Failed to load resource: the server responded with a status of 404 (NOT FOUND) @ http://localhost:5173/api/market/TSE:0
[  190124ms] [ERROR] Failed to load resource: the server responded with a status of 429 (TOO MANY REQUESTS) @ http://localhost:5173/api/market/JNJ:0
[  190125ms] [ERROR] Failed to load resource: the server responded with a status of 429 (TOO MANY REQUESTS) @ http://localhost:5173/api/market/DSP:0
[  190125ms] [ERROR] Failed to load resource: the server responded with a status of 429 (TOO MANY REQUESTS) @ http://localhost:5173/api/market/MS:0
[  190125ms] [ERROR] Failed to load resource: the server responded with a status of 429 (TOO MANY REQUESTS) @ http://localhost:5173/api/market/TSE:0
[  190125ms] [ERROR] Failed to load resource: the server responded with a status of 429 (TOO MANY REQUESTS) @ http://localhost:5173/api/market/ASML:0
[  190125ms] [ERROR] Failed to load resource: the server responded with a status of 429 (TOO MANY REQUESTS) @ http://localhost:5173/api/market/TWST:0
[  190489ms] [ERROR] Failed to load resource: the server responded with a status of 429 (TOO MANY REQUESTS) @ http://localhost:5173/api/market/MS:0
[  190491ms] [ERROR] Failed to load resource: the server responded with a status of 429 (TOO MANY REQUESTS) @ http://localhost:5173/api/market/DSP:0
[  190492ms] [ERROR] Failed to load resource: the server responded with a status of 429 (TOO MANY REQUESTS) @ http://localhost:5173/api/market/JNJ:0
[  190492ms] [ERROR] Failed to load resource: the server responded with a status of 429 (TOO MANY REQUESTS) @ http://localhost:5173/api/market/ASML:0
[  190493ms] [ERROR] Failed to load resource: the server responded with a status of 429 (TOO MANY REQUESTS) @ http://localhost:5173/api/market/TWST:0
[  190493ms] [ERROR] Failed to load resource: the server responded with a status of 429 (TOO MANY REQUESTS) @ http://localhost:5173/api/market/TSE:0
[  195134ms] [ERROR] Failed to load resource: the server responded with a status of 429 (TOO MANY REQUESTS) @ http://localhost:5173/api/market/TSE:0
[  195134ms] [ERROR] Failed to load resource: the server responded with a status of 429 (TOO MANY REQUESTS) @ http://localhost:5173/api/market/JNJ:0
[  195134ms] [ERROR] Failed to load resource: the server responded with a status of 429 (TOO MANY REQUESTS) @ http://localhost:5173/api/market/ASML:0
[  195135ms] [ERROR] Failed to load resource: the server responded with a status of 429 (TOO MANY REQUESTS) @ http://localhost:5173/api/market/DSP:0
[  195135ms] [ERROR] Failed to load resource: the server responded with a status of 429 (TOO MANY REQUESTS) @ http://localhost:5173/api/market/MS:0
[  195135ms] [ERROR] Failed to load resource: the server responded with a status of 429 (TOO MANY REQUESTS) @ http://localhost:5173/api/market/TWST:0
[  200129ms] [ERROR] Failed to load resource: the server responded with a status of 429 (TOO MANY REQUESTS) @ http://localhost:5173/api/market/DSP:0
[  200129ms] [ERROR] Failed to load resource: the server responded with a status of 429 (TOO MANY REQUESTS) @ http://localhost:5173/api/market/MS:0
[  200129ms] [ERROR] Failed to load resource: the server responded with a status of 429 (TOO MANY REQUESTS) @ http://localhost:5173/api/market/ASML:0
[  200129ms] [ERROR] Failed to load resource: the server responded with a status of 429 (TOO MANY REQUESTS) @ http://localhost:5173/api/market/TSE:0
[  200130ms] [ERROR] Failed to load resource: the server responded with a status of 429 (TOO MANY REQUESTS) @ http://localhost:5173/api/market/JNJ:0
[  200130ms] [ERROR] Failed to load resource: the server responded with a status of 429 (TOO MANY REQUESTS) @ http://localhost:5173/api/market/TWST:0
[  200486ms] [ERROR] Failed to load resource: the server responded with a status of 429 (TOO MANY REQUESTS) @ http://localhost:5173/api/market/MS:0
[  200489ms] [ERROR] Failed to load resource: the server responded with a status of 429 (TOO MANY REQUESTS) @ http://localhost:5173/api/market/TSE:0
[  200490ms] [ERROR] Failed to load resource: the server responded with a status of 429 (TOO MANY REQUESTS) @ http://localhost:5173/api/market/TWST:0
[  200492ms] [ERROR] Failed to load resource: the server responded with a status of 429 (TOO MANY REQUESTS) @ http://localhost:5173/api/market/DSP:0
[  200492ms] [ERROR] Failed to load resource: the server responded with a status of 429 (TOO MANY REQUESTS) @ http://localhost:5173/api/market/ASML:0
[  200492ms] [ERROR] Failed to load resource: the server responded with a status of 429 (TOO MANY REQUESTS) @ http://localhost:5173/api/market/JNJ:0
[  205124ms] [ERROR] Failed to load resource: the server responded with a status of 429 (TOO MANY REQUESTS) @ http://localhost:5173/api/market/DSP:0
[  205124ms] [ERROR] Failed to load resource: the server responded with a status of 429 (TOO MANY REQUESTS) @ http://localhost:5173/api/market/MS:0
[  205124ms] [ERROR] Failed to load resource: the server responded with a status of 429 (TOO MANY REQUESTS) @ http://localhost:5173/api/market/JNJ:0
[  205124ms] [ERROR] Failed to load resource: the server responded with a status of 429 (TOO MANY REQUESTS) @ http://localhost:5173/api/market/TWST:0
[  205124ms] [ERROR] Failed to load resource: the server responded with a status of 429 (TOO MANY REQUESTS) @ http://localhost:5173/api/market/ASML:0
[  205124ms] [ERROR] Failed to load resource: the server responded with a status of 429 (TOO MANY REQUESTS) @ http://localhost:5173/api/market/TSE:0
[  210133ms] [ERROR] Failed to load resource: the server responded with a status of 429 (TOO MANY REQUESTS) @ http://localhost:5173/api/market/DSP:0
[  210133ms] [ERROR] Failed to load resource: the server responded with a status of 429 (TOO MANY REQUESTS) @ http://localhost:5173/api/market/JNJ:0
[  210133ms] [ERROR] Failed to load resource: the server responded with a status of 429 (TOO MANY REQUESTS) @ http://localhost:5173/api/market/MS:0
[  210133ms] [ERROR] Failed to load resource: the server responded with a status of 429 (TOO MANY REQUESTS) @ http://localhost:5173/api/market/TSE:0
[  210133ms] [ERROR] Failed to load resource: the server responded with a status of 429 (TOO MANY REQUESTS) @ http://localhost:5173/api/market/ASML:0
[  210133ms] [ERROR] Failed to load resource: the server responded with a status of 429 (TOO MANY REQUESTS) @ http://localhost:5173/api/market/TWST:0
[  210485ms] [ERROR] Failed to load resource: the server responded with a status of 429 (TOO MANY REQUESTS) @ http://localhost:5173/api/market/TSE:0
[  210488ms] [ERROR] Failed to load resource: the server responded with a status of 429 (TOO MANY REQUESTS) @ http://localhost:5173/api/market/JNJ:0
[  210491ms] [ERROR] Failed to load resource: the server responded with a status of 429 (TOO MANY REQUESTS) @ http://localhost:5173/api/market/MS:0
[  210491ms] [ERROR] Failed to load resource: the server responded with a status of 429 (TOO MANY REQUESTS) @ http://localhost:5173/api/market/DSP:0
[  210492ms] [ERROR] Failed to load resource: the server responded with a status of 429 (TOO MANY REQUESTS) @ http://localhost:5173/api/market/TWST:0
[  210492ms] [ERROR] Failed to load resource: the server responded with a status of 429 (TOO MANY REQUESTS) @ http://localhost:5173/api/market/ASML:0
[  215122ms] [ERROR] Failed to load resource: the server responded with a status of 429 (TOO MANY REQUESTS) @ http://localhost:5173/api/market/DSP:0
[  215122ms] [ERROR] Failed to load resource: the server responded with a status of 429 (TOO MANY REQUESTS) @ http://localhost:5173/api/market/MS:0
[  215199ms] [ERROR] Failed to load resource: the server responded with a status of 404 (NOT FOUND) @ http://localhost:5173/api/market/TSE:0
[  220181ms] [ERROR] Failed to load resource: the server responded with a status of 404 (NOT FOUND) @ http://localhost:5173/api/market/TSE:0
[  220627ms] [ERROR] Failed to load resource: the server responded with a status of 404 (NOT FOUND) @ http://localhost:5173/api/market/TSE:0
[  225189ms] [ERROR] Failed to load resource: the server responded with a status of 404 (NOT FOUND) @ http://localhost:5173/api/market/TSE:0
[  230190ms] [ERROR] Failed to load resource: the server responded with a status of 404 (NOT FOUND) @ http://localhost:5173/api/market/TSE:0
[  230568ms] [ERROR] Failed to load resource: the server responded with a status of 404 (NOT FOUND) @ http://localhost:5173/api/market/TSE:0
[  235234ms] [ERROR] Failed to load resource: the server responded with a status of 404 (NOT FOUND) @ http://localhost:5173/api/market/TSE:0
[  240196ms] [ERROR] Failed to load resource: the server responded with a status of 404 (NOT FOUND) @ http://localhost:5173/api/market/TSE:0
[  240681ms] [ERROR] Failed to load resource: the server responded with a status of 404 (NOT FOUND) @ http://localhost:5173/api/market/TSE:0
[  245184ms] [ERROR] Failed to load resource: the server responded with a status of 404 (NOT FOUND) @ http://localhost:5173/api/market/TSE:0
[  250122ms] [ERROR] Failed to load resource: the server responded with a status of 429 (TOO MANY REQUESTS) @ http://localhost:5173/api/market/TWST:0
[  250122ms] [ERROR] Failed to load resource: the server responded with a status of 429 (TOO MANY REQUESTS) @ http://localhost:5173/api/market/ASML:0
[  250123ms] [ERROR] Failed to load resource: the server responded with a status of 429 (TOO MANY REQUESTS) @ http://localhost:5173/api/market/TSE:0
[  250123ms] [ERROR] Failed to load resource: the server responded with a status of 429 (TOO MANY REQUESTS) @ http://localhost:5173/api/market/DSP:0
[  250486ms] [ERROR] Failed to load resource: the server responded with a status of 429 (TOO MANY REQUESTS) @ http://localhost:5173/api/market/JNJ:0
[  250487ms] [ERROR] Failed to load resource: the server responded with a status of 429 (TOO MANY REQUESTS) @ http://localhost:5173/api/market/MS:0
[  250489ms] [ERROR] Failed to load resource: the server responded with a status of 429 (TOO MANY REQUESTS) @ http://localhost:5173/api/market/DSP:0
[  250490ms] [ERROR] Failed to load resource: the server responded with a status of 429 (TOO MANY REQUESTS) @ http://localhost:5173/api/market/TSE:0
[  250492ms] [ERROR] Failed to load resource: the server responded with a status of 429 (TOO MANY REQUESTS) @ http://localhost:5173/api/market/ASML:0
[  250492ms] [ERROR] Failed to load resource: the server responded with a status of 429 (TOO MANY REQUESTS) @ http://localhost:5173/api/market/TWST:0
[  255123ms] [ERROR] Failed to load resource: the server responded with a status of 429 (TOO MANY REQUESTS) @ http://localhost:5173/api/market/MS:0
[  255123ms] [ERROR] Failed to load resource: the server responded with a status of 429 (TOO MANY REQUESTS) @ http://localhost:5173/api/market/TSE:0
[  255123ms] [ERROR] Failed to load resource: the server responded with a status of 429 (TOO MANY REQUESTS) @ http://localhost:5173/api/market/DSP:0
[  255123ms] [ERROR] Failed to load resource: the server responded with a status of 429 (TOO MANY REQUESTS) @ http://localhost:5173/api/market/ASML:0
[  255123ms] [ERROR] Failed to load resource: the server responded with a status of 429 (TOO MANY REQUESTS) @ http://localhost:5173/api/market/JNJ:0
[  255123ms] [ERROR] Failed to load resource: the server responded with a status of 429 (TOO MANY REQUESTS) @ http://localhost:5173/api/market/TWST:0
[  260121ms] [ERROR] Failed to load resource: the server responded with a status of 429 (TOO MANY REQUESTS) @ http://localhost:5173/api/market/MS:0
[  260121ms] [ERROR] Failed to load resource: the server responded with a status of 429 (TOO MANY REQUESTS) @ http://localhost:5173/api/market/DSP:0
[  260121ms] [ERROR] Failed to load resource: the server responded with a status of 429 (TOO MANY REQUESTS) @ http://localhost:5173/api/market/ASML:0
[  260121ms] [ERROR] Failed to load resource: the server responded with a status of 429 (TOO MANY REQUESTS) @ http://localhost:5173/api/market/JNJ:0
[  260121ms] [ERROR] Failed to load resource: the server responded with a status of 429 (TOO MANY REQUESTS) @ http://localhost:5173/api/market/TSE:0
[  260121ms] [ERROR] Failed to load resource: the server responded with a status of 429 (TOO MANY REQUESTS) @ http://localhost:5173/api/market/TWST:0
[  260492ms] [ERROR] Failed to load resource: the server responded with a status of 429 (TOO MANY REQUESTS) @ http://localhost:5173/api/market/ASML:0
[  260493ms] [ERROR] Failed to load resource: the server responded with a status of 429 (TOO MANY REQUESTS) @ http://localhost:5173/api/market/MS:0
[  260493ms] [ERROR] Failed to load resource: the server responded with a status of 429 (TOO MANY REQUESTS) @ http://localhost:5173/api/market/JNJ:0
[  260493ms] [ERROR] Failed to load resource: the server responded with a status of 429 (TOO MANY REQUESTS) @ http://localhost:5173/api/market/TSE:0
[  260493ms] [ERROR] Failed to load resource: the server responded with a status of 429 (TOO MANY REQUESTS) @ http://localhost:5173/api/market/TWST:0
[  260495ms] [ERROR] Failed to load resource: the server responded with a status of 429 (TOO MANY REQUESTS) @ http://localhost:5173/api/market/DSP:0
[  265122ms] [ERROR] Failed to load resource: the server responded with a status of 429 (TOO MANY REQUESTS) @ http://localhost:5173/api/market/MS:0
[  265122ms] [ERROR] Failed to load resource: the server responded with a status of 429 (TOO MANY REQUESTS) @ http://localhost:5173/api/market/DSP:0
[  265122ms] [ERROR] Failed to load resource: the server responded with a status of 429 (TOO MANY REQUESTS) @ http://localhost:5173/api/market/TSE:0
[  265122ms] [ERROR] Failed to load resource: the server responded with a status of 429 (TOO MANY REQUESTS) @ http://localhost:5173/api/market/ASML:0
[  265122ms] [ERROR] Failed to load resource: the server responded with a status of 429 (TOO MANY REQUESTS) @ http://localhost:5173/api/market/JNJ:0
[  265123ms] [ERROR] Failed to load resource: the server responded with a status of 429 (TOO MANY REQUESTS) @ http://localhost:5173/api/market/TWST:0
[  270130ms] [ERROR] Failed to load resource: the server responded with a status of 429 (TOO MANY REQUESTS) @ http://localhost:5173/api/market/ASML:0
[  270131ms] [ERROR] Failed to load resource: the server responded with a status of 429 (TOO MANY REQUESTS) @ http://localhost:5173/api/market/JNJ:0
[  270131ms] [ERROR] Failed to load resource: the server responded with a status of 429 (TOO MANY REQUESTS) @ http://localhost:5173/api/market/MS:0
[  270131ms] [ERROR] Failed to load resource: the server responded with a status of 429 (TOO MANY REQUESTS) @ http://localhost:5173/api/market/DSP:0
[  270131ms] [ERROR] Failed to load resource: the server responded with a status of 429 (TOO MANY REQUESTS) @ http://localhost:5173/api/market/TWST:0
[  270131ms] [ERROR] Failed to load resource: the server responded with a status of 429 (TOO MANY REQUESTS) @ http://localhost:5173/api/market/TSE:0
[  270486ms] [ERROR] Failed to load resource: the server responded with a status of 429 (TOO MANY REQUESTS) @ http://localhost:5173/api/market/MS:0
[  270488ms] [ERROR] Failed to load resource: the server responded with a status of 429 (TOO MANY REQUESTS) @ http://localhost:5173/api/market/TWST:0
[  270492ms] [ERROR] Failed to load resource: the server responded with a status of 429 (TOO MANY REQUESTS) @ http://localhost:5173/api/market/ASML:0
[  270493ms] [ERROR] Failed to load resource: the server responded with a status of 429 (TOO MANY REQUESTS) @ http://localhost:5173/api/market/JNJ:0
[  270494ms] [ERROR] Failed to load resource: the server responded with a status of 429 (TOO MANY REQUESTS) @ http://localhost:5173/api/market/TSE:0
[  270494ms] [ERROR] Failed to load resource: the server responded with a status of 429 (TOO MANY REQUESTS) @ http://localhost:5173/api/market/DSP:0
[  275122ms] [ERROR] Failed to load resource: the server responded with a status of 429 (TOO MANY REQUESTS) @ http://localhost:5173/api/market/TSE:0
[  275122ms] [ERROR] Failed to load resource: the server responded with a status of 429 (TOO MANY REQUESTS) @ http://localhost:5173/api/market/DSP:0
[  280221ms] [ERROR] Failed to load resource: the server responded with a status of 404 (NOT FOUND) @ http://localhost:5173/api/market/TSE:0
[  280595ms] [ERROR] Failed to load resource: the server responded with a status of 404 (NOT FOUND) @ http://localhost:5173/api/market/TSE:0
[  285196ms] [ERROR] Failed to load resource: the server responded with a status of 404 (NOT FOUND) @ http://localhost:5173/api/market/TSE:0
[  290232ms] [ERROR] Failed to load resource: the server responded with a status of 404 (NOT FOUND) @ http://localhost:5173/api/market/TSE:0
[  290589ms] [ERROR] Failed to load resource: the server responded with a status of 404 (NOT FOUND) @ http://localhost:5173/api/market/TSE:0
[  295186ms] [ERROR] Failed to load resource: the server responded with a status of 404 (NOT FOUND) @ http://localhost:5173/api/market/TSE:0
[  300227ms] [ERROR] Failed to load resource: the server responded with a status of 404 (NOT FOUND) @ http://localhost:5173/api/market/TSE:0
[  300624ms] [ERROR] Failed to load resource: the server responded with a status of 404 (NOT FOUND) @ http://localhost:5173/api/market/TSE:0
[  305186ms] [ERROR] Failed to load resource: the server responded with a status of 404 (NOT FOUND) @ http://localhost:5173/api/market/TSE:0
[  310122ms] [ERROR] Failed to load resource: the server responded with a status of 429 (TOO MANY REQUESTS) @ http://localhost:5173/api/market/TSE:0
[  310122ms] [ERROR] Failed to load resource: the server responded with a status of 429 (TOO MANY REQUESTS) @ http://localhost:5173/api/market/JNJ:0
[  310122ms] [ERROR] Failed to load resource: the server responded with a status of 429 (TOO MANY REQUESTS) @ http://localhost:5173/api/market/TWST:0
[  310122ms] [ERROR] Failed to load resource: the server responded with a status of 429 (TOO MANY REQUESTS) @ http://localhost:5173/api/market/MS:0
[  310485ms] [ERROR] Failed to load resource: the server responded with a status of 429 (TOO MANY REQUESTS) @ http://localhost:5173/api/market/MS:0
[  310488ms] [ERROR] Failed to load resource: the server responded with a status of 429 (TOO MANY REQUESTS) @ http://localhost:5173/api/market/ASML:0
[  310489ms] [ERROR] Failed to load resource: the server responded with a status of 429 (TOO MANY REQUESTS) @ http://localhost:5173/api/market/DSP:0
[  310493ms] [ERROR] Failed to load resource: the server responded with a status of 429 (TOO MANY REQUESTS) @ http://localhost:5173/api/market/TSE:0
[  310493ms] [ERROR] Failed to load resource: the server responded with a status of 429 (TOO MANY REQUESTS) @ http://localhost:5173/api/market/TWST:0
[  310493ms] [ERROR] Failed to load resource: the server responded with a status of 429 (TOO MANY REQUESTS) @ http://localhost:5173/api/market/JNJ:0
[  315130ms] [ERROR] Failed to load resource: the server responded with a status of 429 (TOO MANY REQUESTS) @ http://localhost:5173/api/market/TSE:0
[  315130ms] [ERROR] Failed to load resource: the server responded with a status of 429 (TOO MANY REQUESTS) @ http://localhost:5173/api/market/ASML:0
[  315130ms] [ERROR] Failed to load resource: the server responded with a status of 429 (TOO MANY REQUESTS) @ http://localhost:5173/api/market/MS:0
[  315131ms] [ERROR] Failed to load resource: the server responded with a status of 429 (TOO MANY REQUESTS) @ http://localhost:5173/api/market/JNJ:0
[  315131ms] [ERROR] Failed to load resource: the server responded with a status of 429 (TOO MANY REQUESTS) @ http://localhost:5173/api/market/TWST:0
[  315131ms] [ERROR] Failed to load resource: the server responded with a status of 429 (TOO MANY REQUESTS) @ http://localhost:5173/api/market/DSP:0
[  320124ms] [ERROR] Failed to load resource: the server responded with a status of 429 (TOO MANY REQUESTS) @ http://localhost:5173/api/market/TSE:0
[  320124ms] [ERROR] Failed to load resource: the server responded with a status of 429 (TOO MANY REQUESTS) @ http://localhost:5173/api/market/ASML:0
[  320124ms] [ERROR] Failed to load resource: the server responded with a status of 429 (TOO MANY REQUESTS) @ http://localhost:5173/api/market/JNJ:0
[  320124ms] [ERROR] Failed to load resource: the server responded with a status of 429 (TOO MANY REQUESTS) @ http://localhost:5173/api/market/MS:0
[  320125ms] [ERROR] Failed to load resource: the server responded with a status of 429 (TOO MANY REQUESTS) @ http://localhost:5173/api/market/DSP:0
[  320125ms] [ERROR] Failed to load resource: the server responded with a status of 429 (TOO MANY REQUESTS) @ http://localhost:5173/api/market/TWST:0
[  320484ms] [ERROR] Failed to load resource: the server responded with a status of 429 (TOO MANY REQUESTS) @ http://localhost:5173/api/market/MS:0
[  320489ms] [ERROR] Failed to load resource: the server responded with a status of 429 (TOO MANY REQUESTS) @ http://localhost:5173/api/market/DSP:0
[  320490ms] [ERROR] Failed to load resource: the server responded with a status of 429 (TOO MANY REQUESTS) @ http://localhost:5173/api/market/TSE:0
[  320493ms] [ERROR] Failed to load resource: the server responded with a status of 429 (TOO MANY REQUESTS) @ http://localhost:5173/api/market/ASML:0
[  320494ms] [ERROR] Failed to load resource: the server responded with a status of 429 (TOO MANY REQUESTS) @ http://localhost:5173/api/market/JNJ:0
[  320495ms] [ERROR] Failed to load resource: the server responded with a status of 429 (TOO MANY REQUESTS) @ http://localhost:5173/api/market/TWST:0
[  325122ms] [ERROR] Failed to load resource: the server responded with a status of 429 (TOO MANY REQUESTS) @ http://localhost:5173/api/market/MS:0
[  325122ms] [ERROR] Failed to load resource: the server responded with a status of 429 (TOO MANY REQUESTS) @ http://localhost:5173/api/market/JNJ:0
[  325122ms] [ERROR] Failed to load resource: the server responded with a status of 429 (TOO MANY REQUESTS) @ http://localhost:5173/api/market/DSP:0
[  325122ms] [ERROR] Failed to load resource: the server responded with a status of 429 (TOO MANY REQUESTS) @ http://localhost:5173/api/market/TSE:0
[  325122ms] [ERROR] Failed to load resource: the server responded with a status of 429 (TOO MANY REQUESTS) @ http://localhost:5173/api/market/TWST:0
[  325122ms] [ERROR] Failed to load resource: the server responded with a status of 429 (TOO MANY REQUESTS) @ http://localhost:5173/api/market/ASML:0
[  330101ms] [ERROR] Failed to load resource: the server responded with a status of 429 (TOO MANY REQUESTS) @ http://localhost:5173/api/market/TSE:0
[  330107ms] [ERROR] Failed to load resource: the server responded with a status of 429 (TOO MANY REQUESTS) @ http://localhost:5173/api/market/DSP:0
[  330143ms] [ERROR] Failed to load resource: the server responded with a status of 429 (TOO MANY REQUESTS) @ http://localhost:5173/api/market/TWST:0
[  330143ms] [ERROR] Failed to load resource: the server responded with a status of 429 (TOO MANY REQUESTS) @ http://localhost:5173/api/market/MS:0
[  330144ms] [ERROR] Failed to load resource: the server responded with a status of 429 (TOO MANY REQUESTS) @ http://localhost:5173/api/market/ASML:0
[  330144ms] [ERROR] Failed to load resource: the server responded with a status of 429 (TOO MANY REQUESTS) @ http://localhost:5173/api/market/JNJ:0
[  330486ms] [ERROR] Failed to load resource: the server responded with a status of 429 (TOO MANY REQUESTS) @ http://localhost:5173/api/market/ASML:0
[  330490ms] [ERROR] Failed to load resource: the server responded with a status of 429 (TOO MANY REQUESTS) @ http://localhost:5173/api/market/TSE:0
[  330491ms] [ERROR] Failed to load resource: the server responded with a status of 429 (TOO MANY REQUESTS) @ http://localhost:5173/api/market/TWST:0
[  330494ms] [ERROR] Failed to load resource: the server responded with a status of 429 (TOO MANY REQUESTS) @ http://localhost:5173/api/market/JNJ:0
[  330494ms] [ERROR] Failed to load resource: the server responded with a status of 429 (TOO MANY REQUESTS) @ http://localhost:5173/api/market/MS:0
[  330494ms] [ERROR] Failed to load resource: the server responded with a status of 429 (TOO MANY REQUESTS) @ http://localhost:5173/api/market/DSP:0
[  335188ms] [ERROR] Failed to load resource: the server responded with a status of 404 (NOT FOUND) @ http://localhost:5173/api/market/TSE:0
[  340179ms] [ERROR] Failed to load resource: the server responded with a status of 404 (NOT FOUND) @ http://localhost:5173/api/market/TSE:0
[  340757ms] [ERROR] Failed to load resource: the server responded with a status of 404 (NOT FOUND) @ http://localhost:5173/api/market/TSE:0
[  345203ms] [ERROR] Failed to load resource: the server responded with a status of 404 (NOT FOUND) @ http://localhost:5173/api/market/TSE:0
[  350216ms] [ERROR] Failed to load resource: the server responded with a status of 404 (NOT FOUND) @ http://localhost:5173/api/market/TSE:0
[  350678ms] [ERROR] Failed to load resource: the server responded with a status of 404 (NOT FOUND) @ http://localhost:5173/api/market/TSE:0
[  355195ms] [ERROR] Failed to load resource: the server responded with a status of 404 (NOT FOUND) @ http://localhost:5173/api/market/TSE:0
[  360249ms] [ERROR] Failed to load resource: the server responded with a status of 404 (NOT FOUND) @ http://localhost:5173/api/market/TSE:0
[  360581ms] [ERROR] Failed to load resource: the server responded with a status of 404 (NOT FOUND) @ http://localhost:5173/api/market/TSE:0
[  365193ms] [ERROR] Failed to load resource: the server responded with a status of 404 (NOT FOUND) @ http://localhost:5173/api/market/TSE:0
[  370122ms] [ERROR] Failed to load resource: the server responded with a status of 429 (TOO MANY REQUESTS) @ http://localhost:5173/api/market/ASML:0
[  370122ms] [ERROR] Failed to load resource: the server responded with a status of 429 (TOO MANY REQUESTS) @ http://localhost:5173/api/market/MS:0
[  370123ms] [ERROR] Failed to load resource: the server responded with a status of 429 (TOO MANY REQUESTS) @ http://localhost:5173/api/market/DSP:0
[  370123ms] [ERROR] Failed to load resource: the server responded with a status of 429 (TOO MANY REQUESTS) @ http://localhost:5173/api/market/TWST:0
[  370123ms] [ERROR] Failed to load resource: the server responded with a status of 429 (TOO MANY REQUESTS) @ http://localhost:5173/api/market/TSE:0
[  370123ms] [ERROR] Failed to load resource: the server responded with a status of 429 (TOO MANY REQUESTS) @ http://localhost:5173/api/market/JNJ:0
[  370489ms] [ERROR] Failed to load resource: the server responded with a status of 429 (TOO MANY REQUESTS) @ http://localhost:5173/api/market/JNJ:0
[  370490ms] [ERROR] Failed to load resource: the server responded with a status of 429 (TOO MANY REQUESTS) @ http://localhost:5173/api/market/TSE:0
[  370492ms] [ERROR] Failed to load resource: the server responded with a status of 429 (TOO MANY REQUESTS) @ http://localhost:5173/api/market/TWST:0
[  370492ms] [ERROR] Failed to load resource: the server responded with a status of 429 (TOO MANY REQUESTS) @ http://localhost:5173/api/market/DSP:0
[  370492ms] [ERROR] Failed to load resource: the server responded with a status of 429 (TOO MANY REQUESTS) @ http://localhost:5173/api/market/ASML:0
[  370493ms] [ERROR] Failed to load resource: the server responded with a status of 429 (TOO MANY REQUESTS) @ http://localhost:5173/api/market/MS:0
[  375121ms] [ERROR] Failed to load resource: the server responded with a status of 429 (TOO MANY REQUESTS) @ http://localhost:5173/api/market/TWST:0
[  375122ms] [ERROR] Failed to load resource: the server responded with a status of 429 (TOO MANY REQUESTS) @ http://localhost:5173/api/market/DSP:0
[  375122ms] [ERROR] Failed to load resource: the server responded with a status of 429 (TOO MANY REQUESTS) @ http://localhost:5173/api/market/JNJ:0
[  375122ms] [ERROR] Failed to load resource: the server responded with a status of 429 (TOO MANY REQUESTS) @ http://localhost:5173/api/market/TSE:0
[  375122ms] [ERROR] Failed to load resource: the server responded with a status of 429 (TOO MANY REQUESTS) @ http://localhost:5173/api/market/ASML:0
[  375122ms] [ERROR] Failed to load resource: the server responded with a status of 429 (TOO MANY REQUESTS) @ http://localhost:5173/api/market/MS:0
[  380128ms] [ERROR] Failed to load resource: the server responded with a status of 429 (TOO MANY REQUESTS) @ http://localhost:5173/api/market/ASML:0
[  380128ms] [ERROR] Failed to load resource: the server responded with a status of 429 (TOO MANY REQUESTS) @ http://localhost:5173/api/market/TSE:0
[  380128ms] [ERROR] Failed to load resource: the server responded with a status of 429 (TOO MANY REQUESTS) @ http://localhost:5173/api/market/DSP:0
[  380128ms] [ERROR] Failed to load resource: the server responded with a status of 429 (TOO MANY REQUESTS) @ http://localhost:5173/api/market/MS:0
[  380128ms] [ERROR] Failed to load resource: the server responded with a status of 429 (TOO MANY REQUESTS) @ http://localhost:5173/api/market/JNJ:0
[  380128ms] [ERROR] Failed to load resource: the server responded with a status of 429 (TOO MANY REQUESTS) @ http://localhost:5173/api/market/TWST:0
[  380486ms] [ERROR] Failed to load resource: the server responded with a status of 429 (TOO MANY REQUESTS) @ http://localhost:5173/api/market/JNJ:0
[  380488ms] [ERROR] Failed to load resource: the server responded with a status of 429 (TOO MANY REQUESTS) @ http://localhost:5173/api/market/DSP:0
[  380490ms] [ERROR] Failed to load resource: the server responded with a status of 429 (TOO MANY REQUESTS) @ http://localhost:5173/api/market/ASML:0
[  380491ms] [ERROR] Failed to load resource: the server responded with a status of 429 (TOO MANY REQUESTS) @ http://localhost:5173/api/market/TWST:0
[  380492ms] [ERROR] Failed to load resource: the server responded with a status of 429 (TOO MANY REQUESTS) @ http://localhost:5173/api/market/MS:0
[  380492ms] [ERROR] Failed to load resource: the server responded with a status of 429 (TOO MANY REQUESTS) @ http://localhost:5173/api/market/TSE:0
[  385141ms] [ERROR] Failed to load resource: the server responded with a status of 429 (TOO MANY REQUESTS) @ http://localhost:5173/api/market/MS:0
[  385141ms] [ERROR] Failed to load resource: the server responded with a status of 429 (TOO MANY REQUESTS) @ http://localhost:5173/api/market/DSP:0
[  385142ms] [ERROR] Failed to load resource: the server responded with a status of 429 (TOO MANY REQUESTS) @ http://localhost:5173/api/market/JNJ:0
[  385142ms] [ERROR] Failed to load resource: the server responded with a status of 429 (TOO MANY REQUESTS) @ http://localhost:5173/api/market/TSE:0
[  385142ms] [ERROR] Failed to load resource: the server responded with a status of 429 (TOO MANY REQUESTS) @ http://localhost:5173/api/market/TWST:0
[  385142ms] [ERROR] Failed to load resource: the server responded with a status of 429 (TOO MANY REQUESTS) @ http://localhost:5173/api/market/ASML:0
[  390131ms] [ERROR] Failed to load resource: the server responded with a status of 429 (TOO MANY REQUESTS) @ http://localhost:5173/api/market/DSP:0
[  390131ms] [ERROR] Failed to load resource: the server responded with a status of 429 (TOO MANY REQUESTS) @ http://localhost:5173/api/market/TSE:0
[  390131ms] [ERROR] Failed to load resource: the server responded with a status of 429 (TOO MANY REQUESTS) @ http://localhost:5173/api/market/MS:0
[  390131ms] [ERROR] Failed to load resource: the server responded with a status of 429 (TOO MANY REQUESTS) @ http://localhost:5173/api/market/JNJ:0
[  390131ms] [ERROR] Failed to load resource: the server responded with a status of 429 (TOO MANY REQUESTS) @ http://localhost:5173/api/market/TWST:0
[  390131ms] [ERROR] Failed to load resource: the server responded with a status of 429 (TOO MANY REQUESTS) @ http://localhost:5173/api/market/ASML:0
[  390491ms] [ERROR] Failed to load resource: the server responded with a status of 429 (TOO MANY REQUESTS) @ http://localhost:5173/api/market/MS:0
[  390492ms] [ERROR] Failed to load resource: the server responded with a status of 429 (TOO MANY REQUESTS) @ http://localhost:5173/api/market/TSE:0
[  390492ms] [ERROR] Failed to load resource: the server responded with a status of 429 (TOO MANY REQUESTS) @ http://localhost:5173/api/market/DSP:0
[  390493ms] [ERROR] Failed to load resource: the server responded with a status of 429 (TOO MANY REQUESTS) @ http://localhost:5173/api/market/ASML:0
[  390493ms] [ERROR] Failed to load resource: the server responded with a status of 429 (TOO MANY REQUESTS) @ http://localhost:5173/api/market/JNJ:0
[  390493ms] [ERROR] Failed to load resource: the server responded with a status of 429 (TOO MANY REQUESTS) @ http://localhost:5173/api/market/TWST:0
[  395196ms] [ERROR] Failed to load resource: the server responded with a status of 404 (NOT FOUND) @ http://localhost:5173/api/market/TSE:0
[  400177ms] [ERROR] Failed to load resource: the server responded with a status of 404 (NOT FOUND) @ http://localhost:5173/api/market/TSE:0
[  400596ms] [ERROR] Failed to load resource: the server responded with a status of 404 (NOT FOUND) @ http://localhost:5173/api/market/TSE:0
[  405198ms] [ERROR] Failed to load resource: the server responded with a status of 404 (NOT FOUND) @ http://localhost:5173/api/market/TSE:0
[  410177ms] [ERROR] Failed to load resource: the server responded with a status of 404 (NOT FOUND) @ http://localhost:5173/api/market/TSE:0
[  410574ms] [ERROR] Failed to load resource: the server responded with a status of 404 (NOT FOUND) @ http://localhost:5173/api/market/TSE:0
[  415188ms] [ERROR] Failed to load resource: the server responded with a status of 404 (NOT FOUND) @ http://localhost:5173/api/market/TSE:0
[  420272ms] [ERROR] Failed to load resource: the server responded with a status of 404 (NOT FOUND) @ http://localhost:5173/api/market/TSE:0
[  420568ms] [ERROR] Failed to load resource: the server responded with a status of 404 (NOT FOUND) @ http://localhost:5173/api/market/TSE:0
[  425198ms] [ERROR] Failed to load resource: the server responded with a status of 404 (NOT FOUND) @ http://localhost:5173/api/market/TSE:0
[  430099ms] [ERROR] Failed to load resource: the server responded with a status of 429 (TOO MANY REQUESTS) @ http://localhost:5173/api/market/MS:0
[  430103ms] [ERROR] Failed to load resource: the server responded with a status of 429 (TOO MANY REQUESTS) @ http://localhost:5173/api/market/DSP:0
[  430141ms] [ERROR] Failed to load resource: the server responded with a status of 429 (TOO MANY REQUESTS) @ http://localhost:5173/api/market/TSE:0
[  430141ms] [ERROR] Failed to load resource: the server responded with a status of 429 (TOO MANY REQUESTS) @ http://localhost:5173/api/market/JNJ:0
[  430141ms] [ERROR] Failed to load resource: the server responded with a status of 429 (TOO MANY REQUESTS) @ http://localhost:5173/api/market/ASML:0
[  430142ms] [ERROR] Failed to load resource: the server responded with a status of 429 (TOO MANY REQUESTS) @ http://localhost:5173/api/market/TWST:0
[  430484ms] [ERROR] Failed to load resource: the server responded with a status of 429 (TOO MANY REQUESTS) @ http://localhost:5173/api/market/MS:0
[  430488ms] [ERROR] Failed to load resource: the server responded with a status of 429 (TOO MANY REQUESTS) @ http://localhost:5173/api/market/DSP:0
[  430490ms] [ERROR] Failed to load resource: the server responded with a status of 429 (TOO MANY REQUESTS) @ http://localhost:5173/api/market/TWST:0
[  430491ms] [ERROR] Failed to load resource: the server responded with a status of 429 (TOO MANY REQUESTS) @ http://localhost:5173/api/market/TSE:0
[  430493ms] [ERROR] Failed to load resource: the server responded with a status of 429 (TOO MANY REQUESTS) @ http://localhost:5173/api/market/JNJ:0
[  430494ms] [ERROR] Failed to load resource: the server responded with a status of 429 (TOO MANY REQUESTS) @ http://localhost:5173/api/market/ASML:0
[  435136ms] [ERROR] Failed to load resource: the server responded with a status of 429 (TOO MANY REQUESTS) @ http://localhost:5173/api/market/MS:0
[  435136ms] [ERROR] Failed to load resource: the server responded with a status of 429 (TOO MANY REQUESTS) @ http://localhost:5173/api/market/DSP:0
[  435136ms] [ERROR] Failed to load resource: the server responded with a status of 429 (TOO MANY REQUESTS) @ http://localhost:5173/api/market/JNJ:0
[  435136ms] [ERROR] Failed to load resource: the server responded with a status of 429 (TOO MANY REQUESTS) @ http://localhost:5173/api/market/TSE:0
[  435136ms] [ERROR] Failed to load resource: the server responded with a status of 429 (TOO MANY REQUESTS) @ http://localhost:5173/api/market/TWST:0
[  435136ms] [ERROR] Failed to load resource: the server responded with a status of 429 (TOO MANY REQUESTS) @ http://localhost:5173/api/market/ASML:0
[  440123ms] [ERROR] Failed to load resource: the server responded with a status of 429 (TOO MANY REQUESTS) @ http://localhost:5173/api/market/TWST:0
[  440123ms] [ERROR] Failed to load resource: the server responded with a status of 429 (TOO MANY REQUESTS) @ http://localhost:5173/api/market/MS:0
[  440123ms] [ERROR] Failed to load resource: the server responded with a status of 429 (TOO MANY REQUESTS) @ http://localhost:5173/api/market/JNJ:0
[  440123ms] [ERROR] Failed to load resource: the server responded with a status of 429 (TOO MANY REQUESTS) @ http://localhost:5173/api/market/DSP:0
[  440123ms] [ERROR] Failed to load resource: the server responded with a status of 429 (TOO MANY REQUESTS) @ http://localhost:5173/api/market/TSE:0
[  440123ms] [ERROR] Failed to load resource: the server responded with a status of 429 (TOO MANY REQUESTS) @ http://localhost:5173/api/market/ASML:0
[  440489ms] [ERROR] Failed to load resource: the server responded with a status of 429 (TOO MANY REQUESTS) @ http://localhost:5173/api/market/ASML:0
[  440490ms] [ERROR] Failed to load resource: the server responded with a status of 429 (TOO MANY REQUESTS) @ http://localhost:5173/api/market/MS:0
[  440490ms] [ERROR] Failed to load resource: the server responded with a status of 429 (TOO MANY REQUESTS) @ http://localhost:5173/api/market/JNJ:0
[  440491ms] [ERROR] Failed to load resource: the server responded with a status of 429 (TOO MANY REQUESTS) @ http://localhost:5173/api/market/DSP:0
[  440492ms] [ERROR] Failed to load resource: the server responded with a status of 429 (TOO MANY REQUESTS) @ http://localhost:5173/api/market/TWST:0
[  440493ms] [ERROR] Failed to load resource: the server responded with a status of 429 (TOO MANY REQUESTS) @ http://localhost:5173/api/market/TSE:0
[  445124ms] [ERROR] Failed to load resource: the server responded with a status of 429 (TOO MANY REQUESTS) @ http://localhost:5173/api/market/DSP:0
[  445124ms] [ERROR] Failed to load resource: the server responded with a status of 429 (TOO MANY REQUESTS) @ http://localhost:5173/api/market/TSE:0
[  445124ms] [ERROR] Failed to load resource: the server responded with a status of 429 (TOO MANY REQUESTS) @ http://localhost:5173/api/market/MS:0
[  445124ms] [ERROR] Failed to load resource: the server responded with a status of 429 (TOO MANY REQUESTS) @ http://localhost:5173/api/market/ASML:0
[  445124ms] [ERROR] Failed to load resource: the server responded with a status of 429 (TOO MANY REQUESTS) @ http://localhost:5173/api/market/TWST:0
[  445125ms] [ERROR] Failed to load resource: the server responded with a status of 429 (TOO MANY REQUESTS) @ http://localhost:5173/api/market/JNJ:0
[  450141ms] [ERROR] Failed to load resource: the server responded with a status of 429 (TOO MANY REQUESTS) @ http://localhost:5173/api/market/JNJ:0
[  450141ms] [ERROR] Failed to load resource: the server responded with a status of 429 (TOO MANY REQUESTS) @ http://localhost:5173/api/market/MS:0
[  450141ms] [ERROR] Failed to load resource: the server responded with a status of 429 (TOO MANY REQUESTS) @ http://localhost:5173/api/market/DSP:0
[  450142ms] [ERROR] Failed to load resource: the server responded with a status of 429 (TOO MANY REQUESTS) @ http://localhost:5173/api/market/ASML:0
[  450142ms] [ERROR] Failed to load resource: the server responded with a status of 429 (TOO MANY REQUESTS) @ http://localhost:5173/api/market/TSE:0
[  450142ms] [ERROR] Failed to load resource: the server responded with a status of 429 (TOO MANY REQUESTS) @ http://localhost:5173/api/market/TWST:0
[  450487ms] [ERROR] Failed to load resource: the server responded with a status of 429 (TOO MANY REQUESTS) @ http://localhost:5173/api/market/DSP:0
[  450490ms] [ERROR] Failed to load resource: the server responded with a status of 429 (TOO MANY REQUESTS) @ http://localhost:5173/api/market/ASML:0
[  450491ms] [ERROR] Failed to load resource: the server responded with a status of 429 (TOO MANY REQUESTS) @ http://localhost:5173/api/market/MS:0
[  450492ms] [ERROR] Failed to load resource: the server responded with a status of 429 (TOO MANY REQUESTS) @ http://localhost:5173/api/market/JNJ:0
[  450493ms] [ERROR] Failed to load resource: the server responded with a status of 429 (TOO MANY REQUESTS) @ http://localhost:5173/api/market/TWST:0
[  450493ms] [ERROR] Failed to load resource: the server responded with a status of 429 (TOO MANY REQUESTS) @ http://localhost:5173/api/market/TSE:0
[  455134ms] [ERROR] Failed to load resource: the server responded with a status of 429 (TOO MANY REQUESTS) @ http://localhost:5173/api/market/DSP:0
[  455197ms] [ERROR] Failed to load resource: the server responded with a status of 404 (NOT FOUND) @ http://localhost:5173/api/market/TSE:0
[  460233ms] [ERROR] Failed to load resource: the server responded with a status of 404 (NOT FOUND) @ http://localhost:5173/api/market/TSE:0
[  460581ms] [ERROR] Failed to load resource: the server responded with a status of 404 (NOT FOUND) @ http://localhost:5173/api/market/TSE:0
[  465183ms] [ERROR] Failed to load resource: the server responded with a status of 404 (NOT FOUND) @ http://localhost:5173/api/market/TSE:0
[  470188ms] [ERROR] Failed to load resource: the server responded with a status of 404 (NOT FOUND) @ http://localhost:5173/api/market/TSE:0
[  470570ms] [ERROR] Failed to load resource: the server responded with a status of 404 (NOT FOUND) @ http://localhost:5173/api/market/TSE:0
[  475191ms] [ERROR] Failed to load resource: the server responded with a status of 404 (NOT FOUND) @ http://localhost:5173/api/market/TSE:0
[  480192ms] [ERROR] Failed to load resource: the server responded with a status of 404 (NOT FOUND) @ http://localhost:5173/api/market/TSE:0
[  480584ms] [ERROR] Failed to load resource: the server responded with a status of 404 (NOT FOUND) @ http://localhost:5173/api/market/TSE:0
[  485198ms] [ERROR] Failed to load resource: the server responded with a status of 404 (NOT FOUND) @ http://localhost:5173/api/market/TSE:0
[  490123ms] [ERROR] Failed to load resource: the server responded with a status of 429 (TOO MANY REQUESTS) @ http://localhost:5173/api/market/MS:0
[  490123ms] [ERROR] Failed to load resource: the server responded with a status of 429 (TOO MANY REQUESTS) @ http://localhost:5173/api/market/DSP:0
[  490123ms] [ERROR] Failed to load resource: the server responded with a status of 429 (TOO MANY REQUESTS) @ http://localhost:5173/api/market/ASML:0
[  490123ms] [ERROR] Failed to load resource: the server responded with a status of 429 (TOO MANY REQUESTS) @ http://localhost:5173/api/market/JNJ:0
[  490123ms] [ERROR] Failed to load resource: the server responded with a status of 429 (TOO MANY REQUESTS) @ http://localhost:5173/api/market/TWST:0
[  490203ms] [ERROR] Failed to load resource: the server responded with a status of 404 (NOT FOUND) @ http://localhost:5173/api/market/TSE:0
[  490490ms] [ERROR] Failed to load resource: the server responded with a status of 429 (TOO MANY REQUESTS) @ http://localhost:5173/api/market/TSE:0
[  490491ms] [ERROR] Failed to load resource: the server responded with a status of 429 (TOO MANY REQUESTS) @ http://localhost:5173/api/market/TWST:0
[  490493ms] [ERROR] Failed to load resource: the server responded with a status of 429 (TOO MANY REQUESTS) @ http://localhost:5173/api/market/MS:0
[  490493ms] [ERROR] Failed to load resource: the server responded with a status of 429 (TOO MANY REQUESTS) @ http://localhost:5173/api/market/JNJ:0
[  490495ms] [ERROR] Failed to load resource: the server responded with a status of 429 (TOO MANY REQUESTS) @ http://localhost:5173/api/market/DSP:0
[  490495ms] [ERROR] Failed to load resource: the server responded with a status of 429 (TOO MANY REQUESTS) @ http://localhost:5173/api/market/ASML:0
[  495122ms] [ERROR] Failed to load resource: the server responded with a status of 429 (TOO MANY REQUESTS) @ http://localhost:5173/api/market/MS:0
[  495122ms] [ERROR] Failed to load resource: the server responded with a status of 429 (TOO MANY REQUESTS) @ http://localhost:5173/api/market/DSP:0
[  495122ms] [ERROR] Failed to load resource: the server responded with a status of 429 (TOO MANY REQUESTS) @ http://localhost:5173/api/market/TSE:0
[  495122ms] [ERROR] Failed to load resource: the server responded with a status of 429 (TOO MANY REQUESTS) @ http://localhost:5173/api/market/JNJ:0
[  495122ms] [ERROR] Failed to load resource: the server responded with a status of 429 (TOO MANY REQUESTS) @ http://localhost:5173/api/market/ASML:0
[  495122ms] [ERROR] Failed to load resource: the server responded with a status of 429 (TOO MANY REQUESTS) @ http://localhost:5173/api/market/TWST:0
[  500121ms] [ERROR] Failed to load resource: the server responded with a status of 429 (TOO MANY REQUESTS) @ http://localhost:5173/api/market/TSE:0
[  500121ms] [ERROR] Failed to load resource: the server responded with a status of 429 (TOO MANY REQUESTS) @ http://localhost:5173/api/market/ASML:0
[  500121ms] [ERROR] Failed to load resource: the server responded with a status of 429 (TOO MANY REQUESTS) @ http://localhost:5173/api/market/DSP:0
[  500121ms] [ERROR] Failed to load resource: the server responded with a status of 429 (TOO MANY REQUESTS) @ http://localhost:5173/api/market/MS:0
[  500121ms] [ERROR] Failed to load resource: the server responded with a status of 429 (TOO MANY REQUESTS) @ http://localhost:5173/api/market/TWST:0
[  500121ms] [ERROR] Failed to load resource: the server responded with a status of 429 (TOO MANY REQUESTS) @ http://localhost:5173/api/market/JNJ:0
[  500484ms] [ERROR] Failed to load resource: the server responded with a status of 429 (TOO MANY REQUESTS) @ http://localhost:5173/api/market/MS:0
[  500490ms] [ERROR] Failed to load resource: the server responded with a status of 429 (TOO MANY REQUESTS) @ http://localhost:5173/api/market/DSP:0
[  500490ms] [ERROR] Failed to load resource: the server responded with a status of 429 (TOO MANY REQUESTS) @ http://localhost:5173/api/market/TSE:0
[  500492ms] [ERROR] Failed to load resource: the server responded with a status of 429 (TOO MANY REQUESTS) @ http://localhost:5173/api/market/JNJ:0
[  500493ms] [ERROR] Failed to load resource: the server responded with a status of 429 (TOO MANY REQUESTS) @ http://localhost:5173/api/market/TWST:0
[  500493ms] [ERROR] Failed to load resource: the server responded with a status of 429 (TOO MANY REQUESTS) @ http://localhost:5173/api/market/ASML:0
[  505131ms] [ERROR] Failed to load resource: the server responded with a status of 429 (TOO MANY REQUESTS) @ http://localhost:5173/api/market/TSE:0
[  505131ms] [ERROR] Failed to load resource: the server responded with a status of 429 (TOO MANY REQUESTS) @ http://localhost:5173/api/market/DSP:0
[  505131ms] [ERROR] Failed to load resource: the server responded with a status of 429 (TOO MANY REQUESTS) @ http://localhost:5173/api/market/ASML:0
[  505131ms] [ERROR] Failed to load resource: the server responded with a status of 429 (TOO MANY REQUESTS) @ http://localhost:5173/api/market/JNJ:0
[  505131ms] [ERROR] Failed to load resource: the server responded with a status of 429 (TOO MANY REQUESTS) @ http://localhost:5173/api/market/MS:0
[  505131ms] [ERROR] Failed to load resource: the server responded with a status of 429 (TOO MANY REQUESTS) @ http://localhost:5173/api/market/TWST:0
