[      43ms] [VERBOSE] [DOM] Password forms should have (optionally hidden) username fields for accessibility: (More info: https://goo.gl/9p2vKq) %o @ http://localhost:5173/terminal:0
[   62677ms] [ERROR] Failed to load resource: the server responded with a status of 401 (UNAUTHORIZED) @ http://localhost:5173/api/auth/signin:0
[  322680ms] [VERBOSE] [DOM] Password forms should have (optionally hidden) username fields for accessibility: (More info: https://goo.gl/9p2vKq) %o @ http://localhost:5173/terminal:0
[  322801ms] [ERROR] Failed to load resource: the server responded with a status of 404 (NOT FOUND) @ http://localhost:5173/api/market/ALOG:0
[  322868ms] [ERROR] Failed to load resource: the server responded with a status of 404 (NOT FOUND) @ http://localhost:5173/api/market/ALOG:0
[  322893ms] [ERROR] Failed to load resource: the server responded with a status of 404 (NOT FOUND) @ http://localhost:5173/api/market/ASI:0
[  322962ms] [ERROR] Failed to load resource: the server responded with a status of 404 (NOT FOUND) @ http://localhost:5173/api/market/LIXG:0
[  322980ms] [ERROR] Failed to load resource: the server responded with a status of 404 (NOT FOUND) @ http://localhost:5173/api/market/ASI:0
[  323063ms] [ERROR] Failed to load resource: the server responded with a status of 404 (NOT FOUND) @ http://localhost:5173/api/market/LIXG:0
[  323074ms] [ERROR] Failed to load resource: the server responded with a status of 404 (NOT FOUND) @ http://localhost:5173/api/market/WAGA.PA:0
[  323141ms] [ERROR] Failed to load resource: the server responded with a status of 404 (NOT FOUND) @ http://localhost:5173/api/market/BRK:0
[  323145ms] [ERROR] Failed to load resource: the server responded with a status of 404 (NOT FOUND) @ http://localhost:5173/api/market/KER.PA:0
[  323157ms] [ERROR] Failed to load resource: the server responded with a status of 404 (NOT FOUND) @ http://localhost:5173/api/market/WAGA.PA:0
[  323167ms] [ERROR] Failed to load resource: the server responded with a status of 429 (TOO MANY REQUESTS) @ http://localhost:5173/api/market/HMC:0
[  323174ms] [ERROR] Failed to load resource: the server responded with a status of 429 (TOO MANY REQUESTS) @ http://localhost:5173/api/market/ITYBY:0
[  323175ms] [ERROR] Failed to load resource: the server responded with a status of 429 (TOO MANY REQUESTS) @ http://localhost:5173/api/market/KAZA:0
[  323175ms] [ERROR] Failed to load resource: the server responded with a status of 429 (TOO MANY REQUESTS) @ http://localhost:5173/api/market/LVMUY:0
[  323175ms] [ERROR] Failed to load resource: the server responded with a status of 429 (TOO MANY REQUESTS) @ http://localhost:5173/api/market/JANX:0
[  323175ms] [ERROR] Failed to load resource: the server responded with a status of 429 (TOO MANY REQUESTS) @ http://localhost:5173/api/market/NERV:0
[  323175ms] [ERROR] Failed to load resource: the server responded with a status of 429 (TOO MANY REQUESTS) @ http://localhost:5173/api/market/GLD:0
[  323175ms] [ERROR] Failed to load resource: the server responded with a status of 429 (TOO MANY REQUESTS) @ http://localhost:5173/api/market/BEAT:0
[  323178ms] [ERROR] Failed to load resource: the server responded with a status of 429 (TOO MANY REQUESTS) @ http://localhost:5173/api/market/AIXXF:0
[  323189ms] [ERROR] Failed to load resource: the server responded with a status of 429 (TOO MANY REQUESTS) @ http://localhost:5173/api/market/AEG:0
[  323195ms] [ERROR] Failed to load resource: the server responded with a status of 429 (TOO MANY REQUESTS) @ http://localhost:5173/api/market/GALX:0
[  323197ms] [ERROR] Failed to load resource: the server responded with a status of 429 (TOO MANY REQUESTS) @ http://localhost:5173/api/market/CLAR:0
[  323198ms] [ERROR] Failed to load resource: the server responded with a status of 429 (TOO MANY REQUESTS) @ http://localhost:5173/api/market/MTRJY:0
[  323199ms] [ERROR] Failed to load resource: the server responded with a status of 429 (TOO MANY REQUESTS) @ http://localhost:5173/api/market/ALLO:0
[  323205ms] [ERROR] Failed to load resource: the server responded with a status of 429 (TOO MANY REQUESTS) @ http://localhost:5173/api/market/ASML:0
[  323257ms] [ERROR] Failed to load resource: the server responded with a status of 404 (NOT FOUND) @ http://localhost:5173/api/market/BRK:0
[  323257ms] [ERROR] Failed to load resource: the server responded with a status of 404 (NOT FOUND) @ http://localhost:5173/api/market/KER.PA:0
[  323276ms] [ERROR] Failed to load resource: the server responded with a status of 429 (TOO MANY REQUESTS) @ http://localhost:5173/api/market/ITYBY:0
[  323276ms] [ERROR] Failed to load resource: the server responded with a status of 429 (TOO MANY REQUESTS) @ http://localhost:5173/api/market/NERV:0
[  323276ms] [ERROR] Failed to load resource: the server responded with a status of 429 (TOO MANY REQUESTS) @ http://localhost:5173/api/market/LVMUY:0
[  323276ms] [ERROR] Failed to load resource: the server responded with a status of 429 (TOO MANY REQUESTS) @ http://localhost:5173/api/market/JANX:0
[  323277ms] [ERROR] Failed to load resource: the server responded with a status of 429 (TOO MANY REQUESTS) @ http://localhost:5173/api/market/KAZA:0
[  323277ms] [ERROR] Failed to load resource: the server responded with a status of 429 (TOO MANY REQUESTS) @ http://localhost:5173/api/market/HMC:0
[  323277ms] [ERROR] Failed to load resource: the server responded with a status of 429 (TOO MANY REQUESTS) @ http://localhost:5173/api/market/BEAT:0
[  323278ms] [ERROR] Failed to load resource: the server responded with a status of 429 (TOO MANY REQUESTS) @ http://localhost:5173/api/market/GLD:0
[  323278ms] [ERROR] Failed to load resource: the server responded with a status of 429 (TOO MANY REQUESTS) @ http://localhost:5173/api/market/AEG:0
[  323279ms] [ERROR] Failed to load resource: the server responded with a status of 429 (TOO MANY REQUESTS) @ http://localhost:5173/api/market/AIXXF:0
[  323291ms] [ERROR] Failed to load resource: the server responded with a status of 429 (TOO MANY REQUESTS) @ http://localhost:5173/api/market/CLAR:0
[  323291ms] [ERROR] Failed to load resource: the server responded with a status of 429 (TOO MANY REQUESTS) @ http://localhost:5173/api/market/ALLO:0
[  323291ms] [ERROR] Failed to load resource: the server responded with a status of 429 (TOO MANY REQUESTS) @ http://localhost:5173/api/market/ASML:0
[  323291ms] [ERROR] Failed to load resource: the server responded with a status of 429 (TOO MANY REQUESTS) @ http://localhost:5173/api/market/GALX:0
[  323291ms] [ERROR] Failed to load resource: the server responded with a status of 429 (TOO MANY REQUESTS) @ http://localhost:5173/api/market/MTRJY:0
[  327577ms] [ERROR] Failed to load resource: the server responded with a status of 429 (TOO MANY REQUESTS) @ http://localhost:5173/api/market/AAPL:0
[  327579ms] [ERROR] Failed to load resource: the server responded with a status of 429 (TOO MANY REQUESTS) @ http://localhost:5173/api/market/FHN:0
[  327579ms] [ERROR] Failed to load resource: the server responded with a status of 429 (TOO MANY REQUESTS) @ http://localhost:5173/api/market/MTB:0
[  327579ms] [ERROR] Failed to load resource: the server responded with a status of 429 (TOO MANY REQUESTS) @ http://localhost:5173/api/market/BAC:0
[  327579ms] [ERROR] Failed to load resource: the server responded with a status of 429 (TOO MANY REQUESTS) @ http://localhost:5173/api/market/PNC:0
[  327579ms] [ERROR] Failed to load resource: the server responded with a status of 429 (TOO MANY REQUESTS) @ http://localhost:5173/api/market/LXEH:0
[  327579ms] [ERROR] Failed to load resource: the server responded with a status of 429 (TOO MANY REQUESTS) @ http://localhost:5173/api/market/SNAP:0
[  327580ms] [ERROR] Failed to load resource: the server responded with a status of 429 (TOO MANY REQUESTS) @ http://localhost:5173/api/market/CGEN:0
[  327580ms] [ERROR] Failed to load resource: the server responded with a status of 429 (TOO MANY REQUESTS) @ http://localhost:5173/api/market/ALOG:0
[  327580ms] [ERROR] Failed to load resource: the server responded with a status of 429 (TOO MANY REQUESTS) @ http://localhost:5173/api/market/RVMD:0
[  327594ms] [ERROR] Failed to load resource: the server responded with a status of 429 (TOO MANY REQUESTS) @ http://localhost:5173/api/market/VMAR:0
[  327594ms] [ERROR] Failed to load resource: the server responded with a status of 429 (TOO MANY REQUESTS) @ http://localhost:5173/api/market/LDOS:0
[  327595ms] [ERROR] Failed to load resource: the server responded with a status of 429 (TOO MANY REQUESTS) @ http://localhost:5173/api/market/ASI:0
[  327595ms] [ERROR] Failed to load resource: the server responded with a status of 429 (TOO MANY REQUESTS) @ http://localhost:5173/api/market/CRNT:0
[  327595ms] [ERROR] Failed to load resource: the server responded with a status of 429 (TOO MANY REQUESTS) @ http://localhost:5173/api/market/RNW:0
[  327597ms] [ERROR] Failed to load resource: the server responded with a status of 429 (TOO MANY REQUESTS) @ http://localhost:5173/api/market/LIXG:0
[  327601ms] [ERROR] Failed to load resource: the server responded with a status of 429 (TOO MANY REQUESTS) @ http://localhost:5173/api/market/JBHT:0
[  327601ms] [ERROR] Failed to load resource: the server responded with a status of 429 (TOO MANY REQUESTS) @ http://localhost:5173/api/market/AVNS:0
[  327602ms] [ERROR] Failed to load resource: the server responded with a status of 429 (TOO MANY REQUESTS) @ http://localhost:5173/api/market/UBS:0
[  327602ms] [ERROR] Failed to load resource: the server responded with a status of 429 (TOO MANY REQUESTS) @ http://localhost:5173/api/market/CL:0
[  327611ms] [ERROR] Failed to load resource: the server responded with a status of 429 (TOO MANY REQUESTS) @ http://localhost:5173/api/market/WAGA.PA:0
[  327612ms] [ERROR] Failed to load resource: the server responded with a status of 429 (TOO MANY REQUESTS) @ http://localhost:5173/api/market/NG:0
[  327614ms] [ERROR] Failed to load resource: the server responded with a status of 429 (TOO MANY REQUESTS) @ http://localhost:5173/api/market/CPER:0
[  327615ms] [ERROR] Failed to load resource: the server responded with a status of 429 (TOO MANY REQUESTS) @ http://localhost:5173/api/market/C:0
[  327618ms] [ERROR] Failed to load resource: the server responded with a status of 429 (TOO MANY REQUESTS) @ http://localhost:5173/api/market/NET:0
[  327618ms] [ERROR] Failed to load resource: the server responded with a status of 429 (TOO MANY REQUESTS) @ http://localhost:5173/api/market/FSLR:0
[  327621ms] [ERROR] Failed to load resource: the server responded with a status of 429 (TOO MANY REQUESTS) @ http://localhost:5173/api/market/BRK:0
[  327622ms] [ERROR] Failed to load resource: the server responded with a status of 429 (TOO MANY REQUESTS) @ http://localhost:5173/api/market/HESAY:0
[  327622ms] [ERROR] Failed to load resource: the server responded with a status of 429 (TOO MANY REQUESTS) @ http://localhost:5173/api/market/KER.PA:0
[  327622ms] [ERROR] Failed to load resource: the server responded with a status of 429 (TOO MANY REQUESTS) @ http://localhost:5173/api/market/STLA:0
[  327632ms] [ERROR] Failed to load resource: the server responded with a status of 429 (TOO MANY REQUESTS) @ http://localhost:5173/api/market/NERV:0
[  327633ms] [ERROR] Failed to load resource: the server responded with a status of 429 (TOO MANY REQUESTS) @ http://localhost:5173/api/market/ITYBY:0
[  327633ms] [ERROR] Failed to load resource: the server responded with a status of 429 (TOO MANY REQUESTS) @ http://localhost:5173/api/market/KAZA:0
[  327638ms] [ERROR] Failed to load resource: the server responded with a status of 429 (TOO MANY REQUESTS) @ http://localhost:5173/api/market/JANX:0
[  327638ms] [ERROR] Failed to load resource: the server responded with a status of 429 (TOO MANY REQUESTS) @ http://localhost:5173/api/market/HMC:0
[  327641ms] [ERROR] Failed to load resource: the server responded with a status of 429 (TOO MANY REQUESTS) @ http://localhost:5173/api/market/LVMUY:0
[  327642ms] [ERROR] Failed to load resource: the server responded with a status of 429 (TOO MANY REQUESTS) @ http://localhost:5173/api/market/GLD:0
[  327643ms] [ERROR] Failed to load resource: the server responded with a status of 429 (TOO MANY REQUESTS) @ http://localhost:5173/api/market/BEAT:0
[  327643ms] [ERROR] Failed to load resource: the server responded with a status of 429 (TOO MANY REQUESTS) @ http://localhost:5173/api/market/AEG:0
[  327644ms] [ERROR] Failed to load resource: the server responded with a status of 429 (TOO MANY REQUESTS) @ http://localhost:5173/api/market/AIXXF:0
[  327651ms] [ERROR] Failed to load resource: the server responded with a status of 429 (TOO MANY REQUESTS) @ http://localhost:5173/api/market/MTRJY:0
[  327652ms] [ERROR] Failed to load resource: the server responded with a status of 429 (TOO MANY REQUESTS) @ http://localhost:5173/api/market/CLAR:0
[  327653ms] [ERROR] Failed to load resource: the server responded with a status of 429 (TOO MANY REQUESTS) @ http://localhost:5173/api/market/ALLO:0
[  327654ms] [ERROR] Failed to load resource: the server responded with a status of 429 (TOO MANY REQUESTS) @ http://localhost:5173/api/market/ASML:0
[  327654ms] [ERROR] Failed to load resource: the server responded with a status of 429 (TOO MANY REQUESTS) @ http://localhost:5173/api/market/GALX:0
[  329420ms] [ERROR] Failed to load resource: the server responded with a status of 429 (TOO MANY REQUESTS) @ http://localhost:5173/api/market/AAPL:0
[  329420ms] [ERROR] Failed to load resource: the server responded with a status of 429 (TOO MANY REQUESTS) @ http://localhost:5173/api/market/MTB:0
[  329420ms] [ERROR] Failed to load resource: the server responded with a status of 429 (TOO MANY REQUESTS) @ http://localhost:5173/api/market/BAC:0
[  329420ms] [ERROR] Failed to load resource: the server responded with a status of 429 (TOO MANY REQUESTS) @ http://localhost:5173/api/market/FHN:0
[  329420ms] [ERROR] Failed to load resource: the server responded with a status of 429 (TOO MANY REQUESTS) @ http://localhost:5173/api/market/PNC:0
[  329420ms] [ERROR] Failed to load resource: the server responded with a status of 429 (TOO MANY REQUESTS) @ http://localhost:5173/api/market/LXEH:0
[  329420ms] [ERROR] Failed to load resource: the server responded with a status of 429 (TOO MANY REQUESTS) @ http://localhost:5173/api/market/CGEN:0
[  329421ms] [ERROR] Failed to load resource: the server responded with a status of 429 (TOO MANY REQUESTS) @ http://localhost:5173/api/market/SNAP:0
[  329421ms] [ERROR] Failed to load resource: the server responded with a status of 429 (TOO MANY REQUESTS) @ http://localhost:5173/api/market/ALOG:0
[  329421ms] [ERROR] Failed to load resource: the server responded with a status of 429 (TOO MANY REQUESTS) @ http://localhost:5173/api/market/RVMD:0
[  329430ms] [VERBOSE] [DOM] Password forms should have (optionally hidden) username fields for accessibility: (More info: https://goo.gl/9p2vKq) %o @ http://localhost:5173/terminal:0
[  329432ms] [ERROR] Failed to load resource: the server responded with a status of 429 (TOO MANY REQUESTS) @ http://localhost:5173/api/market/VMAR:0
[  329445ms] [ERROR] Failed to load resource: the server responded with a status of 429 (TOO MANY REQUESTS) @ http://localhost:5173/api/market/ASI:0
[  329445ms] [ERROR] Failed to load resource: the server responded with a status of 429 (TOO MANY REQUESTS) @ http://localhost:5173/api/market/CRNT:0
[  329446ms] [ERROR] Failed to load resource: the server responded with a status of 429 (TOO MANY REQUESTS) @ http://localhost:5173/api/market/LIXG:0
[  329446ms] [ERROR] Failed to load resource: the server responded with a status of 429 (TOO MANY REQUESTS) @ http://localhost:5173/api/market/LDOS:0
[  329446ms] [ERROR] Failed to load resource: the server responded with a status of 429 (TOO MANY REQUESTS) @ http://localhost:5173/api/market/RNW:0
[  329446ms] [ERROR] Failed to load resource: the server responded with a status of 429 (TOO MANY REQUESTS) @ http://localhost:5173/api/market/JBHT:0
[  329446ms] [ERROR] Failed to load resource: the server responded with a status of 429 (TOO MANY REQUESTS) @ http://localhost:5173/api/market/CL:0
[  329446ms] [ERROR] Failed to load resource: the server responded with a status of 429 (TOO MANY REQUESTS) @ http://localhost:5173/api/market/AVNS:0
[  329446ms] [ERROR] Failed to load resource: the server responded with a status of 429 (TOO MANY REQUESTS) @ http://localhost:5173/api/market/UBS:0
[  329458ms] [ERROR] Failed to load resource: the server responded with a status of 429 (TOO MANY REQUESTS) @ http://localhost:5173/api/market/WAGA.PA:0
[  329459ms] [ERROR] Failed to load resource: the server responded with a status of 429 (TOO MANY REQUESTS) @ http://localhost:5173/api/market/CPER:0
[  329471ms] [ERROR] Failed to load resource: the server responded with a status of 429 (TOO MANY REQUESTS) @ http://localhost:5173/api/market/C:0
[  329472ms] [ERROR] Failed to load resource: the server responded with a status of 429 (TOO MANY REQUESTS) @ http://localhost:5173/api/market/NET:0
[  329473ms] [ERROR] Failed to load resource: the server responded with a status of 429 (TOO MANY REQUESTS) @ http://localhost:5173/api/market/FSLR:0
[  329480ms] [ERROR] Failed to load resource: the server responded with a status of 429 (TOO MANY REQUESTS) @ http://localhost:5173/api/market/NG:0
[  329484ms] [ERROR] Failed to load resource: the server responded with a status of 429 (TOO MANY REQUESTS) @ http://localhost:5173/api/market/BRK:0
[  329486ms] [ERROR] Failed to load resource: the server responded with a status of 429 (TOO MANY REQUESTS) @ http://localhost:5173/api/market/STLA:0
[  329487ms] [ERROR] Failed to load resource: the server responded with a status of 429 (TOO MANY REQUESTS) @ http://localhost:5173/api/market/KER.PA:0
[  329487ms] [ERROR] Failed to load resource: the server responded with a status of 429 (TOO MANY REQUESTS) @ http://localhost:5173/api/market/HESAY:0
[  329549ms] [ERROR] Failed to load resource: the server responded with a status of 429 (TOO MANY REQUESTS) @ http://localhost:5173/api/market/HMC:0
[  329549ms] [ERROR] Failed to load resource: the server responded with a status of 429 (TOO MANY REQUESTS) @ http://localhost:5173/api/market/LVMUY:0
[  329549ms] [ERROR] Failed to load resource: the server responded with a status of 429 (TOO MANY REQUESTS) @ http://localhost:5173/api/market/KAZA:0
[  329550ms] [ERROR] Failed to load resource: the server responded with a status of 429 (TOO MANY REQUESTS) @ http://localhost:5173/api/market/ITYBY:0
[  329550ms] [ERROR] Failed to load resource: the server responded with a status of 429 (TOO MANY REQUESTS) @ http://localhost:5173/api/market/JANX:0
[  329550ms] [ERROR] Failed to load resource: the server responded with a status of 429 (TOO MANY REQUESTS) @ http://localhost:5173/api/market/NERV:0
[  329550ms] [ERROR] Failed to load resource: the server responded with a status of 429 (TOO MANY REQUESTS) @ http://localhost:5173/api/market/GLD:0
[  329551ms] [ERROR] Failed to load resource: the server responded with a status of 429 (TOO MANY REQUESTS) @ http://localhost:5173/api/market/BEAT:0
[  329551ms] [ERROR] Failed to load resource: the server responded with a status of 429 (TOO MANY REQUESTS) @ http://localhost:5173/api/market/AEG:0
[  329551ms] [ERROR] Failed to load resource: the server responded with a status of 429 (TOO MANY REQUESTS) @ http://localhost:5173/api/market/MTB:0
[  329551ms] [ERROR] Failed to load resource: the server responded with a status of 429 (TOO MANY REQUESTS) @ http://localhost:5173/api/market/AIXXF:0
[  329551ms] [ERROR] Failed to load resource: the server responded with a status of 429 (TOO MANY REQUESTS) @ http://localhost:5173/api/market/BAC:0
[  329552ms] [ERROR] Failed to load resource: the server responded with a status of 429 (TOO MANY REQUESTS) @ http://localhost:5173/api/market/AAPL:0
[  329552ms] [ERROR] Failed to load resource: the server responded with a status of 429 (TOO MANY REQUESTS) @ http://localhost:5173/api/market/FHN:0
[  329552ms] [ERROR] Failed to load resource: the server responded with a status of 429 (TOO MANY REQUESTS) @ http://localhost:5173/api/market/LXEH:0
[  329552ms] [ERROR] Failed to load resource: the server responded with a status of 429 (TOO MANY REQUESTS) @ http://localhost:5173/api/market/PNC:0
[  329552ms] [ERROR] Failed to load resource: the server responded with a status of 429 (TOO MANY REQUESTS) @ http://localhost:5173/api/market/SNAP:0
[  329552ms] [ERROR] Failed to load resource: the server responded with a status of 429 (TOO MANY REQUESTS) @ http://localhost:5173/api/market/CGEN:0
[  329552ms] [ERROR] Failed to load resource: the server responded with a status of 429 (TOO MANY REQUESTS) @ http://localhost:5173/api/market/ALOG:0
[  329552ms] [ERROR] Failed to load resource: the server responded with a status of 429 (TOO MANY REQUESTS) @ http://localhost:5173/api/market/RVMD:0
[  329558ms] [ERROR] Failed to load resource: the server responded with a status of 429 (TOO MANY REQUESTS) @ http://localhost:5173/api/market/CLAR:0
[  329559ms] [ERROR] Failed to load resource: the server responded with a status of 429 (TOO MANY REQUESTS) @ http://localhost:5173/api/market/ALLO:0
[  329562ms] [ERROR] Failed to load resource: the server responded with a status of 429 (TOO MANY REQUESTS) @ http://localhost:5173/api/market/GALX:0
[  329564ms] [ERROR] Failed to load resource: the server responded with a status of 429 (TOO MANY REQUESTS) @ http://localhost:5173/api/market/MTRJY:0
[  329564ms] [ERROR] Failed to load resource: the server responded with a status of 429 (TOO MANY REQUESTS) @ http://localhost:5173/api/market/ASML:0
[  329621ms] [ERROR] Failed to load resource: the server responded with a status of 429 (TOO MANY REQUESTS) @ http://localhost:5173/api/market/ASI:0
[  329621ms] [ERROR] Failed to load resource: the server responded with a status of 429 (TOO MANY REQUESTS) @ http://localhost:5173/api/market/LDOS:0
[  329621ms] [ERROR] Failed to load resource: the server responded with a status of 429 (TOO MANY REQUESTS) @ http://localhost:5173/api/market/VMAR:0
[  329622ms] [ERROR] Failed to load resource: the server responded with a status of 429 (TOO MANY REQUESTS) @ http://localhost:5173/api/market/RNW:0
[  329622ms] [ERROR] Failed to load resource: the server responded with a status of 429 (TOO MANY REQUESTS) @ http://localhost:5173/api/market/CRNT:0
[  329622ms] [ERROR] Failed to load resource: the server responded with a status of 429 (TOO MANY REQUESTS) @ http://localhost:5173/api/market/LIXG:0
[  329622ms] [ERROR] Failed to load resource: the server responded with a status of 429 (TOO MANY REQUESTS) @ http://localhost:5173/api/market/AVNS:0
[  329622ms] [ERROR] Failed to load resource: the server responded with a status of 429 (TOO MANY REQUESTS) @ http://localhost:5173/api/market/JBHT:0
[  329622ms] [ERROR] Failed to load resource: the server responded with a status of 429 (TOO MANY REQUESTS) @ http://localhost:5173/api/market/UBS:0
[  329622ms] [ERROR] Failed to load resource: the server responded with a status of 429 (TOO MANY REQUESTS) @ http://localhost:5173/api/market/CL:0
[  329634ms] [ERROR] Failed to load resource: the server responded with a status of 429 (TOO MANY REQUESTS) @ http://localhost:5173/api/market/C:0
[  329638ms] [ERROR] Failed to load resource: the server responded with a status of 429 (TOO MANY REQUESTS) @ http://localhost:5173/api/market/CPER:0
[  329638ms] [ERROR] Failed to load resource: the server responded with a status of 429 (TOO MANY REQUESTS) @ http://localhost:5173/api/market/WAGA.PA:0
[  329640ms] [ERROR] Failed to load resource: the server responded with a status of 429 (TOO MANY REQUESTS) @ http://localhost:5173/api/market/NET:0
[  329641ms] [ERROR] Failed to load resource: the server responded with a status of 429 (TOO MANY REQUESTS) @ http://localhost:5173/api/market/NG:0
[  329642ms] [ERROR] Failed to load resource: the server responded with a status of 429 (TOO MANY REQUESTS) @ http://localhost:5173/api/market/FSLR:0
[  329651ms] [ERROR] Failed to load resource: the server responded with a status of 429 (TOO MANY REQUESTS) @ http://localhost:5173/api/market/BRK:0
[  329652ms] [ERROR] Failed to load resource: the server responded with a status of 429 (TOO MANY REQUESTS) @ http://localhost:5173/api/market/KER.PA:0
[  329652ms] [ERROR] Failed to load resource: the server responded with a status of 429 (TOO MANY REQUESTS) @ http://localhost:5173/api/market/STLA:0
[  329652ms] [ERROR] Failed to load resource: the server responded with a status of 429 (TOO MANY REQUESTS) @ http://localhost:5173/api/market/HESAY:0
[  329662ms] [ERROR] Failed to load resource: the server responded with a status of 429 (TOO MANY REQUESTS) @ http://localhost:5173/api/market/HMC:0
[  329674ms] [ERROR] Failed to load resource: the server responded with a status of 429 (TOO MANY REQUESTS) @ http://localhost:5173/api/market/KAZA:0
[  329674ms] [ERROR] Failed to load resource: the server responded with a status of 429 (TOO MANY REQUESTS) @ http://localhost:5173/api/market/JANX:0
[  329674ms] [ERROR] Failed to load resource: the server responded with a status of 429 (TOO MANY REQUESTS) @ http://localhost:5173/api/market/LVMUY:0
[  329674ms] [ERROR] Failed to load resource: the server responded with a status of 429 (TOO MANY REQUESTS) @ http://localhost:5173/api/market/ITYBY:0
[  329674ms] [ERROR] Failed to load resource: the server responded with a status of 429 (TOO MANY REQUESTS) @ http://localhost:5173/api/market/NERV:0
[  329674ms] [ERROR] Failed to load resource: the server responded with a status of 429 (TOO MANY REQUESTS) @ http://localhost:5173/api/market/GLD:0
[  329674ms] [ERROR] Failed to load resource: the server responded with a status of 429 (TOO MANY REQUESTS) @ http://localhost:5173/api/market/BEAT:0
[  329675ms] [ERROR] Failed to load resource: the server responded with a status of 429 (TOO MANY REQUESTS) @ http://localhost:5173/api/market/AEG:0
[  329675ms] [ERROR] Failed to load resource: the server responded with a status of 429 (TOO MANY REQUESTS) @ http://localhost:5173/api/market/AIXXF:0
[  329690ms] [ERROR] Failed to load resource: the server responded with a status of 429 (TOO MANY REQUESTS) @ http://localhost:5173/api/market/CLAR:0
[  329690ms] [ERROR] Failed to load resource: the server responded with a status of 429 (TOO MANY REQUESTS) @ http://localhost:5173/api/market/GALX:0
[  329690ms] [ERROR] Failed to load resource: the server responded with a status of 429 (TOO MANY REQUESTS) @ http://localhost:5173/api/market/ALLO:0
[  329691ms] [ERROR] Failed to load resource: the server responded with a status of 429 (TOO MANY REQUESTS) @ http://localhost:5173/api/market/ASML:0
[  329691ms] [ERROR] Failed to load resource: the server responded with a status of 429 (TOO MANY REQUESTS) @ http://localhost:5173/api/market/MTRJY:0
[  334336ms] [ERROR] Failed to load resource: the server responded with a status of 429 (TOO MANY REQUESTS) @ http://localhost:5173/api/market/FHN:0
[  334336ms] [ERROR] Failed to load resource: the server responded with a status of 429 (TOO MANY REQUESTS) @ http://localhost:5173/api/market/AAPL:0
[  334336ms] [ERROR] Failed to load resource: the server responded with a status of 429 (TOO MANY REQUESTS) @ http://localhost:5173/api/market/BAC:0
[  334336ms] [ERROR] Failed to load resource: the server responded with a status of 429 (TOO MANY REQUESTS) @ http://localhost:5173/api/market/MTB:0
[  334336ms] [ERROR] Failed to load resource: the server responded with a status of 429 (TOO MANY REQUESTS) @ http://localhost:5173/api/market/PNC:0
[  334336ms] [ERROR] Failed to load resource: the server responded with a status of 429 (TOO MANY REQUESTS) @ http://localhost:5173/api/market/LXEH:0
[  334337ms] [ERROR] Failed to load resource: the server responded with a status of 429 (TOO MANY REQUESTS) @ http://localhost:5173/api/market/SNAP:0
[  334337ms] [ERROR] Failed to load resource: the server responded with a status of 429 (TOO MANY REQUESTS) @ http://localhost:5173/api/market/ALOG:0
[  334337ms] [ERROR] Failed to load resource: the server responded with a status of 429 (TOO MANY REQUESTS) @ http://localhost:5173/api/market/CGEN:0
[  334337ms] [ERROR] Failed to load resource: the server responded with a status of 429 (TOO MANY REQUESTS) @ http://localhost:5173/api/market/RVMD:0
[  334346ms] [ERROR] Failed to load resource: the server responded with a status of 429 (TOO MANY REQUESTS) @ http://localhost:5173/api/market/ASI:0
[  334350ms] [ERROR] Failed to load resource: the server responded with a status of 429 (TOO MANY REQUESTS) @ http://localhost:5173/api/market/CRNT:0
[  334351ms] [ERROR] Failed to load resource: the server responded with a status of 429 (TOO MANY REQUESTS) @ http://localhost:5173/api/market/RNW:0
[  334351ms] [ERROR] Failed to load resource: the server responded with a status of 429 (TOO MANY REQUESTS) @ http://localhost:5173/api/market/VMAR:0
[  334352ms] [ERROR] Failed to load resource: the server responded with a status of 429 (TOO MANY REQUESTS) @ http://localhost:5173/api/market/LIXG:0
[  334354ms] [ERROR] Failed to load resource: the server responded with a status of 429 (TOO MANY REQUESTS) @ http://localhost:5173/api/market/LDOS:0
[  334355ms] [ERROR] Failed to load resource: the server responded with a status of 429 (TOO MANY REQUESTS) @ http://localhost:5173/api/market/AVNS:0
[  334356ms] [ERROR] Failed to load resource: the server responded with a status of 429 (TOO MANY REQUESTS) @ http://localhost:5173/api/market/JBHT:0
[  334358ms] [ERROR] Failed to load resource: the server responded with a status of 429 (TOO MANY REQUESTS) @ http://localhost:5173/api/market/CL:0
[  334358ms] [ERROR] Failed to load resource: the server responded with a status of 429 (TOO MANY REQUESTS) @ http://localhost:5173/api/market/UBS:0
[  334368ms] [ERROR] Failed to load resource: the server responded with a status of 429 (TOO MANY REQUESTS) @ http://localhost:5173/api/market/NG:0
[  334368ms] [ERROR] Failed to load resource: the server responded with a status of 429 (TOO MANY REQUESTS) @ http://localhost:5173/api/market/NET:0
[  334369ms] [ERROR] Failed to load resource: the server responded with a status of 429 (TOO MANY REQUESTS) @ http://localhost:5173/api/market/FSLR:0
[  334369ms] [ERROR] Failed to load resource: the server responded with a status of 429 (TOO MANY REQUESTS) @ http://localhost:5173/api/market/WAGA.PA:0
[  334370ms] [ERROR] Failed to load resource: the server responded with a status of 429 (TOO MANY REQUESTS) @ http://localhost:5173/api/market/C:0
[  334370ms] [ERROR] Failed to load resource: the server responded with a status of 429 (TOO MANY REQUESTS) @ http://localhost:5173/api/market/CPER:0
[  334375ms] [ERROR] Failed to load resource: the server responded with a status of 429 (TOO MANY REQUESTS) @ http://localhost:5173/api/market/BRK:0
[  334376ms] [ERROR] Failed to load resource: the server responded with a status of 429 (TOO MANY REQUESTS) @ http://localhost:5173/api/market/KER.PA:0
[  334376ms] [ERROR] Failed to load resource: the server responded with a status of 429 (TOO MANY REQUESTS) @ http://localhost:5173/api/market/STLA:0
[  334376ms] [ERROR] Failed to load resource: the server responded with a status of 429 (TOO MANY REQUESTS) @ http://localhost:5173/api/market/HESAY:0
[  334385ms] [ERROR] Failed to load resource: the server responded with a status of 429 (TOO MANY REQUESTS) @ http://localhost:5173/api/market/KAZA:0
[  334390ms] [ERROR] Failed to load resource: the server responded with a status of 429 (TOO MANY REQUESTS) @ http://localhost:5173/api/market/LVMUY:0
[  334390ms] [ERROR] Failed to load resource: the server responded with a status of 429 (TOO MANY REQUESTS) @ http://localhost:5173/api/market/JANX:0
[  334391ms] [ERROR] Failed to load resource: the server responded with a status of 429 (TOO MANY REQUESTS) @ http://localhost:5173/api/market/ITYBY:0
[  334391ms] [ERROR] Failed to load resource: the server responded with a status of 429 (TOO MANY REQUESTS) @ http://localhost:5173/api/market/HMC:0
[  334391ms] [ERROR] Failed to load resource: the server responded with a status of 429 (TOO MANY REQUESTS) @ http://localhost:5173/api/market/NERV:0
[  334391ms] [ERROR] Failed to load resource: the server responded with a status of 429 (TOO MANY REQUESTS) @ http://localhost:5173/api/market/GLD:0
[  334396ms] [ERROR] Failed to load resource: the server responded with a status of 429 (TOO MANY REQUESTS) @ http://localhost:5173/api/market/AEG:0
[  334397ms] [ERROR] Failed to load resource: the server responded with a status of 429 (TOO MANY REQUESTS) @ http://localhost:5173/api/market/BEAT:0
[  334397ms] [ERROR] Failed to load resource: the server responded with a status of 429 (TOO MANY REQUESTS) @ http://localhost:5173/api/market/AIXXF:0
[  334404ms] [ERROR] Failed to load resource: the server responded with a status of 429 (TOO MANY REQUESTS) @ http://localhost:5173/api/market/ASML:0
[  334405ms] [ERROR] Failed to load resource: the server responded with a status of 429 (TOO MANY REQUESTS) @ http://localhost:5173/api/market/ALLO:0
[  334406ms] [ERROR] Failed to load resource: the server responded with a status of 429 (TOO MANY REQUESTS) @ http://localhost:5173/api/market/MTRJY:0
[  334406ms] [ERROR] Failed to load resource: the server responded with a status of 429 (TOO MANY REQUESTS) @ http://localhost:5173/api/market/CLAR:0
[  334407ms] [ERROR] Failed to load resource: the server responded with a status of 429 (TOO MANY REQUESTS) @ http://localhost:5173/api/market/GALX:0
[  339310ms] [ERROR] Failed to load resource: the server responded with a status of 429 (TOO MANY REQUESTS) @ http://localhost:5173/api/market/MTB:0
[  339310ms] [ERROR] Failed to load resource: the server responded with a status of 429 (TOO MANY REQUESTS) @ http://localhost:5173/api/market/BAC:0
[  339310ms] [ERROR] Failed to load resource: the server responded with a status of 429 (TOO MANY REQUESTS) @ http://localhost:5173/api/market/AAPL:0
[  339310ms] [ERROR] Failed to load resource: the server responded with a status of 429 (TOO MANY REQUESTS) @ http://localhost:5173/api/market/FHN:0
[  339310ms] [ERROR] Failed to load resource: the server responded with a status of 429 (TOO MANY REQUESTS) @ http://localhost:5173/api/market/LXEH:0
[  339310ms] [ERROR] Failed to load resource: the server responded with a status of 429 (TOO MANY REQUESTS) @ http://localhost:5173/api/market/PNC:0
[  339310ms] [ERROR] Failed to load resource: the server responded with a status of 429 (TOO MANY REQUESTS) @ http://localhost:5173/api/market/SNAP:0
[  339310ms] [ERROR] Failed to load resource: the server responded with a status of 429 (TOO MANY REQUESTS) @ http://localhost:5173/api/market/ALOG:0
[  339311ms] [ERROR] Failed to load resource: the server responded with a status of 429 (TOO MANY REQUESTS) @ http://localhost:5173/api/market/RVMD:0
[  339311ms] [ERROR] Failed to load resource: the server responded with a status of 429 (TOO MANY REQUESTS) @ http://localhost:5173/api/market/CGEN:0
[  339321ms] [ERROR] Failed to load resource: the server responded with a status of 429 (TOO MANY REQUESTS) @ http://localhost:5173/api/market/LDOS:0
[  339321ms] [ERROR] Failed to load resource: the server responded with a status of 429 (TOO MANY REQUESTS) @ http://localhost:5173/api/market/RNW:0
[  339326ms] [ERROR] Failed to load resource: the server responded with a status of 429 (TOO MANY REQUESTS) @ http://localhost:5173/api/market/CRNT:0
[  339326ms] [ERROR] Failed to load resource: the server responded with a status of 429 (TOO MANY REQUESTS) @ http://localhost:5173/api/market/VMAR:0
[  339326ms] [ERROR] Failed to load resource: the server responded with a status of 429 (TOO MANY REQUESTS) @ http://localhost:5173/api/market/LIXG:0
[  339327ms] [ERROR] Failed to load resource: the server responded with a status of 429 (TOO MANY REQUESTS) @ http://localhost:5173/api/market/ASI:0
[  339327ms] [ERROR] Failed to load resource: the server responded with a status of 429 (TOO MANY REQUESTS) @ http://localhost:5173/api/market/AVNS:0
[  339328ms] [ERROR] Failed to load resource: the server responded with a status of 429 (TOO MANY REQUESTS) @ http://localhost:5173/api/market/JBHT:0
[  339330ms] [ERROR] Failed to load resource: the server responded with a status of 429 (TOO MANY REQUESTS) @ http://localhost:5173/api/market/CL:0
[  339331ms] [ERROR] Failed to load resource: the server responded with a status of 429 (TOO MANY REQUESTS) @ http://localhost:5173/api/market/UBS:0
[  339341ms] [ERROR] Failed to load resource: the server responded with a status of 429 (TOO MANY REQUESTS) @ http://localhost:5173/api/market/CPER:0
[  339342ms] [ERROR] Failed to load resource: the server responded with a status of 429 (TOO MANY REQUESTS) @ http://localhost:5173/api/market/C:0
[  339342ms] [ERROR] Failed to load resource: the server responded with a status of 429 (TOO MANY REQUESTS) @ http://localhost:5173/api/market/FSLR:0
[  339343ms] [ERROR] Failed to load resource: the server responded with a status of 429 (TOO MANY REQUESTS) @ http://localhost:5173/api/market/NG:0
[  339343ms] [ERROR] Failed to load resource: the server responded with a status of 429 (TOO MANY REQUESTS) @ http://localhost:5173/api/market/NET:0
[  339344ms] [ERROR] Failed to load resource: the server responded with a status of 429 (TOO MANY REQUESTS) @ http://localhost:5173/api/market/WAGA.PA:0
[  339349ms] [ERROR] Failed to load resource: the server responded with a status of 429 (TOO MANY REQUESTS) @ http://localhost:5173/api/market/BRK:0
[  339349ms] [ERROR] Failed to load resource: the server responded with a status of 429 (TOO MANY REQUESTS) @ http://localhost:5173/api/market/KER.PA:0
[  339349ms] [ERROR] Failed to load resource: the server responded with a status of 429 (TOO MANY REQUESTS) @ http://localhost:5173/api/market/STLA:0
[  339350ms] [ERROR] Failed to load resource: the server responded with a status of 429 (TOO MANY REQUESTS) @ http://localhost:5173/api/market/HESAY:0
[  339359ms] [ERROR] Failed to load resource: the server responded with a status of 429 (TOO MANY REQUESTS) @ http://localhost:5173/api/market/HMC:0
[  339359ms] [ERROR] Failed to load resource: the server responded with a status of 429 (TOO MANY REQUESTS) @ http://localhost:5173/api/market/ITYBY:0
[  339363ms] [ERROR] Failed to load resource: the server responded with a status of 429 (TOO MANY REQUESTS) @ http://localhost:5173/api/market/JANX:0
[  339366ms] [ERROR] Failed to load resource: the server responded with a status of 429 (TOO MANY REQUESTS) @ http://localhost:5173/api/market/KAZA:0
[  339368ms] [ERROR] Failed to load resource: the server responded with a status of 429 (TOO MANY REQUESTS) @ http://localhost:5173/api/market/NERV:0
[  339369ms] [ERROR] Failed to load resource: the server responded with a status of 429 (TOO MANY REQUESTS) @ http://localhost:5173/api/market/LVMUY:0
[  339370ms] [ERROR] Failed to load resource: the server responded with a status of 429 (TOO MANY REQUESTS) @ http://localhost:5173/api/market/GLD:0
[  339370ms] [ERROR] Failed to load resource: the server responded with a status of 429 (TOO MANY REQUESTS) @ http://localhost:5173/api/market/BEAT:0
[  339371ms] [ERROR] Failed to load resource: the server responded with a status of 429 (TOO MANY REQUESTS) @ http://localhost:5173/api/market/AEG:0
[  339371ms] [ERROR] Failed to load resource: the server responded with a status of 429 (TOO MANY REQUESTS) @ http://localhost:5173/api/market/AIXXF:0
[  339377ms] [ERROR] Failed to load resource: the server responded with a status of 429 (TOO MANY REQUESTS) @ http://localhost:5173/api/market/ASML:0
[  339380ms] [ERROR] Failed to load resource: the server responded with a status of 429 (TOO MANY REQUESTS) @ http://localhost:5173/api/market/CLAR:0
[  339380ms] [ERROR] Failed to load resource: the server responded with a status of 429 (TOO MANY REQUESTS) @ http://localhost:5173/api/market/ALLO:0
[  339380ms] [ERROR] Failed to load resource: the server responded with a status of 429 (TOO MANY REQUESTS) @ http://localhost:5173/api/market/GALX:0
[  339380ms] [ERROR] Failed to load resource: the server responded with a status of 429 (TOO MANY REQUESTS) @ http://localhost:5173/api/market/MTRJY:0
[  339516ms] [ERROR] Failed to load resource: the server responded with a status of 429 (TOO MANY REQUESTS) @ http://localhost:5173/api/market/LXEH:0
[  339526ms] [ERROR] Failed to load resource: the server responded with a status of 429 (TOO MANY REQUESTS) @ http://localhost:5173/api/market/MTB:0
[  339539ms] [ERROR] Failed to load resource: the server responded with a status of 429 (TOO MANY REQUESTS) @ http://localhost:5173/api/market/AAPL:0
[  339540ms] [ERROR] Failed to load resource: the server responded with a status of 429 (TOO MANY REQUESTS) @ http://localhost:5173/api/market/FHN:0
[  339541ms] [ERROR] Failed to load resource: the server responded with a status of 429 (TOO MANY REQUESTS) @ http://localhost:5173/api/market/PNC:0
[  339542ms] [ERROR] Failed to load resource: the server responded with a status of 429 (TOO MANY REQUESTS) @ http://localhost:5173/api/market/BAC:0
[  339545ms] [ERROR] Failed to load resource: the server responded with a status of 429 (TOO MANY REQUESTS) @ http://localhost:5173/api/market/SNAP:0
[  339548ms] [ERROR] Failed to load resource: the server responded with a status of 429 (TOO MANY REQUESTS) @ http://localhost:5173/api/market/ALOG:0
[  339549ms] [ERROR] Failed to load resource: the server responded with a status of 429 (TOO MANY REQUESTS) @ http://localhost:5173/api/market/CGEN:0
[  339550ms] [ERROR] Failed to load resource: the server responded with a status of 429 (TOO MANY REQUESTS) @ http://localhost:5173/api/market/RVMD:0
[  339556ms] [ERROR] Failed to load resource: the server responded with a status of 429 (TOO MANY REQUESTS) @ http://localhost:5173/api/market/ASI:0
[  339558ms] [ERROR] Failed to load resource: the server responded with a status of 429 (TOO MANY REQUESTS) @ http://localhost:5173/api/market/VMAR:0
[  339563ms] [ERROR] Failed to load resource: the server responded with a status of 429 (TOO MANY REQUESTS) @ http://localhost:5173/api/market/LDOS:0
[  339567ms] [ERROR] Failed to load resource: the server responded with a status of 429 (TOO MANY REQUESTS) @ http://localhost:5173/api/market/LIXG:0
[  339568ms] [ERROR] Failed to load resource: the server responded with a status of 429 (TOO MANY REQUESTS) @ http://localhost:5173/api/market/RNW:0
[  339570ms] [ERROR] Failed to load resource: the server responded with a status of 429 (TOO MANY REQUESTS) @ http://localhost:5173/api/market/CRNT:0
[  339570ms] [ERROR] Failed to load resource: the server responded with a status of 429 (TOO MANY REQUESTS) @ http://localhost:5173/api/market/JBHT:0
[  339570ms] [ERROR] Failed to load resource: the server responded with a status of 429 (TOO MANY REQUESTS) @ http://localhost:5173/api/market/AVNS:0
[  339571ms] [ERROR] Failed to load resource: the server responded with a status of 429 (TOO MANY REQUESTS) @ http://localhost:5173/api/market/CL:0
[  339571ms] [ERROR] Failed to load resource: the server responded with a status of 429 (TOO MANY REQUESTS) @ http://localhost:5173/api/market/UBS:0
[  339577ms] [ERROR] Failed to load resource: the server responded with a status of 429 (TOO MANY REQUESTS) @ http://localhost:5173/api/market/CPER:0
[  339584ms] [ERROR] Failed to load resource: the server responded with a status of 429 (TOO MANY REQUESTS) @ http://localhost:5173/api/market/FSLR:0
[  339584ms] [ERROR] Failed to load resource: the server responded with a status of 429 (TOO MANY REQUESTS) @ http://localhost:5173/api/market/C:0
[  339584ms] [ERROR] Failed to load resource: the server responded with a status of 429 (TOO MANY REQUESTS) @ http://localhost:5173/api/market/NET:0
[  339585ms] [ERROR] Failed to load resource: the server responded with a status of 429 (TOO MANY REQUESTS) @ http://localhost:5173/api/market/WAGA.PA:0
[  339586ms] [ERROR] Failed to load resource: the server responded with a status of 429 (TOO MANY REQUESTS) @ http://localhost:5173/api/market/BRK:0
[  339586ms] [ERROR] Failed to load resource: the server responded with a status of 429 (TOO MANY REQUESTS) @ http://localhost:5173/api/market/NG:0
[  339588ms] [ERROR] Failed to load resource: the server responded with a status of 429 (TOO MANY REQUESTS) @ http://localhost:5173/api/market/KER.PA:0
[  339589ms] [ERROR] Failed to load resource: the server responded with a status of 429 (TOO MANY REQUESTS) @ http://localhost:5173/api/market/HESAY:0
[  339590ms] [ERROR] Failed to load resource: the server responded with a status of 429 (TOO MANY REQUESTS) @ http://localhost:5173/api/market/STLA:0
[  339598ms] [ERROR] Failed to load resource: the server responded with a status of 429 (TOO MANY REQUESTS) @ http://localhost:5173/api/market/ITYBY:0
[  339602ms] [ERROR] Failed to load resource: the server responded with a status of 429 (TOO MANY REQUESTS) @ http://localhost:5173/api/market/KAZA:0
[  339602ms] [ERROR] Failed to load resource: the server responded with a status of 429 (TOO MANY REQUESTS) @ http://localhost:5173/api/market/HMC:0
[  339603ms] [ERROR] Failed to load resource: the server responded with a status of 429 (TOO MANY REQUESTS) @ http://localhost:5173/api/market/NERV:0
[  339605ms] [ERROR] Failed to load resource: the server responded with a status of 429 (TOO MANY REQUESTS) @ http://localhost:5173/api/market/LVMUY:0
[  339605ms] [ERROR] Failed to load resource: the server responded with a status of 429 (TOO MANY REQUESTS) @ http://localhost:5173/api/market/JANX:0
[  339606ms] [ERROR] Failed to load resource: the server responded with a status of 429 (TOO MANY REQUESTS) @ http://localhost:5173/api/market/GLD:0
[  339609ms] [ERROR] Failed to load resource: the server responded with a status of 429 (TOO MANY REQUESTS) @ http://localhost:5173/api/market/AEG:0
[  339613ms] [ERROR] Failed to load resource: the server responded with a status of 429 (TOO MANY REQUESTS) @ http://localhost:5173/api/market/AIXXF:0
[  339614ms] [ERROR] Failed to load resource: the server responded with a status of 429 (TOO MANY REQUESTS) @ http://localhost:5173/api/market/BEAT:0
[  339627ms] [ERROR] Failed to load resource: the server responded with a status of 429 (TOO MANY REQUESTS) @ http://localhost:5173/api/market/ALLO:0
[  339629ms] [ERROR] Failed to load resource: the server responded with a status of 429 (TOO MANY REQUESTS) @ http://localhost:5173/api/market/MTRJY:0
[  339630ms] [ERROR] Failed to load resource: the server responded with a status of 429 (TOO MANY REQUESTS) @ http://localhost:5173/api/market/CLAR:0
[  339633ms] [ERROR] Failed to load resource: the server responded with a status of 429 (TOO MANY REQUESTS) @ http://localhost:5173/api/market/ASML:0
[  339635ms] [ERROR] Failed to load resource: the server responded with a status of 429 (TOO MANY REQUESTS) @ http://localhost:5173/api/market/GALX:0
[  344338ms] [ERROR] Failed to load resource: the server responded with a status of 429 (TOO MANY REQUESTS) @ http://localhost:5173/api/market/AAPL:0
[  344338ms] [ERROR] Failed to load resource: the server responded with a status of 429 (TOO MANY REQUESTS) @ http://localhost:5173/api/market/BAC:0
[  344338ms] [ERROR] Failed to load resource: the server responded with a status of 429 (TOO MANY REQUESTS) @ http://localhost:5173/api/market/PNC:0
[  344338ms] [ERROR] Failed to load resource: the server responded with a status of 429 (TOO MANY REQUESTS) @ http://localhost:5173/api/market/FHN:0
[  344338ms] [ERROR] Failed to load resource: the server responded with a status of 429 (TOO MANY REQUESTS) @ http://localhost:5173/api/market/LXEH:0
[  344338ms] [ERROR] Failed to load resource: the server responded with a status of 429 (TOO MANY REQUESTS) @ http://localhost:5173/api/market/MTB:0
[  344338ms] [ERROR] Failed to load resource: the server responded with a status of 429 (TOO MANY REQUESTS) @ http://localhost:5173/api/market/SNAP:0
[  344338ms] [ERROR] Failed to load resource: the server responded with a status of 429 (TOO MANY REQUESTS) @ http://localhost:5173/api/market/CGEN:0
[  344338ms] [ERROR] Failed to load resource: the server responded with a status of 429 (TOO MANY REQUESTS) @ http://localhost:5173/api/market/ALOG:0
[  344338ms] [ERROR] Failed to load resource: the server responded with a status of 429 (TOO MANY REQUESTS) @ http://localhost:5173/api/market/RVMD:0
[  344349ms] [ERROR] Failed to load resource: the server responded with a status of 429 (TOO MANY REQUESTS) @ http://localhost:5173/api/market/ASI:0
[  344352ms] [ERROR] Failed to load resource: the server responded with a status of 429 (TOO MANY REQUESTS) @ http://localhost:5173/api/market/VMAR:0
[  344353ms] [ERROR] Failed to load resource: the server responded with a status of 429 (TOO MANY REQUESTS) @ http://localhost:5173/api/market/CRNT:0
[  344353ms] [ERROR] Failed to load resource: the server responded with a status of 429 (TOO MANY REQUESTS) @ http://localhost:5173/api/market/LDOS:0
[  344354ms] [ERROR] Failed to load resource: the server responded with a status of 429 (TOO MANY REQUESTS) @ http://localhost:5173/api/market/RNW:0
[  344355ms] [ERROR] Failed to load resource: the server responded with a status of 429 (TOO MANY REQUESTS) @ http://localhost:5173/api/market/LIXG:0
[  344368ms] [ERROR] Failed to load resource: the server responded with a status of 429 (TOO MANY REQUESTS) @ http://localhost:5173/api/market/AVNS:0
[  344372ms] [ERROR] Failed to load resource: the server responded with a status of 429 (TOO MANY REQUESTS) @ http://localhost:5173/api/market/CL:0
[  344372ms] [ERROR] Failed to load resource: the server responded with a status of 429 (TOO MANY REQUESTS) @ http://localhost:5173/api/market/UBS:0
[  344372ms] [ERROR] Failed to load resource: the server responded with a status of 429 (TOO MANY REQUESTS) @ http://localhost:5173/api/market/JBHT:0
[  344377ms] [ERROR] Failed to load resource: the server responded with a status of 429 (TOO MANY REQUESTS) @ http://localhost:5173/api/market/WAGA.PA:0
[  344380ms] [ERROR] Failed to load resource: the server responded with a status of 429 (TOO MANY REQUESTS) @ http://localhost:5173/api/market/NET:0
[  344383ms] [ERROR] Failed to load resource: the server responded with a status of 429 (TOO MANY REQUESTS) @ http://localhost:5173/api/market/C:0
[  344388ms] [ERROR] Failed to load resource: the server responded with a status of 429 (TOO MANY REQUESTS) @ http://localhost:5173/api/market/FSLR:0
[  344391ms] [ERROR] Failed to load resource: the server responded with a status of 429 (TOO MANY REQUESTS) @ http://localhost:5173/api/market/NG:0
[  344391ms] [ERROR] Failed to load resource: the server responded with a status of 429 (TOO MANY REQUESTS) @ http://localhost:5173/api/market/STLA:0
[  344391ms] [ERROR] Failed to load resource: the server responded with a status of 429 (TOO MANY REQUESTS) @ http://localhost:5173/api/market/CPER:0
[  344392ms] [ERROR] Failed to load resource: the server responded with a status of 429 (TOO MANY REQUESTS) @ http://localhost:5173/api/market/BRK:0
[  344392ms] [ERROR] Failed to load resource: the server responded with a status of 429 (TOO MANY REQUESTS) @ http://localhost:5173/api/market/KER.PA:0
[  344393ms] [ERROR] Failed to load resource: the server responded with a status of 429 (TOO MANY REQUESTS) @ http://localhost:5173/api/market/HESAY:0
[  344402ms] [ERROR] Failed to load resource: the server responded with a status of 429 (TOO MANY REQUESTS) @ http://localhost:5173/api/market/LVMUY:0
[  344402ms] [ERROR] Failed to load resource: the server responded with a status of 429 (TOO MANY REQUESTS) @ http://localhost:5173/api/market/ITYBY:0
[  344404ms] [ERROR] Failed to load resource: the server responded with a status of 429 (TOO MANY REQUESTS) @ http://localhost:5173/api/market/JANX:0
[  344406ms] [ERROR] Failed to load resource: the server responded with a status of 429 (TOO MANY REQUESTS) @ http://localhost:5173/api/market/HMC:0
[  344410ms] [ERROR] Failed to load resource: the server responded with a status of 429 (TOO MANY REQUESTS) @ http://localhost:5173/api/market/KAZA:0
[  344411ms] [ERROR] Failed to load resource: the server responded with a status of 429 (TOO MANY REQUESTS) @ http://localhost:5173/api/market/NERV:0
[  344416ms] [ERROR] Failed to load resource: the server responded with a status of 429 (TOO MANY REQUESTS) @ http://localhost:5173/api/market/BEAT:0
[  344416ms] [ERROR] Failed to load resource: the server responded with a status of 429 (TOO MANY REQUESTS) @ http://localhost:5173/api/market/GLD:0
[  344416ms] [ERROR] Failed to load resource: the server responded with a status of 429 (TOO MANY REQUESTS) @ http://localhost:5173/api/market/AIXXF:0
[  344416ms] [ERROR] Failed to load resource: the server responded with a status of 429 (TOO MANY REQUESTS) @ http://localhost:5173/api/market/AEG:0
[  344429ms] [ERROR] Failed to load resource: the server responded with a status of 429 (TOO MANY REQUESTS) @ http://localhost:5173/api/market/ALLO:0
[  344430ms] [ERROR] Failed to load resource: the server responded with a status of 429 (TOO MANY REQUESTS) @ http://localhost:5173/api/market/GALX:0
[  344430ms] [ERROR] Failed to load resource: the server responded with a status of 429 (TOO MANY REQUESTS) @ http://localhost:5173/api/market/CLAR:0
[  344431ms] [ERROR] Failed to load resource: the server responded with a status of 429 (TOO MANY REQUESTS) @ http://localhost:5173/api/market/ASML:0
[  344431ms] [ERROR] Failed to load resource: the server responded with a status of 429 (TOO MANY REQUESTS) @ http://localhost:5173/api/market/MTRJY:0
[  346542ms] [VERBOSE] [DOM] Password forms should have (optionally hidden) username fields for accessibility: (More info: https://goo.gl/9p2vKq) %o @ http://localhost:5173/terminal:0
[  346543ms] [ERROR] Failed to load resource: the server responded with a status of 429 (TOO MANY REQUESTS) @ http://localhost:5173/api/market/AAPL:0
[  346543ms] [ERROR] Failed to load resource: the server responded with a status of 429 (TOO MANY REQUESTS) @ http://localhost:5173/api/market/BAC:0
[  346543ms] [ERROR] Failed to load resource: the server responded with a status of 429 (TOO MANY REQUESTS) @ http://localhost:5173/api/market/FHN:0
[  346543ms] [ERROR] Failed to load resource: the server responded with a status of 429 (TOO MANY REQUESTS) @ http://localhost:5173/api/market/MTB:0
[  346543ms] [ERROR] Failed to load resource: the server responded with a status of 429 (TOO MANY REQUESTS) @ http://localhost:5173/api/market/LXEH:0
[  346543ms] [ERROR] Failed to load resource: the server responded with a status of 429 (TOO MANY REQUESTS) @ http://localhost:5173/api/market/PNC:0
[  346543ms] [ERROR] Failed to load resource: the server responded with a status of 429 (TOO MANY REQUESTS) @ http://localhost:5173/api/market/SNAP:0
[  346543ms] [ERROR] Failed to load resource: the server responded with a status of 429 (TOO MANY REQUESTS) @ http://localhost:5173/api/market/ALOG:0
[  346543ms] [ERROR] Failed to load resource: the server responded with a status of 429 (TOO MANY REQUESTS) @ http://localhost:5173/api/market/CGEN:0
[  346543ms] [ERROR] Failed to load resource: the server responded with a status of 429 (TOO MANY REQUESTS) @ http://localhost:5173/api/market/RVMD:0
[  346560ms] [ERROR] Failed to load resource: the server responded with a status of 429 (TOO MANY REQUESTS) @ http://localhost:5173/api/market/VMAR:0
[  346560ms] [ERROR] Failed to load resource: the server responded with a status of 429 (TOO MANY REQUESTS) @ http://localhost:5173/api/market/ASI:0
[  346560ms] [ERROR] Failed to load resource: the server responded with a status of 429 (TOO MANY REQUESTS) @ http://localhost:5173/api/market/RNW:0
[  346560ms] [ERROR] Failed to load resource: the server responded with a status of 429 (TOO MANY REQUESTS) @ http://localhost:5173/api/market/CRNT:0
[  346560ms] [ERROR] Failed to load resource: the server responded with a status of 429 (TOO MANY REQUESTS) @ http://localhost:5173/api/market/LIXG:0
[  346560ms] [ERROR] Failed to load resource: the server responded with a status of 429 (TOO MANY REQUESTS) @ http://localhost:5173/api/market/LDOS:0
[  346560ms] [ERROR] Failed to load resource: the server responded with a status of 429 (TOO MANY REQUESTS) @ http://localhost:5173/api/market/AVNS:0
[  346573ms] [ERROR] Failed to load resource: the server responded with a status of 429 (TOO MANY REQUESTS) @ http://localhost:5173/api/market/UBS:0
[  346573ms] [ERROR] Failed to load resource: the server responded with a status of 429 (TOO MANY REQUESTS) @ http://localhost:5173/api/market/JBHT:0
[  346573ms] [ERROR] Failed to load resource: the server responded with a status of 429 (TOO MANY REQUESTS) @ http://localhost:5173/api/market/CL:0
[  346630ms] [ERROR] Failed to load resource: the server responded with a status of 429 (TOO MANY REQUESTS) @ http://localhost:5173/api/market/NET:0
[  346630ms] [ERROR] Failed to load resource: the server responded with a status of 429 (TOO MANY REQUESTS) @ http://localhost:5173/api/market/WAGA.PA:0
[  346630ms] [ERROR] Failed to load resource: the server responded with a status of 429 (TOO MANY REQUESTS) @ http://localhost:5173/api/market/CPER:0
[  346630ms] [ERROR] Failed to load resource: the server responded with a status of 429 (TOO MANY REQUESTS) @ http://localhost:5173/api/market/NG:0
[  346630ms] [ERROR] Failed to load resource: the server responded with a status of 429 (TOO MANY REQUESTS) @ http://localhost:5173/api/market/C:0
[  346630ms] [ERROR] Failed to load resource: the server responded with a status of 429 (TOO MANY REQUESTS) @ http://localhost:5173/api/market/FSLR:0
[  346630ms] [ERROR] Failed to load resource: the server responded with a status of 429 (TOO MANY REQUESTS) @ http://localhost:5173/api/market/STLA:0
[  346631ms] [ERROR] Failed to load resource: the server responded with a status of 429 (TOO MANY REQUESTS) @ http://localhost:5173/api/market/KER.PA:0
[  346631ms] [ERROR] Failed to load resource: the server responded with a status of 429 (TOO MANY REQUESTS) @ http://localhost:5173/api/market/HESAY:0
[  346631ms] [ERROR] Failed to load resource: the server responded with a status of 429 (TOO MANY REQUESTS) @ http://localhost:5173/api/market/BRK:0
[  346632ms] [ERROR] Failed to load resource: the server responded with a status of 429 (TOO MANY REQUESTS) @ http://localhost:5173/api/market/AAPL:0
[  346632ms] [ERROR] Failed to load resource: the server responded with a status of 429 (TOO MANY REQUESTS) @ http://localhost:5173/api/market/MTB:0
[  346632ms] [ERROR] Failed to load resource: the server responded with a status of 429 (TOO MANY REQUESTS) @ http://localhost:5173/api/market/LXEH:0
[  346632ms] [ERROR] Failed to load resource: the server responded with a status of 429 (TOO MANY REQUESTS) @ http://localhost:5173/api/market/BAC:0
[  346632ms] [ERROR] Failed to load resource: the server responded with a status of 429 (TOO MANY REQUESTS) @ http://localhost:5173/api/market/FHN:0
[  346633ms] [ERROR] Failed to load resource: the server responded with a status of 429 (TOO MANY REQUESTS) @ http://localhost:5173/api/market/SNAP:0
[  346633ms] [ERROR] Failed to load resource: the server responded with a status of 429 (TOO MANY REQUESTS) @ http://localhost:5173/api/market/CGEN:0
[  346633ms] [ERROR] Failed to load resource: the server responded with a status of 429 (TOO MANY REQUESTS) @ http://localhost:5173/api/market/ALOG:0
[  346633ms] [ERROR] Failed to load resource: the server responded with a status of 429 (TOO MANY REQUESTS) @ http://localhost:5173/api/market/PNC:0
[  346633ms] [ERROR] Failed to load resource: the server responded with a status of 429 (TOO MANY REQUESTS) @ http://localhost:5173/api/market/RVMD:0
[  346644ms] [ERROR] Failed to load resource: the server responded with a status of 429 (TOO MANY REQUESTS) @ http://localhost:5173/api/market/ITYBY:0
[  346644ms] [ERROR] Failed to load resource: the server responded with a status of 429 (TOO MANY REQUESTS) @ http://localhost:5173/api/market/LVMUY:0
[  346646ms] [ERROR] Failed to load resource: the server responded with a status of 429 (TOO MANY REQUESTS) @ http://localhost:5173/api/market/JANX:0
[  346650ms] [ERROR] Failed to load resource: the server responded with a status of 429 (TOO MANY REQUESTS) @ http://localhost:5173/api/market/HMC:0
[  346658ms] [ERROR] Failed to load resource: the server responded with a status of 429 (TOO MANY REQUESTS) @ http://localhost:5173/api/market/KAZA:0
[  346658ms] [ERROR] Failed to load resource: the server responded with a status of 429 (TOO MANY REQUESTS) @ http://localhost:5173/api/market/NERV:0
[  346658ms] [ERROR] Failed to load resource: the server responded with a status of 429 (TOO MANY REQUESTS) @ http://localhost:5173/api/market/GLD:0
[  346659ms] [ERROR] Failed to load resource: the server responded with a status of 429 (TOO MANY REQUESTS) @ http://localhost:5173/api/market/BEAT:0
[  346659ms] [ERROR] Failed to load resource: the server responded with a status of 429 (TOO MANY REQUESTS) @ http://localhost:5173/api/market/AEG:0
[  346659ms] [ERROR] Failed to load resource: the server responded with a status of 429 (TOO MANY REQUESTS) @ http://localhost:5173/api/market/AIXXF:0
[  346660ms] [ERROR] Failed to load resource: the server responded with a status of 429 (TOO MANY REQUESTS) @ http://localhost:5173/api/market/VMAR:0
[  346663ms] [ERROR] Failed to load resource: the server responded with a status of 429 (TOO MANY REQUESTS) @ http://localhost:5173/api/market/ASI:0
[  346663ms] [ERROR] Failed to load resource: the server responded with a status of 429 (TOO MANY REQUESTS) @ http://localhost:5173/api/market/LDOS:0
[  346673ms] [ERROR] Failed to load resource: the server responded with a status of 429 (TOO MANY REQUESTS) @ http://localhost:5173/api/market/CRNT:0
[  346674ms] [ERROR] Failed to load resource: the server responded with a status of 429 (TOO MANY REQUESTS) @ http://localhost:5173/api/market/RNW:0
[  346674ms] [ERROR] Failed to load resource: the server responded with a status of 429 (TOO MANY REQUESTS) @ http://localhost:5173/api/market/LIXG:0
[  346676ms] [ERROR] Failed to load resource: the server responded with a status of 429 (TOO MANY REQUESTS) @ http://localhost:5173/api/market/AVNS:0
[  346676ms] [ERROR] Failed to load resource: the server responded with a status of 429 (TOO MANY REQUESTS) @ http://localhost:5173/api/market/JBHT:0
[  346676ms] [ERROR] Failed to load resource: the server responded with a status of 429 (TOO MANY REQUESTS) @ http://localhost:5173/api/market/ALLO:0
[  346677ms] [ERROR] Failed to load resource: the server responded with a status of 429 (TOO MANY REQUESTS) @ http://localhost:5173/api/market/CLAR:0
[  346677ms] [ERROR] Failed to load resource: the server responded with a status of 429 (TOO MANY REQUESTS) @ http://localhost:5173/api/market/CL:0
[  346690ms] [ERROR] Failed to load resource: the server responded with a status of 429 (TOO MANY REQUESTS) @ http://localhost:5173/api/market/UBS:0
[  346707ms] [ERROR] Failed to load resource: the server responded with a status of 429 (TOO MANY REQUESTS) @ http://localhost:5173/api/market/GALX:0
[  346707ms] [ERROR] Failed to load resource: the server responded with a status of 429 (TOO MANY REQUESTS) @ http://localhost:5173/api/market/MTRJY:0
[  346707ms] [ERROR] Failed to load resource: the server responded with a status of 429 (TOO MANY REQUESTS) @ http://localhost:5173/api/market/ASML:0
[  346723ms] [ERROR] Failed to load resource: the server responded with a status of 429 (TOO MANY REQUESTS) @ http://localhost:5173/api/market/NET:0
[  346723ms] [ERROR] Failed to load resource: the server responded with a status of 429 (TOO MANY REQUESTS) @ http://localhost:5173/api/market/WAGA.PA:0
[  346723ms] [ERROR] Failed to load resource: the server responded with a status of 429 (TOO MANY REQUESTS) @ http://localhost:5173/api/market/C:0
[  346723ms] [ERROR] Failed to load resource: the server responded with a status of 429 (TOO MANY REQUESTS) @ http://localhost:5173/api/market/NG:0
[  346723ms] [ERROR] Failed to load resource: the server responded with a status of 429 (TOO MANY REQUESTS) @ http://localhost:5173/api/market/CPER:0
[  346723ms] [ERROR] Failed to load resource: the server responded with a status of 429 (TOO MANY REQUESTS) @ http://localhost:5173/api/market/FSLR:0
[  346723ms] [ERROR] Failed to load resource: the server responded with a status of 429 (TOO MANY REQUESTS) @ http://localhost:5173/api/market/KER.PA:0
[  346724ms] [ERROR] Failed to load resource: the server responded with a status of 429 (TOO MANY REQUESTS) @ http://localhost:5173/api/market/BRK:0
[  346760ms] [ERROR] Failed to load resource: the server responded with a status of 429 (TOO MANY REQUESTS) @ http://localhost:5173/api/market/HESAY:0
[  346760ms] [ERROR] Failed to load resource: the server responded with a status of 429 (TOO MANY REQUESTS) @ http://localhost:5173/api/market/STLA:0
[  346780ms] [ERROR] Failed to load resource: the server responded with a status of 429 (TOO MANY REQUESTS) @ http://localhost:5173/api/market/KAZA:0
[  346780ms] [ERROR] Failed to load resource: the server responded with a status of 429 (TOO MANY REQUESTS) @ http://localhost:5173/api/market/HMC:0
[  346780ms] [ERROR] Failed to load resource: the server responded with a status of 429 (TOO MANY REQUESTS) @ http://localhost:5173/api/market/LVMUY:0
[  346780ms] [ERROR] Failed to load resource: the server responded with a status of 429 (TOO MANY REQUESTS) @ http://localhost:5173/api/market/ITYBY:0
[  346780ms] [ERROR] Failed to load resource: the server responded with a status of 429 (TOO MANY REQUESTS) @ http://localhost:5173/api/market/JANX:0
[  346780ms] [ERROR] Failed to load resource: the server responded with a status of 429 (TOO MANY REQUESTS) @ http://localhost:5173/api/market/NERV:0
[  346780ms] [ERROR] Failed to load resource: the server responded with a status of 429 (TOO MANY REQUESTS) @ http://localhost:5173/api/market/GLD:0
[  346781ms] [ERROR] Failed to load resource: the server responded with a status of 429 (TOO MANY REQUESTS) @ http://localhost:5173/api/market/BEAT:0
[  346781ms] [ERROR] Failed to load resource: the server responded with a status of 429 (TOO MANY REQUESTS) @ http://localhost:5173/api/market/AIXXF:0
[  346781ms] [ERROR] Failed to load resource: the server responded with a status of 429 (TOO MANY REQUESTS) @ http://localhost:5173/api/market/AEG:0
[  346793ms] [ERROR] Failed to load resource: the server responded with a status of 429 (TOO MANY REQUESTS) @ http://localhost:5173/api/market/ALLO:0
[  346794ms] [ERROR] Failed to load resource: the server responded with a status of 429 (TOO MANY REQUESTS) @ http://localhost:5173/api/market/CLAR:0
[  346794ms] [ERROR] Failed to load resource: the server responded with a status of 429 (TOO MANY REQUESTS) @ http://localhost:5173/api/market/GALX:0
[  346794ms] [ERROR] Failed to load resource: the server responded with a status of 429 (TOO MANY REQUESTS) @ http://localhost:5173/api/market/ASML:0
[  346794ms] [ERROR] Failed to load resource: the server responded with a status of 429 (TOO MANY REQUESTS) @ http://localhost:5173/api/market/MTRJY:0
[  351433ms] [ERROR] Failed to load resource: the server responded with a status of 429 (TOO MANY REQUESTS) @ http://localhost:5173/api/market/AAPL:0
[  351433ms] [ERROR] Failed to load resource: the server responded with a status of 429 (TOO MANY REQUESTS) @ http://localhost:5173/api/market/MTB:0
[  351433ms] [ERROR] Failed to load resource: the server responded with a status of 429 (TOO MANY REQUESTS) @ http://localhost:5173/api/market/FHN:0
[  351433ms] [ERROR] Failed to load resource: the server responded with a status of 429 (TOO MANY REQUESTS) @ http://localhost:5173/api/market/BAC:0
[  351433ms] [ERROR] Failed to load resource: the server responded with a status of 429 (TOO MANY REQUESTS) @ http://localhost:5173/api/market/PNC:0
[  351433ms] [ERROR] Failed to load resource: the server responded with a status of 429 (TOO MANY REQUESTS) @ http://localhost:5173/api/market/LXEH:0
[  351433ms] [ERROR] Failed to load resource: the server responded with a status of 429 (TOO MANY REQUESTS) @ http://localhost:5173/api/market/SNAP:0
[  351433ms] [ERROR] Failed to load resource: the server responded with a status of 429 (TOO MANY REQUESTS) @ http://localhost:5173/api/market/ALOG:0
[  351434ms] [ERROR] Failed to load resource: the server responded with a status of 429 (TOO MANY REQUESTS) @ http://localhost:5173/api/market/CGEN:0
[  351434ms] [ERROR] Failed to load resource: the server responded with a status of 429 (TOO MANY REQUESTS) @ http://localhost:5173/api/market/RVMD:0
[  351444ms] [ERROR] Failed to load resource: the server responded with a status of 429 (TOO MANY REQUESTS) @ http://localhost:5173/api/market/ASI:0
[  351445ms] [ERROR] Failed to load resource: the server responded with a status of 429 (TOO MANY REQUESTS) @ http://localhost:5173/api/market/CRNT:0
[  351449ms] [ERROR] Failed to load resource: the server responded with a status of 429 (TOO MANY REQUESTS) @ http://localhost:5173/api/market/VMAR:0
[  351452ms] [ERROR] Failed to load resource: the server responded with a status of 429 (TOO MANY REQUESTS) @ http://localhost:5173/api/market/RNW:0
[  351453ms] [ERROR] Failed to load resource: the server responded with a status of 429 (TOO MANY REQUESTS) @ http://localhost:5173/api/market/LDOS:0
[  351456ms] [ERROR] Failed to load resource: the server responded with a status of 429 (TOO MANY REQUESTS) @ http://localhost:5173/api/market/LIXG:0
[  351456ms] [ERROR] Failed to load resource: the server responded with a status of 429 (TOO MANY REQUESTS) @ http://localhost:5173/api/market/AVNS:0
[  351457ms] [ERROR] Failed to load resource: the server responded with a status of 429 (TOO MANY REQUESTS) @ http://localhost:5173/api/market/JBHT:0
[  351457ms] [ERROR] Failed to load resource: the server responded with a status of 429 (TOO MANY REQUESTS) @ http://localhost:5173/api/market/UBS:0
[  351458ms] [ERROR] Failed to load resource: the server responded with a status of 429 (TOO MANY REQUESTS) @ http://localhost:5173/api/market/CL:0
[  351465ms] [ERROR] Failed to load resource: the server responded with a status of 429 (TOO MANY REQUESTS) @ http://localhost:5173/api/market/NG:0
[  351469ms] [ERROR] Failed to load resource: the server responded with a status of 429 (TOO MANY REQUESTS) @ http://localhost:5173/api/market/NET:0
[  351472ms] [ERROR] Failed to load resource: the server responded with a status of 429 (TOO MANY REQUESTS) @ http://localhost:5173/api/market/C:0
[  351473ms] [ERROR] Failed to load resource: the server responded with a status of 429 (TOO MANY REQUESTS) @ http://localhost:5173/api/market/FSLR:0
[  351474ms] [ERROR] Failed to load resource: the server responded with a status of 429 (TOO MANY REQUESTS) @ http://localhost:5173/api/market/CPER:0
[  351474ms] [ERROR] Failed to load resource: the server responded with a status of 429 (TOO MANY REQUESTS) @ http://localhost:5173/api/market/WAGA.PA:0
[  351474ms] [ERROR] Failed to load resource: the server responded with a status of 429 (TOO MANY REQUESTS) @ http://localhost:5173/api/market/BRK:0
[  351476ms] [ERROR] Failed to load resource: the server responded with a status of 429 (TOO MANY REQUESTS) @ http://localhost:5173/api/market/KER.PA:0
[  351478ms] [ERROR] Failed to load resource: the server responded with a status of 429 (TOO MANY REQUESTS) @ http://localhost:5173/api/market/STLA:0
[  351478ms] [ERROR] Failed to load resource: the server responded with a status of 429 (TOO MANY REQUESTS) @ http://localhost:5173/api/market/HESAY:0
[  351488ms] [ERROR] Failed to load resource: the server responded with a status of 429 (TOO MANY REQUESTS) @ http://localhost:5173/api/market/ITYBY:0
[  351490ms] [ERROR] Failed to load resource: the server responded with a status of 429 (TOO MANY REQUESTS) @ http://localhost:5173/api/market/HMC:0
[  351491ms] [ERROR] Failed to load resource: the server responded with a status of 429 (TOO MANY REQUESTS) @ http://localhost:5173/api/market/NERV:0
[  351491ms] [ERROR] Failed to load resource: the server responded with a status of 429 (TOO MANY REQUESTS) @ http://localhost:5173/api/market/KAZA:0
[  351492ms] [ERROR] Failed to load resource: the server responded with a status of 429 (TOO MANY REQUESTS) @ http://localhost:5173/api/market/JANX:0
[  351492ms] [ERROR] Failed to load resource: the server responded with a status of 429 (TOO MANY REQUESTS) @ http://localhost:5173/api/market/LVMUY:0
[  351496ms] [ERROR] Failed to load resource: the server responded with a status of 429 (TOO MANY REQUESTS) @ http://localhost:5173/api/market/GLD:0
[  351497ms] [ERROR] Failed to load resource: the server responded with a status of 429 (TOO MANY REQUESTS) @ http://localhost:5173/api/market/BEAT:0
[  351497ms] [ERROR] Failed to load resource: the server responded with a status of 429 (TOO MANY REQUESTS) @ http://localhost:5173/api/market/AEG:0
[  351497ms] [ERROR] Failed to load resource: the server responded with a status of 429 (TOO MANY REQUESTS) @ http://localhost:5173/api/market/AIXXF:0
[  351504ms] [ERROR] Failed to load resource: the server responded with a status of 429 (TOO MANY REQUESTS) @ http://localhost:5173/api/market/ASML:0
[  351505ms] [ERROR] Failed to load resource: the server responded with a status of 429 (TOO MANY REQUESTS) @ http://localhost:5173/api/market/CLAR:0
[  351506ms] [ERROR] Failed to load resource: the server responded with a status of 429 (TOO MANY REQUESTS) @ http://localhost:5173/api/market/ALLO:0
[  351507ms] [ERROR] Failed to load resource: the server responded with a status of 429 (TOO MANY REQUESTS) @ http://localhost:5173/api/market/MTRJY:0
[  351507ms] [ERROR] Failed to load resource: the server responded with a status of 429 (TOO MANY REQUESTS) @ http://localhost:5173/api/market/GALX:0
