[      29ms] [VERBOSE] [DOM] Password field is not contained in a form: (More info: https://goo.gl/9p2vKq) %o @ http://localhost:5173/admin:0
[      29ms] [VERBOSE] [DOM] Password forms should have (optionally hidden) username fields for accessibility: (More info: https://goo.gl/9p2vKq) %o @ http://localhost:5173/admin:0
[     306ms] [ERROR] Failed to load resource: the server responded with a status of 403 (FORBIDDEN) @ http://localhost:5173/admin/api/stats:0
[     309ms] [ERROR] Failed to load resource: the server responded with a status of 403 (FORBIDDEN) @ http://localhost:5173/admin/api/sync/check:0
[     312ms] [ERROR] Failed to load resource: the server responded with a status of 403 (FORBIDDEN) @ http://localhost:5173/admin/api/stats:0
[     424ms] [ERROR] Failed to load resource: the server responded with a status of 403 (FORBIDDEN) @ http://localhost:5173/admin/api/stats/signups?days=30:0
[     425ms] [ERROR] Failed to load resource: the server responded with a status of 403 (FORBIDDEN) @ http://localhost:5173/admin/api/audit-log?limit=5:0
[  183136ms] [VERBOSE] [DOM] Password field is not contained in a form: (More info: https://goo.gl/9p2vKq) %o @ http://localhost:5173/admin:0
[  183136ms] [VERBOSE] [DOM] Password forms should have (optionally hidden) username fields for accessibility: (More info: https://goo.gl/9p2vKq) %o @ http://localhost:5173/admin:0
[  183323ms] [ERROR] Failed to load resource: the server responded with a status of 403 (FORBIDDEN) @ http://localhost:5173/admin/api/stats:0
[  183324ms] [ERROR] Failed to load resource: the server responded with a status of 403 (FORBIDDEN) @ http://localhost:5173/admin/api/stats/signups?days=30:0
[  183327ms] [ERROR] Failed to load resource: the server responded with a status of 403 (FORBIDDEN) @ http://localhost:5173/admin/api/audit-log?limit=5:0
[  183331ms] [ERROR] Failed to load resource: the server responded with a status of 403 (FORBIDDEN) @ http://localhost:5173/admin/api/stats:0
[  183331ms] [ERROR] Failed to load resource: the server responded with a status of 403 (FORBIDDEN) @ http://localhost:5173/admin/api/sync/check:0
[  193387ms] [VERBOSE] [DOM] Password field is not contained in a form: (More info: https://goo.gl/9p2vKq) %o @ http://localhost:5173/admin:0
[  193387ms] [VERBOSE] [DOM] Password forms should have (optionally hidden) username fields for accessibility: (More info: https://goo.gl/9p2vKq) %o @ http://localhost:5173/admin:0
[  193498ms] [ERROR] Failed to load resource: the server responded with a status of 403 (FORBIDDEN) @ http://localhost:5173/admin/api/stats:0
[  193499ms] [ERROR] Failed to load resource: the server responded with a status of 403 (FORBIDDEN) @ http://localhost:5173/admin/api/audit-log?limit=5:0
[  193500ms] [ERROR] Failed to load resource: the server responded with a status of 403 (FORBIDDEN) @ http://localhost:5173/admin/api/stats/signups?days=30:0
[  193507ms] [ERROR] Failed to load resource: the server responded with a status of 403 (FORBIDDEN) @ http://localhost:5173/admin/api/sync/check:0
[  193509ms] [ERROR] Failed to load resource: the server responded with a status of 403 (FORBIDDEN) @ http://localhost:5173/admin/api/stats:0
[  438990ms] [VERBOSE] [DOM] Password field is not contained in a form: (More info: https://goo.gl/9p2vKq) %o @ http://localhost:5173/admin:0
[  438991ms] [VERBOSE] [DOM] Password forms should have (optionally hidden) username fields for accessibility: (More info: https://goo.gl/9p2vKq) %o @ http://localhost:5173/admin:0
[  439139ms] [ERROR] Failed to load resource: the server responded with a status of 403 (FORBIDDEN) @ http://localhost:5173/admin/api/stats:0
[  439142ms] [ERROR] Failed to load resource: the server responded with a status of 403 (FORBIDDEN) @ http://localhost:5173/admin/api/stats/signups?days=30:0
[  439146ms] [ERROR] Failed to load resource: the server responded with a status of 403 (FORBIDDEN) @ http://localhost:5173/admin/api/audit-log?limit=5:0
[  439146ms] [ERROR] Failed to load resource: the server responded with a status of 403 (FORBIDDEN) @ http://localhost:5173/admin/api/sync/check:0
[  439150ms] [ERROR] Failed to load resource: the server responded with a status of 403 (FORBIDDEN) @ http://localhost:5173/admin/api/stats:0
[  461980ms] [VERBOSE] [DOM] Password field is not contained in a form: (More info: https://goo.gl/9p2vKq) %o @ http://localhost:5173/admin:0
[  461980ms] [VERBOSE] [DOM] Password forms should have (optionally hidden) username fields for accessibility: (More info: https://goo.gl/9p2vKq) %o @ http://localhost:5173/admin:0
[  462083ms] [ERROR] Failed to load resource: the server responded with a status of 403 (FORBIDDEN) @ http://localhost:5173/admin/api/stats:0
[  462083ms] [ERROR] Failed to load resource: the server responded with a status of 403 (FORBIDDEN) @ http://localhost:5173/admin/api/stats/signups?days=30:0
[  462083ms] [ERROR] Failed to load resource: the server responded with a status of 403 (FORBIDDEN) @ http://localhost:5173/admin/api/audit-log?limit=5:0
[  462083ms] [ERROR] Failed to load resource: the server responded with a status of 403 (FORBIDDEN) @ http://localhost:5173/admin/api/sync/check:0
[  462085ms] [ERROR] Failed to load resource: the server responded with a status of 403 (FORBIDDEN) @ http://localhost:5173/admin/api/stats:0
[  471907ms] [VERBOSE] [DOM] Password field is not contained in a form: (More info: https://goo.gl/9p2vKq) %o @ http://localhost:5173/admin:0
[  471907ms] [VERBOSE] [DOM] Password forms should have (optionally hidden) username fields for accessibility: (More info: https://goo.gl/9p2vKq) %o @ http://localhost:5173/admin:0
[  472067ms] [ERROR] Failed to load resource: the server responded with a status of 403 (FORBIDDEN) @ http://localhost:5173/admin/api/stats:0
[  472067ms] [ERROR] Failed to load resource: the server responded with a status of 403 (FORBIDDEN) @ http://localhost:5173/admin/api/stats/signups?days=30:0
[  472067ms] [ERROR] Failed to load resource: the server responded with a status of 403 (FORBIDDEN) @ http://localhost:5173/admin/api/audit-log?limit=5:0
[  472067ms] [ERROR] Failed to load resource: the server responded with a status of 403 (FORBIDDEN) @ http://localhost:5173/admin/api/sync/check:0
[  472073ms] [ERROR] Failed to load resource: the server responded with a status of 403 (FORBIDDEN) @ http://localhost:5173/admin/api/stats:0
[  482024ms] [VERBOSE] [DOM] Password field is not contained in a form: (More info: https://goo.gl/9p2vKq) %o @ http://localhost:5173/admin:0
[  482024ms] [VERBOSE] [DOM] Password forms should have (optionally hidden) username fields for accessibility: (More info: https://goo.gl/9p2vKq) %o @ http://localhost:5173/admin:0
[  482146ms] [ERROR] Failed to load resource: the server responded with a status of 403 (FORBIDDEN) @ http://localhost:5173/admin/api/stats:0
[  482146ms] [ERROR] Failed to load resource: the server responded with a status of 403 (FORBIDDEN) @ http://localhost:5173/admin/api/stats/signups?days=30:0
[  482146ms] [ERROR] Failed to load resource: the server responded with a status of 403 (FORBIDDEN) @ http://localhost:5173/admin/api/audit-log?limit=5:0
[  482148ms] [ERROR] Failed to load resource: the server responded with a status of 403 (FORBIDDEN) @ http://localhost:5173/admin/api/sync/check:0
[  482155ms] [ERROR] Failed to load resource: the server responded with a status of 403 (FORBIDDEN) @ http://localhost:5173/admin/api/stats:0
[  490536ms] [VERBOSE] [DOM] Password field is not contained in a form: (More info: https://goo.gl/9p2vKq) %o @ http://localhost:5173/admin:0
[  490536ms] [VERBOSE] [DOM] Password forms should have (optionally hidden) username fields for accessibility: (More info: https://goo.gl/9p2vKq) %o @ http://localhost:5173/admin:0
[  490653ms] [ERROR] Failed to load resource: the server responded with a status of 403 (FORBIDDEN) @ http://localhost:5173/admin/api/stats/signups?days=30:0
[  490653ms] [ERROR] Failed to load resource: the server responded with a status of 403 (FORBIDDEN) @ http://localhost:5173/admin/api/stats:0
[  490653ms] [ERROR] Failed to load resource: the server responded with a status of 403 (FORBIDDEN) @ http://localhost:5173/admin/api/audit-log?limit=5:0
[  490653ms] [ERROR] Failed to load resource: the server responded with a status of 403 (FORBIDDEN) @ http://localhost:5173/admin/api/sync/check:0
[  490670ms] [ERROR] Failed to load resource: the server responded with a status of 403 (FORBIDDEN) @ http://localhost:5173/admin/api/stats:0
[  512762ms] [VERBOSE] [DOM] Password field is not contained in a form: (More info: https://goo.gl/9p2vKq) %o @ http://localhost:5173/admin:0
[  512762ms] [VERBOSE] [DOM] Password forms should have (optionally hidden) username fields for accessibility: (More info: https://goo.gl/9p2vKq) %o @ http://localhost:5173/admin:0
[  512860ms] [ERROR] Failed to load resource: the server responded with a status of 403 (FORBIDDEN) @ http://localhost:5173/admin/api/stats:0
[  512860ms] [ERROR] Failed to load resource: the server responded with a status of 403 (FORBIDDEN) @ http://localhost:5173/admin/api/audit-log?limit=5:0
[  512860ms] [ERROR] Failed to load resource: the server responded with a status of 403 (FORBIDDEN) @ http://localhost:5173/admin/api/stats/signups?days=30:0
[  512864ms] [ERROR] Failed to load resource: the server responded with a status of 403 (FORBIDDEN) @ http://localhost:5173/admin/api/sync/check:0
[  512868ms] [ERROR] Failed to load resource: the server responded with a status of 403 (FORBIDDEN) @ http://localhost:5173/admin/api/stats:0
[  530299ms] [VERBOSE] [DOM] Password field is not contained in a form: (More info: https://goo.gl/9p2vKq) %o @ http://localhost:5173/admin:0
[  530299ms] [VERBOSE] [DOM] Password forms should have (optionally hidden) username fields for accessibility: (More info: https://goo.gl/9p2vKq) %o @ http://localhost:5173/admin:0
[  530409ms] [ERROR] Failed to load resource: the server responded with a status of 403 (FORBIDDEN) @ http://localhost:5173/admin/api/stats:0
[  530409ms] [ERROR] Failed to load resource: the server responded with a status of 403 (FORBIDDEN) @ http://localhost:5173/admin/api/stats/signups?days=30:0
[  530410ms] [ERROR] Failed to load resource: the server responded with a status of 403 (FORBIDDEN) @ http://localhost:5173/admin/api/audit-log?limit=5:0
[  530411ms] [ERROR] Failed to load resource: the server responded with a status of 403 (FORBIDDEN) @ http://localhost:5173/admin/api/sync/check:0
[  530417ms] [ERROR] Failed to load resource: the server responded with a status of 403 (FORBIDDEN) @ http://localhost:5173/admin/api/stats:0
