[      53ms] [VERBOSE] [DOM] Password forms should have (optionally hidden) username fields for accessibility: (More info: https://goo.gl/9p2vKq) %o @ http://localhost:5173/terminal:0
[    5158ms] [ERROR] Failed to load resource: the server responded with a status of 404 (NOT FOUND) @ http://localhost:5173/api/market/MMC?asset_type=STOCK:0
[    5489ms] [ERROR] Failed to load resource: the server responded with a status of 404 (NOT FOUND) @ http://localhost:5173/api/market/PNG?asset_type=STOCK:0
[    5567ms] [ERROR] Failed to load resource: the server responded with a status of 404 (NOT FOUND) @ http://localhost:5173/api/market/MNYG?asset_type=STOCK:0
[    5718ms] [ERROR] Failed to load resource: the server responded with a status of 404 (NOT FOUND) @ http://localhost:5173/api/market/GBP?asset_type=CURRENCY:0
[   10340ms] [ERROR] Failed to load resource: the server responded with a status of 404 (NOT FOUND) @ http://localhost:5173/api/market/MMC?asset_type=STOCK:0
[   10539ms] [ERROR] Failed to load resource: the server responded with a status of 404 (NOT FOUND) @ http://localhost:5173/api/market/MMC?asset_type=STOCK:0
[   11415ms] [ERROR] Failed to load resource: the server responded with a status of 404 (NOT FOUND) @ http://localhost:5173/api/market/PNG?asset_type=STOCK:0
[   11494ms] [ERROR] Failed to load resource: the server responded with a status of 404 (NOT FOUND) @ http://localhost:5173/api/market/MNYG?asset_type=STOCK:0
[   11645ms] [ERROR] Failed to load resource: the server responded with a status of 404 (NOT FOUND) @ http://localhost:5173/api/market/PNG?asset_type=STOCK:0
[   11724ms] [ERROR] Failed to load resource: the server responded with a status of 404 (NOT FOUND) @ http://localhost:5173/api/market/MNYG?asset_type=STOCK:0
[   11807ms] [ERROR] Failed to load resource: the server responded with a status of 404 (NOT FOUND) @ http://localhost:5173/api/market/GBP?asset_type=CURRENCY:0
[   11989ms] [ERROR] Failed to load resource: the server responded with a status of 404 (NOT FOUND) @ http://localhost:5173/api/market/GBP?asset_type=CURRENCY:0
[   15151ms] [ERROR] Failed to load resource: the server responded with a status of 404 (NOT FOUND) @ http://localhost:5173/api/market/MMC?asset_type=STOCK:0
[   15334ms] [ERROR] Failed to load resource: the server responded with a status of 404 (NOT FOUND) @ http://localhost:5173/api/market/PNG?asset_type=STOCK:0
[   15349ms] [ERROR] Failed to load resource: the server responded with a status of 404 (NOT FOUND) @ http://localhost:5173/api/market/MNYG?asset_type=STOCK:0
[   15514ms] [ERROR] Failed to load resource: the server responded with a status of 404 (NOT FOUND) @ http://localhost:5173/api/market/GBP?asset_type=CURRENCY:0
[   20174ms] [ERROR] Failed to load resource: the server responded with a status of 404 (NOT FOUND) @ http://localhost:5173/api/market/MMC?asset_type=STOCK:0
[   20341ms] [ERROR] Failed to load resource: the server responded with a status of 404 (NOT FOUND) @ http://localhost:5173/api/market/PNG?asset_type=STOCK:0
[   20422ms] [ERROR] Failed to load resource: the server responded with a status of 404 (NOT FOUND) @ http://localhost:5173/api/market/MNYG?asset_type=STOCK:0
[   20520ms] [ERROR] Failed to load resource: the server responded with a status of 404 (NOT FOUND) @ http://localhost:5173/api/market/MMC?asset_type=STOCK:0
[   20771ms] [ERROR] Failed to load resource: the server responded with a status of 404 (NOT FOUND) @ http://localhost:5173/api/market/GBP?asset_type=CURRENCY:0
[   20852ms] [ERROR] Failed to load resource: the server responded with a status of 404 (NOT FOUND) @ http://localhost:5173/api/market/PNG?asset_type=STOCK:0
[   20931ms] [ERROR] Failed to load resource: the server responded with a status of 404 (NOT FOUND) @ http://localhost:5173/api/market/MNYG?asset_type=STOCK:0
[   21168ms] [ERROR] Failed to load resource: the server responded with a status of 404 (NOT FOUND) @ http://localhost:5173/api/market/GBP?asset_type=CURRENCY:0
[   25151ms] [ERROR] Failed to load resource: the server responded with a status of 404 (NOT FOUND) @ http://localhost:5173/api/market/MMC?asset_type=STOCK:0
[   25154ms] [ERROR] Failed to load resource: the server responded with a status of 429 (TOO MANY REQUESTS) @ http://localhost:5173/api/market/SVRA?asset_type=STOCK:0
[   25233ms] [ERROR] Failed to load resource: the server responded with a status of 429 (TOO MANY REQUESTS) @ http://localhost:5173/api/market/IIIN?asset_type=STOCK:0
[   25233ms] [ERROR] Failed to load resource: the server responded with a status of 429 (TOO MANY REQUESTS) @ http://localhost:5173/api/market/KPLT?asset_type=STOCK:0
[   25238ms] [ERROR] Failed to load resource: the server responded with a status of 429 (TOO MANY REQUESTS) @ http://localhost:5173/api/market/MNYG?asset_type=STOCK:0
[   25244ms] [ERROR] Failed to load resource: the server responded with a status of 429 (TOO MANY REQUESTS) @ http://localhost:5173/api/market/GSBC?asset_type=STOCK:0
[   25244ms] [ERROR] Failed to load resource: the server responded with a status of 429 (TOO MANY REQUESTS) @ http://localhost:5173/api/market/XLF?asset_type=ETF:0
[   25248ms] [ERROR] Failed to load resource: the server responded with a status of 429 (TOO MANY REQUESTS) @ http://localhost:5173/api/market/HOMB?asset_type=STOCK:0
[   25300ms] [ERROR] Failed to load resource: the server responded with a status of 404 (NOT FOUND) @ http://localhost:5173/api/market/PNG?asset_type=STOCK:0
[   25314ms] [ERROR] Failed to load resource: the server responded with a status of 429 (TOO MANY REQUESTS) @ http://localhost:5173/api/market/FXY?asset_type=ETF:0
[   25316ms] [ERROR] Failed to load resource: the server responded with a status of 429 (TOO MANY REQUESTS) @ http://localhost:5173/api/market/WWD?asset_type=STOCK:0
[   25318ms] [ERROR] Failed to load resource: the server responded with a status of 429 (TOO MANY REQUESTS) @ http://localhost:5173/api/market/FXI?asset_type=ETF:0
[   25320ms] [ERROR] Failed to load resource: the server responded with a status of 429 (TOO MANY REQUESTS) @ http://localhost:5173/api/market/TSM?asset_type=STOCK:0
[   25324ms] [ERROR] Failed to load resource: the server responded with a status of 429 (TOO MANY REQUESTS) @ http://localhost:5173/api/market/ALLE?asset_type=STOCK:0
[   25324ms] [ERROR] Failed to load resource: the server responded with a status of 429 (TOO MANY REQUESTS) @ http://localhost:5173/api/market/VVOS?asset_type=STOCK:0
[   25387ms] [ERROR] Failed to load resource: the server responded with a status of 404 (NOT FOUND) @ http://localhost:5173/api/market/GBP?asset_type=CURRENCY:0
[   25398ms] [ERROR] Failed to load resource: the server responded with a status of 429 (TOO MANY REQUESTS) @ http://localhost:5173/api/market/MASI?asset_type=STOCK:0
[   25398ms] [ERROR] Failed to load resource: the server responded with a status of 429 (TOO MANY REQUESTS) @ http://localhost:5173/api/market/MS?asset_type=STOCK:0
[   25398ms] [ERROR] Failed to load resource: the server responded with a status of 429 (TOO MANY REQUESTS) @ http://localhost:5173/api/market/LMT?asset_type=STOCK:0
[   25398ms] [ERROR] Failed to load resource: the server responded with a status of 429 (TOO MANY REQUESTS) @ http://localhost:5173/api/market/ESE?asset_type=STOCK:0
[   30089ms] [ERROR] Failed to load resource: the server responded with a status of 429 (TOO MANY REQUESTS) @ http://localhost:5173/api/market/MMC?asset_type=STOCK:0
[   30095ms] [ERROR] Failed to load resource: the server responded with a status of 429 (TOO MANY REQUESTS) @ http://localhost:5173/api/market/TRV?asset_type=STOCK:0
[   30095ms] [ERROR] Failed to load resource: the server responded with a status of 429 (TOO MANY REQUESTS) @ http://localhost:5173/api/market/CFG?asset_type=STOCK:0
[   30141ms] [ERROR] Failed to load resource: the server responded with a status of 429 (TOO MANY REQUESTS) @ http://localhost:5173/api/market/GOOGL?asset_type=STOCK:0
[   30142ms] [ERROR] Failed to load resource: the server responded with a status of 429 (TOO MANY REQUESTS) @ http://localhost:5173/api/market/CARZ?asset_type=ETF:0
[   30142ms] [ERROR] Failed to load resource: the server responded with a status of 429 (TOO MANY REQUESTS) @ http://localhost:5173/api/market/PEP?asset_type=STOCK:0
[   30142ms] [ERROR] Failed to load resource: the server responded with a status of 429 (TOO MANY REQUESTS) @ http://localhost:5173/api/market/USB?asset_type=STOCK:0
[   30142ms] [ERROR] Failed to load resource: the server responded with a status of 429 (TOO MANY REQUESTS) @ http://localhost:5173/api/market/SVRA?asset_type=STOCK:0
[   30166ms] [ERROR] Failed to load resource: the server responded with a status of 429 (TOO MANY REQUESTS) @ http://localhost:5173/api/market/PNG?asset_type=STOCK:0
[   30166ms] [ERROR] Failed to load resource: the server responded with a status of 429 (TOO MANY REQUESTS) @ http://localhost:5173/api/market/IIIN?asset_type=STOCK:0
[   30166ms] [ERROR] Failed to load resource: the server responded with a status of 429 (TOO MANY REQUESTS) @ http://localhost:5173/api/market/KPLT?asset_type=STOCK:0
[   30169ms] [ERROR] Failed to load resource: the server responded with a status of 429 (TOO MANY REQUESTS) @ http://localhost:5173/api/market/HOFT?asset_type=STOCK:0
[   30170ms] [ERROR] Failed to load resource: the server responded with a status of 429 (TOO MANY REQUESTS) @ http://localhost:5173/api/market/MNYG?asset_type=STOCK:0
[   30172ms] [ERROR] Failed to load resource: the server responded with a status of 429 (TOO MANY REQUESTS) @ http://localhost:5173/api/market/GSBC?asset_type=STOCK:0
[   30173ms] [ERROR] Failed to load resource: the server responded with a status of 429 (TOO MANY REQUESTS) @ http://localhost:5173/api/market/XLF?asset_type=ETF:0
[   30173ms] [ERROR] Failed to load resource: the server responded with a status of 429 (TOO MANY REQUESTS) @ http://localhost:5173/api/market/ORC?asset_type=STOCK:0
[   30176ms] [ERROR] Failed to load resource: the server responded with a status of 429 (TOO MANY REQUESTS) @ http://localhost:5173/api/market/HOMB?asset_type=STOCK:0
[   30243ms] [ERROR] Failed to load resource: the server responded with a status of 429 (TOO MANY REQUESTS) @ http://localhost:5173/api/market/CMCT?asset_type=STOCK:0
[   30243ms] [ERROR] Failed to load resource: the server responded with a status of 429 (TOO MANY REQUESTS) @ http://localhost:5173/api/market/FXI?asset_type=ETF:0
[   30243ms] [ERROR] Failed to load resource: the server responded with a status of 429 (TOO MANY REQUESTS) @ http://localhost:5173/api/market/WINA?asset_type=STOCK:0
[   30243ms] [ERROR] Failed to load resource: the server responded with a status of 429 (TOO MANY REQUESTS) @ http://localhost:5173/api/market/GBP?asset_type=CURRENCY:0
[   30243ms] [ERROR] Failed to load resource: the server responded with a status of 429 (TOO MANY REQUESTS) @ http://localhost:5173/api/market/FXY?asset_type=ETF:0
[   30249ms] [ERROR] Failed to load resource: the server responded with a status of 429 (TOO MANY REQUESTS) @ http://localhost:5173/api/market/ZBRA?asset_type=STOCK:0
[   30249ms] [ERROR] Failed to load resource: the server responded with a status of 429 (TOO MANY REQUESTS) @ http://localhost:5173/api/market/ALLE?asset_type=STOCK:0
[   30249ms] [ERROR] Failed to load resource: the server responded with a status of 429 (TOO MANY REQUESTS) @ http://localhost:5173/api/market/TSM?asset_type=STOCK:0
[   30252ms] [ERROR] Failed to load resource: the server responded with a status of 429 (TOO MANY REQUESTS) @ http://localhost:5173/api/market/VVOS?asset_type=STOCK:0
[   30317ms] [ERROR] Failed to load resource: the server responded with a status of 429 (TOO MANY REQUESTS) @ http://localhost:5173/api/market/CL?asset_type=FUTURE:0
[   30317ms] [ERROR] Failed to load resource: the server responded with a status of 429 (TOO MANY REQUESTS) @ http://localhost:5173/api/market/FSI?asset_type=STOCK:0
[   30317ms] [ERROR] Failed to load resource: the server responded with a status of 429 (TOO MANY REQUESTS) @ http://localhost:5173/api/market/MASI?asset_type=STOCK:0
[   30321ms] [ERROR] Failed to load resource: the server responded with a status of 429 (TOO MANY REQUESTS) @ http://localhost:5173/api/market/LMT?asset_type=STOCK:0
[   30321ms] [ERROR] Failed to load resource: the server responded with a status of 429 (TOO MANY REQUESTS) @ http://localhost:5173/api/market/ESE?asset_type=STOCK:0
[   30423ms] [ERROR] Failed to load resource: the server responded with a status of 429 (TOO MANY REQUESTS) @ http://localhost:5173/api/market/BK?asset_type=STOCK:0
[   30423ms] [ERROR] Failed to load resource: the server responded with a status of 429 (TOO MANY REQUESTS) @ http://localhost:5173/api/market/LOAN?asset_type=STOCK:0
[   30423ms] [ERROR] Failed to load resource: the server responded with a status of 429 (TOO MANY REQUESTS) @ http://localhost:5173/api/market/MMC?asset_type=STOCK:0
[   30463ms] [ERROR] Failed to load resource: the server responded with a status of 429 (TOO MANY REQUESTS) @ http://localhost:5173/api/market/TRV?asset_type=STOCK:0
[   30463ms] [ERROR] Failed to load resource: the server responded with a status of 429 (TOO MANY REQUESTS) @ http://localhost:5173/api/market/GOOGL?asset_type=STOCK:0
[   30463ms] [ERROR] Failed to load resource: the server responded with a status of 429 (TOO MANY REQUESTS) @ http://localhost:5173/api/market/CFG?asset_type=STOCK:0
[   30463ms] [ERROR] Failed to load resource: the server responded with a status of 429 (TOO MANY REQUESTS) @ http://localhost:5173/api/market/PEP?asset_type=STOCK:0
[   30464ms] [ERROR] Failed to load resource: the server responded with a status of 429 (TOO MANY REQUESTS) @ http://localhost:5173/api/market/USB?asset_type=STOCK:0
[   30464ms] [ERROR] Failed to load resource: the server responded with a status of 429 (TOO MANY REQUESTS) @ http://localhost:5173/api/market/CARZ?asset_type=ETF:0
[   30464ms] [ERROR] Failed to load resource: the server responded with a status of 429 (TOO MANY REQUESTS) @ http://localhost:5173/api/market/SVRA?asset_type=STOCK:0
[   30471ms] [ERROR] Failed to load resource: the server responded with a status of 429 (TOO MANY REQUESTS) @ http://localhost:5173/api/market/KPLT?asset_type=STOCK:0
[   30471ms] [ERROR] Failed to load resource: the server responded with a status of 429 (TOO MANY REQUESTS) @ http://localhost:5173/api/market/KEY?asset_type=STOCK:0
[   30471ms] [ERROR] Failed to load resource: the server responded with a status of 429 (TOO MANY REQUESTS) @ http://localhost:5173/api/market/IIIN?asset_type=STOCK:0
[   30471ms] [ERROR] Failed to load resource: the server responded with a status of 429 (TOO MANY REQUESTS) @ http://localhost:5173/api/market/PNG?asset_type=STOCK:0
[   30477ms] [ERROR] Failed to load resource: the server responded with a status of 429 (TOO MANY REQUESTS) @ http://localhost:5173/api/market/HOFT?asset_type=STOCK:0
[   30477ms] [ERROR] Failed to load resource: the server responded with a status of 429 (TOO MANY REQUESTS) @ http://localhost:5173/api/market/MNYG?asset_type=STOCK:0
[   30479ms] [ERROR] Failed to load resource: the server responded with a status of 429 (TOO MANY REQUESTS) @ http://localhost:5173/api/market/XLF?asset_type=ETF:0
[   30479ms] [ERROR] Failed to load resource: the server responded with a status of 429 (TOO MANY REQUESTS) @ http://localhost:5173/api/market/GSBC?asset_type=STOCK:0
[   30479ms] [ERROR] Failed to load resource: the server responded with a status of 429 (TOO MANY REQUESTS) @ http://localhost:5173/api/market/ORC?asset_type=STOCK:0
[   30479ms] [ERROR] Failed to load resource: the server responded with a status of 429 (TOO MANY REQUESTS) @ http://localhost:5173/api/market/HOMB?asset_type=STOCK:0
[   30486ms] [ERROR] Failed to load resource: the server responded with a status of 429 (TOO MANY REQUESTS) @ http://localhost:5173/api/market/FXY?asset_type=ETF:0
[   30490ms] [ERROR] Failed to load resource: the server responded with a status of 429 (TOO MANY REQUESTS) @ http://localhost:5173/api/market/GBP?asset_type=CURRENCY:0
[   30490ms] [ERROR] Failed to load resource: the server responded with a status of 429 (TOO MANY REQUESTS) @ http://localhost:5173/api/market/WWD?asset_type=STOCK:0
[   30491ms] [ERROR] Failed to load resource: the server responded with a status of 429 (TOO MANY REQUESTS) @ http://localhost:5173/api/market/WINA?asset_type=STOCK:0
[   30491ms] [ERROR] Failed to load resource: the server responded with a status of 429 (TOO MANY REQUESTS) @ http://localhost:5173/api/market/CMCT?asset_type=STOCK:0
[   30493ms] [ERROR] Failed to load resource: the server responded with a status of 429 (TOO MANY REQUESTS) @ http://localhost:5173/api/market/FXI?asset_type=ETF:0
[   30494ms] [ERROR] Failed to load resource: the server responded with a status of 429 (TOO MANY REQUESTS) @ http://localhost:5173/api/market/ZBRA?asset_type=STOCK:0
[   30494ms] [ERROR] Failed to load resource: the server responded with a status of 429 (TOO MANY REQUESTS) @ http://localhost:5173/api/market/TSM?asset_type=STOCK:0
[   30494ms] [ERROR] Failed to load resource: the server responded with a status of 429 (TOO MANY REQUESTS) @ http://localhost:5173/api/market/ALLE?asset_type=STOCK:0
[   30495ms] [ERROR] Failed to load resource: the server responded with a status of 429 (TOO MANY REQUESTS) @ http://localhost:5173/api/market/VVOS?asset_type=STOCK:0
[   30503ms] [ERROR] Failed to load resource: the server responded with a status of 429 (TOO MANY REQUESTS) @ http://localhost:5173/api/market/MASI?asset_type=STOCK:0
[   30505ms] [ERROR] Failed to load resource: the server responded with a status of 429 (TOO MANY REQUESTS) @ http://localhost:5173/api/market/CL?asset_type=FUTURE:0
[   30506ms] [ERROR] Failed to load resource: the server responded with a status of 429 (TOO MANY REQUESTS) @ http://localhost:5173/api/market/FSI?asset_type=STOCK:0
[   30506ms] [ERROR] Failed to load resource: the server responded with a status of 429 (TOO MANY REQUESTS) @ http://localhost:5173/api/market/MS?asset_type=STOCK:0
[   30506ms] [ERROR] Failed to load resource: the server responded with a status of 429 (TOO MANY REQUESTS) @ http://localhost:5173/api/market/LMT?asset_type=STOCK:0
[   30508ms] [ERROR] Failed to load resource: the server responded with a status of 429 (TOO MANY REQUESTS) @ http://localhost:5173/api/market/ESE?asset_type=STOCK:0
[   35133ms] [ERROR] Failed to load resource: the server responded with a status of 429 (TOO MANY REQUESTS) @ http://localhost:5173/api/market/BK?asset_type=STOCK:0
[   35136ms] [ERROR] Failed to load resource: the server responded with a status of 429 (TOO MANY REQUESTS) @ http://localhost:5173/api/market/TRV?asset_type=STOCK:0
[   35136ms] [ERROR] Failed to load resource: the server responded with a status of 429 (TOO MANY REQUESTS) @ http://localhost:5173/api/market/LOAN?asset_type=STOCK:0
[   35136ms] [ERROR] Failed to load resource: the server responded with a status of 429 (TOO MANY REQUESTS) @ http://localhost:5173/api/market/MMC?asset_type=STOCK:0
[   35137ms] [ERROR] Failed to load resource: the server responded with a status of 429 (TOO MANY REQUESTS) @ http://localhost:5173/api/market/CFG?asset_type=STOCK:0
[   35137ms] [ERROR] Failed to load resource: the server responded with a status of 429 (TOO MANY REQUESTS) @ http://localhost:5173/api/market/GOOGL?asset_type=STOCK:0
[   35137ms] [ERROR] Failed to load resource: the server responded with a status of 429 (TOO MANY REQUESTS) @ http://localhost:5173/api/market/CARZ?asset_type=ETF:0
[   35137ms] [ERROR] Failed to load resource: the server responded with a status of 429 (TOO MANY REQUESTS) @ http://localhost:5173/api/market/PEP?asset_type=STOCK:0
[   35137ms] [ERROR] Failed to load resource: the server responded with a status of 429 (TOO MANY REQUESTS) @ http://localhost:5173/api/market/USB?asset_type=STOCK:0
[   35137ms] [ERROR] Failed to load resource: the server responded with a status of 429 (TOO MANY REQUESTS) @ http://localhost:5173/api/market/SVRA?asset_type=STOCK:0
[   35150ms] [ERROR] Failed to load resource: the server responded with a status of 429 (TOO MANY REQUESTS) @ http://localhost:5173/api/market/PNG?asset_type=STOCK:0
[   35151ms] [ERROR] Failed to load resource: the server responded with a status of 429 (TOO MANY REQUESTS) @ http://localhost:5173/api/market/KEY?asset_type=STOCK:0
[   35151ms] [ERROR] Failed to load resource: the server responded with a status of 429 (TOO MANY REQUESTS) @ http://localhost:5173/api/market/IIIN?asset_type=STOCK:0
[   35151ms] [ERROR] Failed to load resource: the server responded with a status of 429 (TOO MANY REQUESTS) @ http://localhost:5173/api/market/KPLT?asset_type=STOCK:0
[   35151ms] [ERROR] Failed to load resource: the server responded with a status of 429 (TOO MANY REQUESTS) @ http://localhost:5173/api/market/HOFT?asset_type=STOCK:0
[   35151ms] [ERROR] Failed to load resource: the server responded with a status of 429 (TOO MANY REQUESTS) @ http://localhost:5173/api/market/MNYG?asset_type=STOCK:0
[   35152ms] [ERROR] Failed to load resource: the server responded with a status of 429 (TOO MANY REQUESTS) @ http://localhost:5173/api/market/XLF?asset_type=ETF:0
[   35152ms] [ERROR] Failed to load resource: the server responded with a status of 429 (TOO MANY REQUESTS) @ http://localhost:5173/api/market/GSBC?asset_type=STOCK:0
[   35154ms] [ERROR] Failed to load resource: the server responded with a status of 429 (TOO MANY REQUESTS) @ http://localhost:5173/api/market/HOMB?asset_type=STOCK:0
[   35156ms] [ERROR] Failed to load resource: the server responded with a status of 429 (TOO MANY REQUESTS) @ http://localhost:5173/api/market/ORC?asset_type=STOCK:0
[   35163ms] [ERROR] Failed to load resource: the server responded with a status of 429 (TOO MANY REQUESTS) @ http://localhost:5173/api/market/WINA?asset_type=STOCK:0
[   35163ms] [ERROR] Failed to load resource: the server responded with a status of 429 (TOO MANY REQUESTS) @ http://localhost:5173/api/market/GBP?asset_type=CURRENCY:0
[   35163ms] [ERROR] Failed to load resource: the server responded with a status of 429 (TOO MANY REQUESTS) @ http://localhost:5173/api/market/WWD?asset_type=STOCK:0
[   35163ms] [ERROR] Failed to load resource: the server responded with a status of 429 (TOO MANY REQUESTS) @ http://localhost:5173/api/market/FXY?asset_type=ETF:0
[   35169ms] [ERROR] Failed to load resource: the server responded with a status of 429 (TOO MANY REQUESTS) @ http://localhost:5173/api/market/CMCT?asset_type=STOCK:0
[   35169ms] [ERROR] Failed to load resource: the server responded with a status of 429 (TOO MANY REQUESTS) @ http://localhost:5173/api/market/FXI?asset_type=ETF:0
[   35169ms] [ERROR] Failed to load resource: the server responded with a status of 429 (TOO MANY REQUESTS) @ http://localhost:5173/api/market/TSM?asset_type=STOCK:0
[   35169ms] [ERROR] Failed to load resource: the server responded with a status of 429 (TOO MANY REQUESTS) @ http://localhost:5173/api/market/ZBRA?asset_type=STOCK:0
[   35169ms] [ERROR] Failed to load resource: the server responded with a status of 429 (TOO MANY REQUESTS) @ http://localhost:5173/api/market/ALLE?asset_type=STOCK:0
[   35170ms] [ERROR] Failed to load resource: the server responded with a status of 429 (TOO MANY REQUESTS) @ http://localhost:5173/api/market/VVOS?asset_type=STOCK:0
[   35177ms] [ERROR] Failed to load resource: the server responded with a status of 429 (TOO MANY REQUESTS) @ http://localhost:5173/api/market/CL?asset_type=FUTURE:0
[   35178ms] [ERROR] Failed to load resource: the server responded with a status of 429 (TOO MANY REQUESTS) @ http://localhost:5173/api/market/MS?asset_type=STOCK:0
[   35178ms] [ERROR] Failed to load resource: the server responded with a status of 429 (TOO MANY REQUESTS) @ http://localhost:5173/api/market/MASI?asset_type=STOCK:0
[   35178ms] [ERROR] Failed to load resource: the server responded with a status of 429 (TOO MANY REQUESTS) @ http://localhost:5173/api/market/FSI?asset_type=STOCK:0
[   35180ms] [ERROR] Failed to load resource: the server responded with a status of 429 (TOO MANY REQUESTS) @ http://localhost:5173/api/market/ESE?asset_type=STOCK:0
[   35180ms] [ERROR] Failed to load resource: the server responded with a status of 429 (TOO MANY REQUESTS) @ http://localhost:5173/api/market/LMT?asset_type=STOCK:0
[   40131ms] [ERROR] Failed to load resource: the server responded with a status of 429 (TOO MANY REQUESTS) @ http://localhost:5173/api/market/LOAN?asset_type=STOCK:0
[   40134ms] [ERROR] Failed to load resource: the server responded with a status of 429 (TOO MANY REQUESTS) @ http://localhost:5173/api/market/MMC?asset_type=STOCK:0
[   40135ms] [ERROR] Failed to load resource: the server responded with a status of 429 (TOO MANY REQUESTS) @ http://localhost:5173/api/market/BK?asset_type=STOCK:0
[   40135ms] [ERROR] Failed to load resource: the server responded with a status of 429 (TOO MANY REQUESTS) @ http://localhost:5173/api/market/TRV?asset_type=STOCK:0
[   40135ms] [ERROR] Failed to load resource: the server responded with a status of 429 (TOO MANY REQUESTS) @ http://localhost:5173/api/market/CFG?asset_type=STOCK:0
[   40135ms] [ERROR] Failed to load resource: the server responded with a status of 429 (TOO MANY REQUESTS) @ http://localhost:5173/api/market/GOOGL?asset_type=STOCK:0
[   40135ms] [ERROR] Failed to load resource: the server responded with a status of 429 (TOO MANY REQUESTS) @ http://localhost:5173/api/market/CARZ?asset_type=ETF:0
[   40135ms] [ERROR] Failed to load resource: the server responded with a status of 429 (TOO MANY REQUESTS) @ http://localhost:5173/api/market/PEP?asset_type=STOCK:0
[   40135ms] [ERROR] Failed to load resource: the server responded with a status of 429 (TOO MANY REQUESTS) @ http://localhost:5173/api/market/SVRA?asset_type=STOCK:0
[   40135ms] [ERROR] Failed to load resource: the server responded with a status of 429 (TOO MANY REQUESTS) @ http://localhost:5173/api/market/USB?asset_type=STOCK:0
[   40151ms] [ERROR] Failed to load resource: the server responded with a status of 429 (TOO MANY REQUESTS) @ http://localhost:5173/api/market/PNG?asset_type=STOCK:0
[   40151ms] [ERROR] Failed to load resource: the server responded with a status of 429 (TOO MANY REQUESTS) @ http://localhost:5173/api/market/KPLT?asset_type=STOCK:0
[   40151ms] [ERROR] Failed to load resource: the server responded with a status of 429 (TOO MANY REQUESTS) @ http://localhost:5173/api/market/KEY?asset_type=STOCK:0
[   40151ms] [ERROR] Failed to load resource: the server responded with a status of 429 (TOO MANY REQUESTS) @ http://localhost:5173/api/market/IIIN?asset_type=STOCK:0
[   40151ms] [ERROR] Failed to load resource: the server responded with a status of 429 (TOO MANY REQUESTS) @ http://localhost:5173/api/market/HOFT?asset_type=STOCK:0
[   40155ms] [ERROR] Failed to load resource: the server responded with a status of 429 (TOO MANY REQUESTS) @ http://localhost:5173/api/market/MNYG?asset_type=STOCK:0
[   40156ms] [ERROR] Failed to load resource: the server responded with a status of 429 (TOO MANY REQUESTS) @ http://localhost:5173/api/market/GSBC?asset_type=STOCK:0
[   40156ms] [ERROR] Failed to load resource: the server responded with a status of 429 (TOO MANY REQUESTS) @ http://localhost:5173/api/market/ORC?asset_type=STOCK:0
[   40156ms] [ERROR] Failed to load resource: the server responded with a status of 429 (TOO MANY REQUESTS) @ http://localhost:5173/api/market/XLF?asset_type=ETF:0
[   40159ms] [ERROR] Failed to load resource: the server responded with a status of 429 (TOO MANY REQUESTS) @ http://localhost:5173/api/market/HOMB?asset_type=STOCK:0
[   40169ms] [ERROR] Failed to load resource: the server responded with a status of 429 (TOO MANY REQUESTS) @ http://localhost:5173/api/market/WINA?asset_type=STOCK:0
[   40169ms] [ERROR] Failed to load resource: the server responded with a status of 429 (TOO MANY REQUESTS) @ http://localhost:5173/api/market/FXY?asset_type=ETF:0
[   40169ms] [ERROR] Failed to load resource: the server responded with a status of 429 (TOO MANY REQUESTS) @ http://localhost:5173/api/market/WWD?asset_type=STOCK:0
[   40170ms] [ERROR] Failed to load resource: the server responded with a status of 429 (TOO MANY REQUESTS) @ http://localhost:5173/api/market/CMCT?asset_type=STOCK:0
[   40171ms] [ERROR] Failed to load resource: the server responded with a status of 429 (TOO MANY REQUESTS) @ http://localhost:5173/api/market/TSM?asset_type=STOCK:0
[   40171ms] [ERROR] Failed to load resource: the server responded with a status of 429 (TOO MANY REQUESTS) @ http://localhost:5173/api/market/FXI?asset_type=ETF:0
[   40174ms] [ERROR] Failed to load resource: the server responded with a status of 429 (TOO MANY REQUESTS) @ http://localhost:5173/api/market/ZBRA?asset_type=STOCK:0
[   40174ms] [ERROR] Failed to load resource: the server responded with a status of 429 (TOO MANY REQUESTS) @ http://localhost:5173/api/market/VVOS?asset_type=STOCK:0
[   40176ms] [ERROR] Failed to load resource: the server responded with a status of 429 (TOO MANY REQUESTS) @ http://localhost:5173/api/market/ALLE?asset_type=STOCK:0
[   40179ms] [ERROR] Failed to load resource: the server responded with a status of 429 (TOO MANY REQUESTS) @ http://localhost:5173/api/market/GBP?asset_type=CURRENCY:0
[   40185ms] [ERROR] Failed to load resource: the server responded with a status of 429 (TOO MANY REQUESTS) @ http://localhost:5173/api/market/FSI?asset_type=STOCK:0
[   40186ms] [ERROR] Failed to load resource: the server responded with a status of 429 (TOO MANY REQUESTS) @ http://localhost:5173/api/market/CL?asset_type=FUTURE:0
[   40186ms] [ERROR] Failed to load resource: the server responded with a status of 429 (TOO MANY REQUESTS) @ http://localhost:5173/api/market/MASI?asset_type=STOCK:0
[   40189ms] [ERROR] Failed to load resource: the server responded with a status of 429 (TOO MANY REQUESTS) @ http://localhost:5173/api/market/LMT?asset_type=STOCK:0
[   40190ms] [ERROR] Failed to load resource: the server responded with a status of 429 (TOO MANY REQUESTS) @ http://localhost:5173/api/market/ESE?asset_type=STOCK:0
[   40192ms] [ERROR] Failed to load resource: the server responded with a status of 429 (TOO MANY REQUESTS) @ http://localhost:5173/api/market/MS?asset_type=STOCK:0
[   40386ms] [ERROR] Failed to load resource: the server responded with a status of 429 (TOO MANY REQUESTS) @ http://localhost:5173/api/market/TRV?asset_type=STOCK:0
[   40386ms] [ERROR] Failed to load resource: the server responded with a status of 429 (TOO MANY REQUESTS) @ http://localhost:5173/api/market/LOAN?asset_type=STOCK:0
[   40387ms] [ERROR] Failed to load resource: the server responded with a status of 429 (TOO MANY REQUESTS) @ http://localhost:5173/api/market/MMC?asset_type=STOCK:0
[   40391ms] [ERROR] Failed to load resource: the server responded with a status of 429 (TOO MANY REQUESTS) @ http://localhost:5173/api/market/BK?asset_type=STOCK:0
[   40391ms] [ERROR] Failed to load resource: the server responded with a status of 429 (TOO MANY REQUESTS) @ http://localhost:5173/api/market/CFG?asset_type=STOCK:0
[   40391ms] [ERROR] Failed to load resource: the server responded with a status of 429 (TOO MANY REQUESTS) @ http://localhost:5173/api/market/GOOGL?asset_type=STOCK:0
[   40393ms] [ERROR] Failed to load resource: the server responded with a status of 429 (TOO MANY REQUESTS) @ http://localhost:5173/api/market/CARZ?asset_type=ETF:0
[   40394ms] [ERROR] Failed to load resource: the server responded with a status of 429 (TOO MANY REQUESTS) @ http://localhost:5173/api/market/PEP?asset_type=STOCK:0
[   40394ms] [ERROR] Failed to load resource: the server responded with a status of 429 (TOO MANY REQUESTS) @ http://localhost:5173/api/market/USB?asset_type=STOCK:0
[   40396ms] [ERROR] Failed to load resource: the server responded with a status of 429 (TOO MANY REQUESTS) @ http://localhost:5173/api/market/SVRA?asset_type=STOCK:0
[   40404ms] [ERROR] Failed to load resource: the server responded with a status of 429 (TOO MANY REQUESTS) @ http://localhost:5173/api/market/PNG?asset_type=STOCK:0
[   40404ms] [ERROR] Failed to load resource: the server responded with a status of 429 (TOO MANY REQUESTS) @ http://localhost:5173/api/market/IIIN?asset_type=STOCK:0
[   40405ms] [ERROR] Failed to load resource: the server responded with a status of 429 (TOO MANY REQUESTS) @ http://localhost:5173/api/market/KEY?asset_type=STOCK:0
[   40408ms] [ERROR] Failed to load resource: the server responded with a status of 429 (TOO MANY REQUESTS) @ http://localhost:5173/api/market/HOFT?asset_type=STOCK:0
[   40408ms] [ERROR] Failed to load resource: the server responded with a status of 429 (TOO MANY REQUESTS) @ http://localhost:5173/api/market/MNYG?asset_type=STOCK:0
[   40410ms] [ERROR] Failed to load resource: the server responded with a status of 429 (TOO MANY REQUESTS) @ http://localhost:5173/api/market/GSBC?asset_type=STOCK:0
[   40412ms] [ERROR] Failed to load resource: the server responded with a status of 429 (TOO MANY REQUESTS) @ http://localhost:5173/api/market/XLF?asset_type=ETF:0
[   40414ms] [ERROR] Failed to load resource: the server responded with a status of 429 (TOO MANY REQUESTS) @ http://localhost:5173/api/market/HOMB?asset_type=STOCK:0
[   40416ms] [ERROR] Failed to load resource: the server responded with a status of 429 (TOO MANY REQUESTS) @ http://localhost:5173/api/market/ORC?asset_type=STOCK:0
[   40417ms] [ERROR] Failed to load resource: the server responded with a status of 429 (TOO MANY REQUESTS) @ http://localhost:5173/api/market/KPLT?asset_type=STOCK:0
[   40423ms] [ERROR] Failed to load resource: the server responded with a status of 429 (TOO MANY REQUESTS) @ http://localhost:5173/api/market/FXY?asset_type=ETF:0
[   40425ms] [ERROR] Failed to load resource: the server responded with a status of 429 (TOO MANY REQUESTS) @ http://localhost:5173/api/market/GBP?asset_type=CURRENCY:0
[   40426ms] [ERROR] Failed to load resource: the server responded with a status of 429 (TOO MANY REQUESTS) @ http://localhost:5173/api/market/WWD?asset_type=STOCK:0
[   40426ms] [ERROR] Failed to load resource: the server responded with a status of 429 (TOO MANY REQUESTS) @ http://localhost:5173/api/market/WINA?asset_type=STOCK:0
[   40427ms] [ERROR] Failed to load resource: the server responded with a status of 429 (TOO MANY REQUESTS) @ http://localhost:5173/api/market/CMCT?asset_type=STOCK:0
[   40427ms] [ERROR] Failed to load resource: the server responded with a status of 429 (TOO MANY REQUESTS) @ http://localhost:5173/api/market/FXI?asset_type=ETF:0
[   40430ms] [ERROR] Failed to load resource: the server responded with a status of 429 (TOO MANY REQUESTS) @ http://localhost:5173/api/market/TSM?asset_type=STOCK:0
[   40430ms] [ERROR] Failed to load resource: the server responded with a status of 429 (TOO MANY REQUESTS) @ http://localhost:5173/api/market/ALLE?asset_type=STOCK:0
[   40433ms] [ERROR] Failed to load resource: the server responded with a status of 429 (TOO MANY REQUESTS) @ http://localhost:5173/api/market/ZBRA?asset_type=STOCK:0
[   40433ms] [ERROR] Failed to load resource: the server responded with a status of 429 (TOO MANY REQUESTS) @ http://localhost:5173/api/market/VVOS?asset_type=STOCK:0
[   40439ms] [ERROR] Failed to load resource: the server responded with a status of 429 (TOO MANY REQUESTS) @ http://localhost:5173/api/market/CL?asset_type=FUTURE:0
[   40439ms] [ERROR] Failed to load resource: the server responded with a status of 429 (TOO MANY REQUESTS) @ http://localhost:5173/api/market/MS?asset_type=STOCK:0
[   40439ms] [ERROR] Failed to load resource: the server responded with a status of 429 (TOO MANY REQUESTS) @ http://localhost:5173/api/market/FSI?asset_type=STOCK:0
[   40442ms] [ERROR] Failed to load resource: the server responded with a status of 429 (TOO MANY REQUESTS) @ http://localhost:5173/api/market/ESE?asset_type=STOCK:0
[   40442ms] [ERROR] Failed to load resource: the server responded with a status of 429 (TOO MANY REQUESTS) @ http://localhost:5173/api/market/LMT?asset_type=STOCK:0
[   40442ms] [ERROR] Failed to load resource: the server responded with a status of 429 (TOO MANY REQUESTS) @ http://localhost:5173/api/market/MASI?asset_type=STOCK:0
[   45131ms] [ERROR] Failed to load resource: the server responded with a status of 429 (TOO MANY REQUESTS) @ http://localhost:5173/api/market/BK?asset_type=STOCK:0
[   45133ms] [ERROR] Failed to load resource: the server responded with a status of 429 (TOO MANY REQUESTS) @ http://localhost:5173/api/market/MMC?asset_type=STOCK:0
[   45133ms] [ERROR] Failed to load resource: the server responded with a status of 429 (TOO MANY REQUESTS) @ http://localhost:5173/api/market/TRV?asset_type=STOCK:0
[   45133ms] [ERROR] Failed to load resource: the server responded with a status of 429 (TOO MANY REQUESTS) @ http://localhost:5173/api/market/GOOGL?asset_type=STOCK:0
[   45133ms] [ERROR] Failed to load resource: the server responded with a status of 429 (TOO MANY REQUESTS) @ http://localhost:5173/api/market/LOAN?asset_type=STOCK:0
[   45134ms] [ERROR] Failed to load resource: the server responded with a status of 429 (TOO MANY REQUESTS) @ http://localhost:5173/api/market/CFG?asset_type=STOCK:0
[   45134ms] [ERROR] Failed to load resource: the server responded with a status of 429 (TOO MANY REQUESTS) @ http://localhost:5173/api/market/CARZ?asset_type=ETF:0
[   45134ms] [ERROR] Failed to load resource: the server responded with a status of 429 (TOO MANY REQUESTS) @ http://localhost:5173/api/market/USB?asset_type=STOCK:0
[   45134ms] [ERROR] Failed to load resource: the server responded with a status of 429 (TOO MANY REQUESTS) @ http://localhost:5173/api/market/PEP?asset_type=STOCK:0
[   45134ms] [ERROR] Failed to load resource: the server responded with a status of 429 (TOO MANY REQUESTS) @ http://localhost:5173/api/market/SVRA?asset_type=STOCK:0
[   45143ms] [ERROR] Failed to load resource: the server responded with a status of 429 (TOO MANY REQUESTS) @ http://localhost:5173/api/market/PNG?asset_type=STOCK:0
[   45143ms] [ERROR] Failed to load resource: the server responded with a status of 429 (TOO MANY REQUESTS) @ http://localhost:5173/api/market/IIIN?asset_type=STOCK:0
[   45143ms] [ERROR] Failed to load resource: the server responded with a status of 429 (TOO MANY REQUESTS) @ http://localhost:5173/api/market/KEY?asset_type=STOCK:0
[   45144ms] [ERROR] Failed to load resource: the server responded with a status of 429 (TOO MANY REQUESTS) @ http://localhost:5173/api/market/HOFT?asset_type=STOCK:0
[   45144ms] [ERROR] Failed to load resource: the server responded with a status of 429 (TOO MANY REQUESTS) @ http://localhost:5173/api/market/MNYG?asset_type=STOCK:0
[   45146ms] [ERROR] Failed to load resource: the server responded with a status of 429 (TOO MANY REQUESTS) @ http://localhost:5173/api/market/GSBC?asset_type=STOCK:0
[   45148ms] [ERROR] Failed to load resource: the server responded with a status of 429 (TOO MANY REQUESTS) @ http://localhost:5173/api/market/XLF?asset_type=ETF:0
[   45148ms] [ERROR] Failed to load resource: the server responded with a status of 429 (TOO MANY REQUESTS) @ http://localhost:5173/api/market/ORC?asset_type=STOCK:0
[   45149ms] [ERROR] Failed to load resource: the server responded with a status of 429 (TOO MANY REQUESTS) @ http://localhost:5173/api/market/HOMB?asset_type=STOCK:0
[   45150ms] [ERROR] Failed to load resource: the server responded with a status of 429 (TOO MANY REQUESTS) @ http://localhost:5173/api/market/KPLT?asset_type=STOCK:0
[   45159ms] [ERROR] Failed to load resource: the server responded with a status of 429 (TOO MANY REQUESTS) @ http://localhost:5173/api/market/WINA?asset_type=STOCK:0
[   45160ms] [ERROR] Failed to load resource: the server responded with a status of 429 (TOO MANY REQUESTS) @ http://localhost:5173/api/market/GBP?asset_type=CURRENCY:0
[   45160ms] [ERROR] Failed to load resource: the server responded with a status of 429 (TOO MANY REQUESTS) @ http://localhost:5173/api/market/FXY?asset_type=ETF:0
[   45160ms] [ERROR] Failed to load resource: the server responded with a status of 429 (TOO MANY REQUESTS) @ http://localhost:5173/api/market/WWD?asset_type=STOCK:0
[   45160ms] [ERROR] Failed to load resource: the server responded with a status of 429 (TOO MANY REQUESTS) @ http://localhost:5173/api/market/FXI?asset_type=ETF:0
[   45160ms] [ERROR] Failed to load resource: the server responded with a status of 429 (TOO MANY REQUESTS) @ http://localhost:5173/api/market/CMCT?asset_type=STOCK:0
[   45163ms] [ERROR] Failed to load resource: the server responded with a status of 429 (TOO MANY REQUESTS) @ http://localhost:5173/api/market/TSM?asset_type=STOCK:0
[   45163ms] [ERROR] Failed to load resource: the server responded with a status of 429 (TOO MANY REQUESTS) @ http://localhost:5173/api/market/ZBRA?asset_type=STOCK:0
[   45164ms] [ERROR] Failed to load resource: the server responded with a status of 429 (TOO MANY REQUESTS) @ http://localhost:5173/api/market/ALLE?asset_type=STOCK:0
[   45167ms] [ERROR] Failed to load resource: the server responded with a status of 429 (TOO MANY REQUESTS) @ http://localhost:5173/api/market/VVOS?asset_type=STOCK:0
[   45173ms] [ERROR] Failed to load resource: the server responded with a status of 429 (TOO MANY REQUESTS) @ http://localhost:5173/api/market/CL?asset_type=FUTURE:0
[   45173ms] [ERROR] Failed to load resource: the server responded with a status of 429 (TOO MANY REQUESTS) @ http://localhost:5173/api/market/MASI?asset_type=STOCK:0
[   45174ms] [ERROR] Failed to load resource: the server responded with a status of 429 (TOO MANY REQUESTS) @ http://localhost:5173/api/market/MS?asset_type=STOCK:0
[   45176ms] [ERROR] Failed to load resource: the server responded with a status of 429 (TOO MANY REQUESTS) @ http://localhost:5173/api/market/LMT?asset_type=STOCK:0
[   45176ms] [ERROR] Failed to load resource: the server responded with a status of 429 (TOO MANY REQUESTS) @ http://localhost:5173/api/market/ESE?asset_type=STOCK:0
[   45177ms] [ERROR] Failed to load resource: the server responded with a status of 429 (TOO MANY REQUESTS) @ http://localhost:5173/api/market/FSI?asset_type=STOCK:0
[   50144ms] [ERROR] Failed to load resource: the server responded with a status of 429 (TOO MANY REQUESTS) @ http://localhost:5173/api/market/BK?asset_type=STOCK:0
[   50146ms] [ERROR] Failed to load resource: the server responded with a status of 429 (TOO MANY REQUESTS) @ http://localhost:5173/api/market/LOAN?asset_type=STOCK:0
[   50147ms] [ERROR] Failed to load resource: the server responded with a status of 429 (TOO MANY REQUESTS) @ http://localhost:5173/api/market/MMC?asset_type=STOCK:0
[   50147ms] [ERROR] Failed to load resource: the server responded with a status of 429 (TOO MANY REQUESTS) @ http://localhost:5173/api/market/GOOGL?asset_type=STOCK:0
[   50147ms] [ERROR] Failed to load resource: the server responded with a status of 429 (TOO MANY REQUESTS) @ http://localhost:5173/api/market/TRV?asset_type=STOCK:0
[   50147ms] [ERROR] Failed to load resource: the server responded with a status of 429 (TOO MANY REQUESTS) @ http://localhost:5173/api/market/CFG?asset_type=STOCK:0
[   50147ms] [ERROR] Failed to load resource: the server responded with a status of 429 (TOO MANY REQUESTS) @ http://localhost:5173/api/market/CARZ?asset_type=ETF:0
[   50147ms] [ERROR] Failed to load resource: the server responded with a status of 429 (TOO MANY REQUESTS) @ http://localhost:5173/api/market/PEP?asset_type=STOCK:0
[   50147ms] [ERROR] Failed to load resource: the server responded with a status of 429 (TOO MANY REQUESTS) @ http://localhost:5173/api/market/USB?asset_type=STOCK:0
[   50147ms] [ERROR] Failed to load resource: the server responded with a status of 429 (TOO MANY REQUESTS) @ http://localhost:5173/api/market/SVRA?asset_type=STOCK:0
[   50156ms] [ERROR] Failed to load resource: the server responded with a status of 429 (TOO MANY REQUESTS) @ http://localhost:5173/api/market/IIIN?asset_type=STOCK:0
[   50156ms] [ERROR] Failed to load resource: the server responded with a status of 429 (TOO MANY REQUESTS) @ http://localhost:5173/api/market/KPLT?asset_type=STOCK:0
[   50159ms] [ERROR] Failed to load resource: the server responded with a status of 429 (TOO MANY REQUESTS) @ http://localhost:5173/api/market/HOFT?asset_type=STOCK:0
[   50159ms] [ERROR] Failed to load resource: the server responded with a status of 429 (TOO MANY REQUESTS) @ http://localhost:5173/api/market/MNYG?asset_type=STOCK:0
[   50160ms] [ERROR] Failed to load resource: the server responded with a status of 429 (TOO MANY REQUESTS) @ http://localhost:5173/api/market/PNG?asset_type=STOCK:0
[   50161ms] [ERROR] Failed to load resource: the server responded with a status of 429 (TOO MANY REQUESTS) @ http://localhost:5173/api/market/GSBC?asset_type=STOCK:0
[   50161ms] [ERROR] Failed to load resource: the server responded with a status of 429 (TOO MANY REQUESTS) @ http://localhost:5173/api/market/XLF?asset_type=ETF:0
[   50162ms] [ERROR] Failed to load resource: the server responded with a status of 429 (TOO MANY REQUESTS) @ http://localhost:5173/api/market/KEY?asset_type=STOCK:0
[   50163ms] [ERROR] Failed to load resource: the server responded with a status of 429 (TOO MANY REQUESTS) @ http://localhost:5173/api/market/ORC?asset_type=STOCK:0
[   50164ms] [ERROR] Failed to load resource: the server responded with a status of 429 (TOO MANY REQUESTS) @ http://localhost:5173/api/market/HOMB?asset_type=STOCK:0
[   50171ms] [ERROR] Failed to load resource: the server responded with a status of 429 (TOO MANY REQUESTS) @ http://localhost:5173/api/market/GBP?asset_type=CURRENCY:0
[   50171ms] [ERROR] Failed to load resource: the server responded with a status of 429 (TOO MANY REQUESTS) @ http://localhost:5173/api/market/WINA?asset_type=STOCK:0
[   50171ms] [ERROR] Failed to load resource: the server responded with a status of 429 (TOO MANY REQUESTS) @ http://localhost:5173/api/market/WWD?asset_type=STOCK:0
[   50172ms] [ERROR] Failed to load resource: the server responded with a status of 429 (TOO MANY REQUESTS) @ http://localhost:5173/api/market/FXY?asset_type=ETF:0
[   50177ms] [ERROR] Failed to load resource: the server responded with a status of 429 (TOO MANY REQUESTS) @ http://localhost:5173/api/market/CMCT?asset_type=STOCK:0
[   50177ms] [ERROR] Failed to load resource: the server responded with a status of 429 (TOO MANY REQUESTS) @ http://localhost:5173/api/market/FXI?asset_type=ETF:0
[   50177ms] [ERROR] Failed to load resource: the server responded with a status of 429 (TOO MANY REQUESTS) @ http://localhost:5173/api/market/TSM?asset_type=STOCK:0
[   50177ms] [ERROR] Failed to load resource: the server responded with a status of 429 (TOO MANY REQUESTS) @ http://localhost:5173/api/market/ZBRA?asset_type=STOCK:0
[   50178ms] [ERROR] Failed to load resource: the server responded with a status of 429 (TOO MANY REQUESTS) @ http://localhost:5173/api/market/ALLE?asset_type=STOCK:0
[   50178ms] [ERROR] Failed to load resource: the server responded with a status of 429 (TOO MANY REQUESTS) @ http://localhost:5173/api/market/VVOS?asset_type=STOCK:0
[   50186ms] [ERROR] Failed to load resource: the server responded with a status of 429 (TOO MANY REQUESTS) @ http://localhost:5173/api/market/FSI?asset_type=STOCK:0
[   50187ms] [ERROR] Failed to load resource: the server responded with a status of 429 (TOO MANY REQUESTS) @ http://localhost:5173/api/market/CL?asset_type=FUTURE:0
[   50187ms] [ERROR] Failed to load resource: the server responded with a status of 429 (TOO MANY REQUESTS) @ http://localhost:5173/api/market/MASI?asset_type=STOCK:0
[   50187ms] [ERROR] Failed to load resource: the server responded with a status of 429 (TOO MANY REQUESTS) @ http://localhost:5173/api/market/MS?asset_type=STOCK:0
[   50190ms] [ERROR] Failed to load resource: the server responded with a status of 429 (TOO MANY REQUESTS) @ http://localhost:5173/api/market/LMT?asset_type=STOCK:0
[   50190ms] [ERROR] Failed to load resource: the server responded with a status of 429 (TOO MANY REQUESTS) @ http://localhost:5173/api/market/ESE?asset_type=STOCK:0
[   50401ms] [ERROR] Failed to load resource: the server responded with a status of 429 (TOO MANY REQUESTS) @ http://localhost:5173/api/market/MMC?asset_type=STOCK:0
[   50402ms] [ERROR] Failed to load resource: the server responded with a status of 429 (TOO MANY REQUESTS) @ http://localhost:5173/api/market/LOAN?asset_type=STOCK:0
[   50402ms] [ERROR] Failed to load resource: the server responded with a status of 429 (TOO MANY REQUESTS) @ http://localhost:5173/api/market/BK?asset_type=STOCK:0
[   50403ms] [ERROR] Failed to load resource: the server responded with a status of 429 (TOO MANY REQUESTS) @ http://localhost:5173/api/market/TRV?asset_type=STOCK:0
[   50414ms] [ERROR] Failed to load resource: the server responded with a status of 429 (TOO MANY REQUESTS) @ http://localhost:5173/api/market/GOOGL?asset_type=STOCK:0
[   50415ms] [ERROR] Failed to load resource: the server responded with a status of 429 (TOO MANY REQUESTS) @ http://localhost:5173/api/market/CFG?asset_type=STOCK:0
[   50417ms] [ERROR] Failed to load resource: the server responded with a status of 429 (TOO MANY REQUESTS) @ http://localhost:5173/api/market/CARZ?asset_type=ETF:0
[   50419ms] [ERROR] Failed to load resource: the server responded with a status of 429 (TOO MANY REQUESTS) @ http://localhost:5173/api/market/PEP?asset_type=STOCK:0
[   50421ms] [ERROR] Failed to load resource: the server responded with a status of 429 (TOO MANY REQUESTS) @ http://localhost:5173/api/market/USB?asset_type=STOCK:0
[   50421ms] [ERROR] Failed to load resource: the server responded with a status of 429 (TOO MANY REQUESTS) @ http://localhost:5173/api/market/SVRA?asset_type=STOCK:0
[   50432ms] [ERROR] Failed to load resource: the server responded with a status of 429 (TOO MANY REQUESTS) @ http://localhost:5173/api/market/KEY?asset_type=STOCK:0
[   50433ms] [ERROR] Failed to load resource: the server responded with a status of 429 (TOO MANY REQUESTS) @ http://localhost:5173/api/market/KPLT?asset_type=STOCK:0
[   50433ms] [ERROR] Failed to load resource: the server responded with a status of 429 (TOO MANY REQUESTS) @ http://localhost:5173/api/market/PNG?asset_type=STOCK:0
[   50433ms] [ERROR] Failed to load resource: the server responded with a status of 429 (TOO MANY REQUESTS) @ http://localhost:5173/api/market/IIIN?asset_type=STOCK:0
[   50436ms] [ERROR] Failed to load resource: the server responded with a status of 429 (TOO MANY REQUESTS) @ http://localhost:5173/api/market/HOFT?asset_type=STOCK:0
[   50440ms] [ERROR] Failed to load resource: the server responded with a status of 429 (TOO MANY REQUESTS) @ http://localhost:5173/api/market/GSBC?asset_type=STOCK:0
[   50440ms] [ERROR] Failed to load resource: the server responded with a status of 429 (TOO MANY REQUESTS) @ http://localhost:5173/api/market/XLF?asset_type=ETF:0
[   50440ms] [ERROR] Failed to load resource: the server responded with a status of 429 (TOO MANY REQUESTS) @ http://localhost:5173/api/market/ORC?asset_type=STOCK:0
[   50442ms] [ERROR] Failed to load resource: the server responded with a status of 429 (TOO MANY REQUESTS) @ http://localhost:5173/api/market/MNYG?asset_type=STOCK:0
[   50444ms] [ERROR] Failed to load resource: the server responded with a status of 429 (TOO MANY REQUESTS) @ http://localhost:5173/api/market/HOMB?asset_type=STOCK:0
[   50451ms] [ERROR] Failed to load resource: the server responded with a status of 429 (TOO MANY REQUESTS) @ http://localhost:5173/api/market/WWD?asset_type=STOCK:0
[   50451ms] [ERROR] Failed to load resource: the server responded with a status of 429 (TOO MANY REQUESTS) @ http://localhost:5173/api/market/WINA?asset_type=STOCK:0
[   50452ms] [ERROR] Failed to load resource: the server responded with a status of 429 (TOO MANY REQUESTS) @ http://localhost:5173/api/market/FXY?asset_type=ETF:0
[   50452ms] [ERROR] Failed to load resource: the server responded with a status of 429 (TOO MANY REQUESTS) @ http://localhost:5173/api/market/GBP?asset_type=CURRENCY:0
[   50454ms] [ERROR] Failed to load resource: the server responded with a status of 429 (TOO MANY REQUESTS) @ http://localhost:5173/api/market/FXI?asset_type=ETF:0
[   50455ms] [ERROR] Failed to load resource: the server responded with a status of 429 (TOO MANY REQUESTS) @ http://localhost:5173/api/market/CMCT?asset_type=STOCK:0
[   50458ms] [ERROR] Failed to load resource: the server responded with a status of 429 (TOO MANY REQUESTS) @ http://localhost:5173/api/market/TSM?asset_type=STOCK:0
[   50458ms] [ERROR] Failed to load resource: the server responded with a status of 429 (TOO MANY REQUESTS) @ http://localhost:5173/api/market/ZBRA?asset_type=STOCK:0
[   50458ms] [ERROR] Failed to load resource: the server responded with a status of 429 (TOO MANY REQUESTS) @ http://localhost:5173/api/market/VVOS?asset_type=STOCK:0
[   50459ms] [ERROR] Failed to load resource: the server responded with a status of 429 (TOO MANY REQUESTS) @ http://localhost:5173/api/market/ALLE?asset_type=STOCK:0
[   50467ms] [ERROR] Failed to load resource: the server responded with a status of 429 (TOO MANY REQUESTS) @ http://localhost:5173/api/market/CL?asset_type=FUTURE:0
[   50467ms] [ERROR] Failed to load resource: the server responded with a status of 429 (TOO MANY REQUESTS) @ http://localhost:5173/api/market/MS?asset_type=STOCK:0
[   50467ms] [ERROR] Failed to load resource: the server responded with a status of 429 (TOO MANY REQUESTS) @ http://localhost:5173/api/market/MASI?asset_type=STOCK:0
[   50467ms] [ERROR] Failed to load resource: the server responded with a status of 429 (TOO MANY REQUESTS) @ http://localhost:5173/api/market/FSI?asset_type=STOCK:0
[   50468ms] [ERROR] Failed to load resource: the server responded with a status of 429 (TOO MANY REQUESTS) @ http://localhost:5173/api/market/LMT?asset_type=STOCK:0
[   50468ms] [ERROR] Failed to load resource: the server responded with a status of 429 (TOO MANY REQUESTS) @ http://localhost:5173/api/market/ESE?asset_type=STOCK:0
[   55150ms] [ERROR] Failed to load resource: the server responded with a status of 429 (TOO MANY REQUESTS) @ http://localhost:5173/api/market/BK?asset_type=STOCK:0
[   55153ms] [ERROR] Failed to load resource: the server responded with a status of 429 (TOO MANY REQUESTS) @ http://localhost:5173/api/market/MMC?asset_type=STOCK:0
[   55153ms] [ERROR] Failed to load resource: the server responded with a status of 429 (TOO MANY REQUESTS) @ http://localhost:5173/api/market/TRV?asset_type=STOCK:0
[   55153ms] [ERROR] Failed to load resource: the server responded with a status of 429 (TOO MANY REQUESTS) @ http://localhost:5173/api/market/LOAN?asset_type=STOCK:0
[   55153ms] [ERROR] Failed to load resource: the server responded with a status of 429 (TOO MANY REQUESTS) @ http://localhost:5173/api/market/GOOGL?asset_type=STOCK:0
[   55153ms] [ERROR] Failed to load resource: the server responded with a status of 429 (TOO MANY REQUESTS) @ http://localhost:5173/api/market/CFG?asset_type=STOCK:0
[   55153ms] [ERROR] Failed to load resource: the server responded with a status of 429 (TOO MANY REQUESTS) @ http://localhost:5173/api/market/CARZ?asset_type=ETF:0
[   55153ms] [ERROR] Failed to load resource: the server responded with a status of 429 (TOO MANY REQUESTS) @ http://localhost:5173/api/market/PEP?asset_type=STOCK:0
[   55153ms] [ERROR] Failed to load resource: the server responded with a status of 429 (TOO MANY REQUESTS) @ http://localhost:5173/api/market/USB?asset_type=STOCK:0
[   55153ms] [ERROR] Failed to load resource: the server responded with a status of 429 (TOO MANY REQUESTS) @ http://localhost:5173/api/market/SVRA?asset_type=STOCK:0
[   55161ms] [ERROR] Failed to load resource: the server responded with a status of 429 (TOO MANY REQUESTS) @ http://localhost:5173/api/market/IIIN?asset_type=STOCK:0
[   55162ms] [ERROR] Failed to load resource: the server responded with a status of 429 (TOO MANY REQUESTS) @ http://localhost:5173/api/market/KPLT?asset_type=STOCK:0
[   55162ms] [ERROR] Failed to load resource: the server responded with a status of 429 (TOO MANY REQUESTS) @ http://localhost:5173/api/market/KEY?asset_type=STOCK:0
[   55164ms] [ERROR] Failed to load resource: the server responded with a status of 429 (TOO MANY REQUESTS) @ http://localhost:5173/api/market/PNG?asset_type=STOCK:0
[   55165ms] [ERROR] Failed to load resource: the server responded with a status of 429 (TOO MANY REQUESTS) @ http://localhost:5173/api/market/HOFT?asset_type=STOCK:0
[   55165ms] [ERROR] Failed to load resource: the server responded with a status of 429 (TOO MANY REQUESTS) @ http://localhost:5173/api/market/MNYG?asset_type=STOCK:0
[   55169ms] [ERROR] Failed to load resource: the server responded with a status of 429 (TOO MANY REQUESTS) @ http://localhost:5173/api/market/GSBC?asset_type=STOCK:0
[   55169ms] [ERROR] Failed to load resource: the server responded with a status of 429 (TOO MANY REQUESTS) @ http://localhost:5173/api/market/XLF?asset_type=ETF:0
[   55169ms] [ERROR] Failed to load resource: the server responded with a status of 429 (TOO MANY REQUESTS) @ http://localhost:5173/api/market/ORC?asset_type=STOCK:0
[   55169ms] [ERROR] Failed to load resource: the server responded with a status of 429 (TOO MANY REQUESTS) @ http://localhost:5173/api/market/HOMB?asset_type=STOCK:0
[   55175ms] [ERROR] Failed to load resource: the server responded with a status of 429 (TOO MANY REQUESTS) @ http://localhost:5173/api/market/GBP?asset_type=CURRENCY:0
[   55176ms] [ERROR] Failed to load resource: the server responded with a status of 429 (TOO MANY REQUESTS) @ http://localhost:5173/api/market/WINA?asset_type=STOCK:0
[   55176ms] [ERROR] Failed to load resource: the server responded with a status of 429 (TOO MANY REQUESTS) @ http://localhost:5173/api/market/FXY?asset_type=ETF:0
[   55178ms] [ERROR] Failed to load resource: the server responded with a status of 429 (TOO MANY REQUESTS) @ http://localhost:5173/api/market/WWD?asset_type=STOCK:0
[   55179ms] [ERROR] Failed to load resource: the server responded with a status of 429 (TOO MANY REQUESTS) @ http://localhost:5173/api/market/CMCT?asset_type=STOCK:0
[   55179ms] [ERROR] Failed to load resource: the server responded with a status of 429 (TOO MANY REQUESTS) @ http://localhost:5173/api/market/FXI?asset_type=ETF:0
[   55181ms] [ERROR] Failed to load resource: the server responded with a status of 429 (TOO MANY REQUESTS) @ http://localhost:5173/api/market/TSM?asset_type=STOCK:0
[   55182ms] [ERROR] Failed to load resource: the server responded with a status of 429 (TOO MANY REQUESTS) @ http://localhost:5173/api/market/ZBRA?asset_type=STOCK:0
[   55182ms] [ERROR] Failed to load resource: the server responded with a status of 429 (TOO MANY REQUESTS) @ http://localhost:5173/api/market/ALLE?asset_type=STOCK:0
[   55184ms] [ERROR] Failed to load resource: the server responded with a status of 429 (TOO MANY REQUESTS) @ http://localhost:5173/api/market/VVOS?asset_type=STOCK:0
[   55190ms] [ERROR] Failed to load resource: the server responded with a status of 429 (TOO MANY REQUESTS) @ http://localhost:5173/api/market/MASI?asset_type=STOCK:0
[   55190ms] [ERROR] Failed to load resource: the server responded with a status of 429 (TOO MANY REQUESTS) @ http://localhost:5173/api/market/FSI?asset_type=STOCK:0
[   55190ms] [ERROR] Failed to load resource: the server responded with a status of 429 (TOO MANY REQUESTS) @ http://localhost:5173/api/market/CL?asset_type=FUTURE:0
[   55190ms] [ERROR] Failed to load resource: the server responded with a status of 429 (TOO MANY REQUESTS) @ http://localhost:5173/api/market/MS?asset_type=STOCK:0
[   55193ms] [ERROR] Failed to load resource: the server responded with a status of 429 (TOO MANY REQUESTS) @ http://localhost:5173/api/market/ESE?asset_type=STOCK:0
[   55193ms] [ERROR] Failed to load resource: the server responded with a status of 429 (TOO MANY REQUESTS) @ http://localhost:5173/api/market/LMT?asset_type=STOCK:0
[   60159ms] [ERROR] Failed to load resource: the server responded with a status of 429 (TOO MANY REQUESTS) @ http://localhost:5173/api/market/MMC?asset_type=STOCK:0
[   60161ms] [ERROR] Failed to load resource: the server responded with a status of 429 (TOO MANY REQUESTS) @ http://localhost:5173/api/market/BK?asset_type=STOCK:0
[   60161ms] [ERROR] Failed to load resource: the server responded with a status of 429 (TOO MANY REQUESTS) @ http://localhost:5173/api/market/LOAN?asset_type=STOCK:0
[   60161ms] [ERROR] Failed to load resource: the server responded with a status of 429 (TOO MANY REQUESTS) @ http://localhost:5173/api/market/TRV?asset_type=STOCK:0
[   60161ms] [ERROR] Failed to load resource: the server responded with a status of 429 (TOO MANY REQUESTS) @ http://localhost:5173/api/market/CFG?asset_type=STOCK:0
[   60161ms] [ERROR] Failed to load resource: the server responded with a status of 429 (TOO MANY REQUESTS) @ http://localhost:5173/api/market/GOOGL?asset_type=STOCK:0
[   60161ms] [ERROR] Failed to load resource: the server responded with a status of 429 (TOO MANY REQUESTS) @ http://localhost:5173/api/market/PEP?asset_type=STOCK:0
[   60161ms] [ERROR] Failed to load resource: the server responded with a status of 429 (TOO MANY REQUESTS) @ http://localhost:5173/api/market/USB?asset_type=STOCK:0
[   60161ms] [ERROR] Failed to load resource: the server responded with a status of 429 (TOO MANY REQUESTS) @ http://localhost:5173/api/market/CARZ?asset_type=ETF:0
[   60161ms] [ERROR] Failed to load resource: the server responded with a status of 429 (TOO MANY REQUESTS) @ http://localhost:5173/api/market/SVRA?asset_type=STOCK:0
[   60172ms] [ERROR] Failed to load resource: the server responded with a status of 429 (TOO MANY REQUESTS) @ http://localhost:5173/api/market/IIIN?asset_type=STOCK:0
[   60172ms] [ERROR] Failed to load resource: the server responded with a status of 429 (TOO MANY REQUESTS) @ http://localhost:5173/api/market/PNG?asset_type=STOCK:0
[   60173ms] [ERROR] Failed to load resource: the server responded with a status of 429 (TOO MANY REQUESTS) @ http://localhost:5173/api/market/MNYG?asset_type=STOCK:0
[   60173ms] [ERROR] Failed to load resource: the server responded with a status of 429 (TOO MANY REQUESTS) @ http://localhost:5173/api/market/HOFT?asset_type=STOCK:0
[   60173ms] [ERROR] Failed to load resource: the server responded with a status of 429 (TOO MANY REQUESTS) @ http://localhost:5173/api/market/KPLT?asset_type=STOCK:0
[   60173ms] [ERROR] Failed to load resource: the server responded with a status of 429 (TOO MANY REQUESTS) @ http://localhost:5173/api/market/KEY?asset_type=STOCK:0
[   60178ms] [ERROR] Failed to load resource: the server responded with a status of 429 (TOO MANY REQUESTS) @ http://localhost:5173/api/market/GSBC?asset_type=STOCK:0
[   60178ms] [ERROR] Failed to load resource: the server responded with a status of 429 (TOO MANY REQUESTS) @ http://localhost:5173/api/market/ORC?asset_type=STOCK:0
[   60178ms] [ERROR] Failed to load resource: the server responded with a status of 429 (TOO MANY REQUESTS) @ http://localhost:5173/api/market/HOMB?asset_type=STOCK:0
[   60178ms] [ERROR] Failed to load resource: the server responded with a status of 429 (TOO MANY REQUESTS) @ http://localhost:5173/api/market/XLF?asset_type=ETF:0
[   60185ms] [ERROR] Failed to load resource: the server responded with a status of 429 (TOO MANY REQUESTS) @ http://localhost:5173/api/market/FXY?asset_type=ETF:0
[   60185ms] [ERROR] Failed to load resource: the server responded with a status of 429 (TOO MANY REQUESTS) @ http://localhost:5173/api/market/WINA?asset_type=STOCK:0
[   60185ms] [ERROR] Failed to load resource: the server responded with a status of 429 (TOO MANY REQUESTS) @ http://localhost:5173/api/market/GBP?asset_type=CURRENCY:0
[   60190ms] [ERROR] Failed to load resource: the server responded with a status of 429 (TOO MANY REQUESTS) @ http://localhost:5173/api/market/CMCT?asset_type=STOCK:0
[   60190ms] [ERROR] Failed to load resource: the server responded with a status of 429 (TOO MANY REQUESTS) @ http://localhost:5173/api/market/FXI?asset_type=ETF:0
[   60190ms] [ERROR] Failed to load resource: the server responded with a status of 429 (TOO MANY REQUESTS) @ http://localhost:5173/api/market/WWD?asset_type=STOCK:0
[   60190ms] [ERROR] Failed to load resource: the server responded with a status of 429 (TOO MANY REQUESTS) @ http://localhost:5173/api/market/TSM?asset_type=STOCK:0
[   60192ms] [ERROR] Failed to load resource: the server responded with a status of 429 (TOO MANY REQUESTS) @ http://localhost:5173/api/market/ZBRA?asset_type=STOCK:0
[   60192ms] [ERROR] Failed to load resource: the server responded with a status of 429 (TOO MANY REQUESTS) @ http://localhost:5173/api/market/ALLE?asset_type=STOCK:0
[   60193ms] [ERROR] Failed to load resource: the server responded with a status of 429 (TOO MANY REQUESTS) @ http://localhost:5173/api/market/VVOS?asset_type=STOCK:0
[   60199ms] [ERROR] Failed to load resource: the server responded with a status of 429 (TOO MANY REQUESTS) @ http://localhost:5173/api/market/MASI?asset_type=STOCK:0
[   60199ms] [ERROR] Failed to load resource: the server responded with a status of 429 (TOO MANY REQUESTS) @ http://localhost:5173/api/market/FSI?asset_type=STOCK:0
[   60199ms] [ERROR] Failed to load resource: the server responded with a status of 429 (TOO MANY REQUESTS) @ http://localhost:5173/api/market/CL?asset_type=FUTURE:0
[   60199ms] [ERROR] Failed to load resource: the server responded with a status of 429 (TOO MANY REQUESTS) @ http://localhost:5173/api/market/MS?asset_type=STOCK:0
[   60202ms] [ERROR] Failed to load resource: the server responded with a status of 429 (TOO MANY REQUESTS) @ http://localhost:5173/api/market/ESE?asset_type=STOCK:0
[   60202ms] [ERROR] Failed to load resource: the server responded with a status of 429 (TOO MANY REQUESTS) @ http://localhost:5173/api/market/LMT?asset_type=STOCK:0
[   60406ms] [ERROR] Failed to load resource: the server responded with a status of 429 (TOO MANY REQUESTS) @ http://localhost:5173/api/market/MMC?asset_type=STOCK:0
[   60407ms] [ERROR] Failed to load resource: the server responded with a status of 429 (TOO MANY REQUESTS) @ http://localhost:5173/api/market/TRV?asset_type=STOCK:0
[   60410ms] [ERROR] Failed to load resource: the server responded with a status of 429 (TOO MANY REQUESTS) @ http://localhost:5173/api/market/LOAN?asset_type=STOCK:0
[   60413ms] [ERROR] Failed to load resource: the server responded with a status of 429 (TOO MANY REQUESTS) @ http://localhost:5173/api/market/CFG?asset_type=STOCK:0
[   60414ms] [ERROR] Failed to load resource: the server responded with a status of 429 (TOO MANY REQUESTS) @ http://localhost:5173/api/market/GOOGL?asset_type=STOCK:0
[   60414ms] [ERROR] Failed to load resource: the server responded with a status of 429 (TOO MANY REQUESTS) @ http://localhost:5173/api/market/BK?asset_type=STOCK:0
[   60417ms] [ERROR] Failed to load resource: the server responded with a status of 429 (TOO MANY REQUESTS) @ http://localhost:5173/api/market/CARZ?asset_type=ETF:0
[   60419ms] [ERROR] Failed to load resource: the server responded with a status of 429 (TOO MANY REQUESTS) @ http://localhost:5173/api/market/USB?asset_type=STOCK:0
[   60419ms] [ERROR] Failed to load resource: the server responded with a status of 429 (TOO MANY REQUESTS) @ http://localhost:5173/api/market/PEP?asset_type=STOCK:0
[   60421ms] [ERROR] Failed to load resource: the server responded with a status of 429 (TOO MANY REQUESTS) @ http://localhost:5173/api/market/SVRA?asset_type=STOCK:0
[   60430ms] [ERROR] Failed to load resource: the server responded with a status of 429 (TOO MANY REQUESTS) @ http://localhost:5173/api/market/KEY?asset_type=STOCK:0
[   60430ms] [ERROR] Failed to load resource: the server responded with a status of 429 (TOO MANY REQUESTS) @ http://localhost:5173/api/market/KPLT?asset_type=STOCK:0
[   60431ms] [ERROR] Failed to load resource: the server responded with a status of 429 (TOO MANY REQUESTS) @ http://localhost:5173/api/market/IIIN?asset_type=STOCK:0
[   60431ms] [ERROR] Failed to load resource: the server responded with a status of 429 (TOO MANY REQUESTS) @ http://localhost:5173/api/market/PNG?asset_type=STOCK:0
[   60437ms] [ERROR] Failed to load resource: the server responded with a status of 429 (TOO MANY REQUESTS) @ http://localhost:5173/api/market/MNYG?asset_type=STOCK:0
[   60437ms] [ERROR] Failed to load resource: the server responded with a status of 429 (TOO MANY REQUESTS) @ http://localhost:5173/api/market/HOFT?asset_type=STOCK:0
[   60437ms] [ERROR] Failed to load resource: the server responded with a status of 429 (TOO MANY REQUESTS) @ http://localhost:5173/api/market/GSBC?asset_type=STOCK:0
[   60437ms] [ERROR] Failed to load resource: the server responded with a status of 429 (TOO MANY REQUESTS) @ http://localhost:5173/api/market/XLF?asset_type=ETF:0
[   60437ms] [ERROR] Failed to load resource: the server responded with a status of 429 (TOO MANY REQUESTS) @ http://localhost:5173/api/market/HOMB?asset_type=STOCK:0
[   60437ms] [ERROR] Failed to load resource: the server responded with a status of 429 (TOO MANY REQUESTS) @ http://localhost:5173/api/market/ORC?asset_type=STOCK:0
[   60449ms] [ERROR] Failed to load resource: the server responded with a status of 429 (TOO MANY REQUESTS) @ http://localhost:5173/api/market/WWD?asset_type=STOCK:0
[   60449ms] [ERROR] Failed to load resource: the server responded with a status of 429 (TOO MANY REQUESTS) @ http://localhost:5173/api/market/WINA?asset_type=STOCK:0
[   60449ms] [ERROR] Failed to load resource: the server responded with a status of 429 (TOO MANY REQUESTS) @ http://localhost:5173/api/market/FXY?asset_type=ETF:0
[   60449ms] [ERROR] Failed to load resource: the server responded with a status of 429 (TOO MANY REQUESTS) @ http://localhost:5173/api/market/GBP?asset_type=CURRENCY:0
[   60449ms] [ERROR] Failed to load resource: the server responded with a status of 429 (TOO MANY REQUESTS) @ http://localhost:5173/api/market/FXI?asset_type=ETF:0
[   60449ms] [ERROR] Failed to load resource: the server responded with a status of 429 (TOO MANY REQUESTS) @ http://localhost:5173/api/market/CMCT?asset_type=STOCK:0
[   60450ms] [ERROR] Failed to load resource: the server responded with a status of 429 (TOO MANY REQUESTS) @ http://localhost:5173/api/market/ZBRA?asset_type=STOCK:0
[   60450ms] [ERROR] Failed to load resource: the server responded with a status of 429 (TOO MANY REQUESTS) @ http://localhost:5173/api/market/TSM?asset_type=STOCK:0
[   60452ms] [ERROR] Failed to load resource: the server responded with a status of 429 (TOO MANY REQUESTS) @ http://localhost:5173/api/market/ALLE?asset_type=STOCK:0
[   60452ms] [ERROR] Failed to load resource: the server responded with a status of 429 (TOO MANY REQUESTS) @ http://localhost:5173/api/market/VVOS?asset_type=STOCK:0
[   60459ms] [ERROR] Failed to load resource: the server responded with a status of 429 (TOO MANY REQUESTS) @ http://localhost:5173/api/market/CL?asset_type=FUTURE:0
[   60459ms] [ERROR] Failed to load resource: the server responded with a status of 429 (TOO MANY REQUESTS) @ http://localhost:5173/api/market/MS?asset_type=STOCK:0
[   60459ms] [ERROR] Failed to load resource: the server responded with a status of 429 (TOO MANY REQUESTS) @ http://localhost:5173/api/market/MASI?asset_type=STOCK:0
[   60460ms] [ERROR] Failed to load resource: the server responded with a status of 429 (TOO MANY REQUESTS) @ http://localhost:5173/api/market/FSI?asset_type=STOCK:0
[   60462ms] [ERROR] Failed to load resource: the server responded with a status of 429 (TOO MANY REQUESTS) @ http://localhost:5173/api/market/ESE?asset_type=STOCK:0
[   60462ms] [ERROR] Failed to load resource: the server responded with a status of 429 (TOO MANY REQUESTS) @ http://localhost:5173/api/market/LMT?asset_type=STOCK:0
[   61702ms] [VERBOSE] [DOM] Password forms should have (optionally hidden) username fields for accessibility: (More info: https://goo.gl/9p2vKq) %o @ http://localhost:5173/terminal:0
[   66802ms] [ERROR] Failed to load resource: the server responded with a status of 404 (NOT FOUND) @ http://localhost:5173/api/market/MMC?asset_type=STOCK:0
[   67077ms] [ERROR] Failed to load resource: the server responded with a status of 404 (NOT FOUND) @ http://localhost:5173/api/market/PNG?asset_type=STOCK:0
[   67148ms] [ERROR] Failed to load resource: the server responded with a status of 404 (NOT FOUND) @ http://localhost:5173/api/market/MNYG?asset_type=STOCK:0
[   67297ms] [ERROR] Failed to load resource: the server responded with a status of 404 (NOT FOUND) @ http://localhost:5173/api/market/GBP?asset_type=CURRENCY:0
[   68935ms] [VERBOSE] [DOM] Password forms should have (optionally hidden) username fields for accessibility: (More info: https://goo.gl/9p2vKq) %o @ http://localhost:5173/terminal:0
[   69296ms] [ERROR] Failed to load resource: the server responded with a status of 404 (NOT FOUND) @ http://localhost:5173/api/market/MMC?asset_type=STOCK:0
[   69456ms] [ERROR] Failed to load resource: the server responded with a status of 404 (NOT FOUND) @ http://localhost:5173/api/market/MMC?asset_type=STOCK:0
[   69519ms] [ERROR] Failed to load resource: the server responded with a status of 404 (NOT FOUND) @ http://localhost:5173/api/market/PNG?asset_type=STOCK:0
[   69601ms] [ERROR] Failed to load resource: the server responded with a status of 404 (NOT FOUND) @ http://localhost:5173/api/market/MNYG?asset_type=STOCK:0
[   69723ms] [ERROR] Failed to load resource: the server responded with a status of 404 (NOT FOUND) @ http://localhost:5173/api/market/PNG?asset_type=STOCK:0
[   69817ms] [ERROR] Failed to load resource: the server responded with a status of 404 (NOT FOUND) @ http://localhost:5173/api/market/MNYG?asset_type=STOCK:0
[   69958ms] [ERROR] Failed to load resource: the server responded with a status of 404 (NOT FOUND) @ http://localhost:5173/api/market/GBP?asset_type=CURRENCY:0
[   70326ms] [ERROR] Failed to load resource: the server responded with a status of 404 (NOT FOUND) @ http://localhost:5173/api/market/GBP?asset_type=CURRENCY:0
[   74038ms] [ERROR] Failed to load resource: the server responded with a status of 404 (NOT FOUND) @ http://localhost:5173/api/market/MMC?asset_type=STOCK:0
[   74217ms] [ERROR] Failed to load resource: the server responded with a status of 404 (NOT FOUND) @ http://localhost:5173/api/market/PNG?asset_type=STOCK:0
[   74233ms] [ERROR] Failed to load resource: the server responded with a status of 404 (NOT FOUND) @ http://localhost:5173/api/market/MNYG?asset_type=STOCK:0
[   74420ms] [ERROR] Failed to load resource: the server responded with a status of 404 (NOT FOUND) @ http://localhost:5173/api/market/GBP?asset_type=CURRENCY:0
[   79028ms] [ERROR] Failed to load resource: the server responded with a status of 404 (NOT FOUND) @ http://localhost:5173/api/market/MMC?asset_type=STOCK:0
[   79208ms] [ERROR] Failed to load resource: the server responded with a status of 404 (NOT FOUND) @ http://localhost:5173/api/market/MMC?asset_type=STOCK:0
[   79437ms] [ERROR] Failed to load resource: the server responded with a status of 404 (NOT FOUND) @ http://localhost:5173/api/market/PNG?asset_type=STOCK:0
[   79535ms] [ERROR] Failed to load resource: the server responded with a status of 404 (NOT FOUND) @ http://localhost:5173/api/market/MNYG?asset_type=STOCK:0
[   79689ms] [ERROR] Failed to load resource: the server responded with a status of 404 (NOT FOUND) @ http://localhost:5173/api/market/PNG?asset_type=STOCK:0
[   79799ms] [ERROR] Failed to load resource: the server responded with a status of 404 (NOT FOUND) @ http://localhost:5173/api/market/MNYG?asset_type=STOCK:0
[   79948ms] [ERROR] Failed to load resource: the server responded with a status of 404 (NOT FOUND) @ http://localhost:5173/api/market/GBP?asset_type=CURRENCY:0
[   80199ms] [ERROR] Failed to load resource: the server responded with a status of 404 (NOT FOUND) @ http://localhost:5173/api/market/GBP?asset_type=CURRENCY:0
[   80674ms] [ERROR] Failed to load resource: the server responded with a status of 429 (TOO MANY REQUESTS) @ http://localhost:5173/api/market/LMT?asset_type=STOCK:0
[   80677ms] [ERROR] Failed to load resource: the server responded with a status of 429 (TOO MANY REQUESTS) @ http://localhost:5173/api/market/ESE?asset_type=STOCK:0
[   84015ms] [ERROR] Failed to load resource: the server responded with a status of 429 (TOO MANY REQUESTS) @ http://localhost:5173/api/market/TRV?asset_type=STOCK:0
[   84016ms] [ERROR] Failed to load resource: the server responded with a status of 429 (TOO MANY REQUESTS) @ http://localhost:5173/api/market/GOOGL?asset_type=STOCK:0
[   84016ms] [ERROR] Failed to load resource: the server responded with a status of 429 (TOO MANY REQUESTS) @ http://localhost:5173/api/market/CARZ?asset_type=ETF:0
[   84016ms] [ERROR] Failed to load resource: the server responded with a status of 429 (TOO MANY REQUESTS) @ http://localhost:5173/api/market/PEP?asset_type=STOCK:0
[   84016ms] [ERROR] Failed to load resource: the server responded with a status of 429 (TOO MANY REQUESTS) @ http://localhost:5173/api/market/USB?asset_type=STOCK:0
[   84016ms] [ERROR] Failed to load resource: the server responded with a status of 429 (TOO MANY REQUESTS) @ http://localhost:5173/api/market/SVRA?asset_type=STOCK:0
[   84042ms] [ERROR] Failed to load resource: the server responded with a status of 404 (NOT FOUND) @ http://localhost:5173/api/market/MMC?asset_type=STOCK:0
[   84050ms] [ERROR] Failed to load resource: the server responded with a status of 429 (TOO MANY REQUESTS) @ http://localhost:5173/api/market/PNG?asset_type=STOCK:0
[   84056ms] [ERROR] Failed to load resource: the server responded with a status of 429 (TOO MANY REQUESTS) @ http://localhost:5173/api/market/XLF?asset_type=ETF:0
[   84123ms] [ERROR] Failed to load resource: the server responded with a status of 404 (NOT FOUND) @ http://localhost:5173/api/market/MNYG?asset_type=STOCK:0
[   84163ms] [ERROR] Failed to load resource: the server responded with a status of 429 (TOO MANY REQUESTS) @ http://localhost:5173/api/market/GBP?asset_type=CURRENCY:0
[   84168ms] [ERROR] Failed to load resource: the server responded with a status of 429 (TOO MANY REQUESTS) @ http://localhost:5173/api/market/FXI?asset_type=ETF:0
[   84174ms] [ERROR] Failed to load resource: the server responded with a status of 429 (TOO MANY REQUESTS) @ http://localhost:5173/api/market/ZBRA?asset_type=STOCK:0
[   84270ms] [ERROR] Failed to load resource: the server responded with a status of 429 (TOO MANY REQUESTS) @ http://localhost:5173/api/market/MS?asset_type=STOCK:0
[   84274ms] [ERROR] Failed to load resource: the server responded with a status of 429 (TOO MANY REQUESTS) @ http://localhost:5173/api/market/MASI?asset_type=STOCK:0
[   84279ms] [ERROR] Failed to load resource: the server responded with a status of 429 (TOO MANY REQUESTS) @ http://localhost:5173/api/market/LMT?asset_type=STOCK:0
[   84282ms] [ERROR] Failed to load resource: the server responded with a status of 429 (TOO MANY REQUESTS) @ http://localhost:5173/api/market/ESE?asset_type=STOCK:0
[   89029ms] [ERROR] Failed to load resource: the server responded with a status of 429 (TOO MANY REQUESTS) @ http://localhost:5173/api/market/BK?asset_type=STOCK:0
[   89030ms] [ERROR] Failed to load resource: the server responded with a status of 429 (TOO MANY REQUESTS) @ http://localhost:5173/api/market/LOAN?asset_type=STOCK:0
[   89030ms] [ERROR] Failed to load resource: the server responded with a status of 429 (TOO MANY REQUESTS) @ http://localhost:5173/api/market/CFG?asset_type=STOCK:0
[   89030ms] [ERROR] Failed to load resource: the server responded with a status of 429 (TOO MANY REQUESTS) @ http://localhost:5173/api/market/GOOGL?asset_type=STOCK:0
[   89030ms] [ERROR] Failed to load resource: the server responded with a status of 429 (TOO MANY REQUESTS) @ http://localhost:5173/api/market/PEP?asset_type=STOCK:0
[   89030ms] [ERROR] Failed to load resource: the server responded with a status of 429 (TOO MANY REQUESTS) @ http://localhost:5173/api/market/CARZ?asset_type=ETF:0
[   89030ms] [ERROR] Failed to load resource: the server responded with a status of 429 (TOO MANY REQUESTS) @ http://localhost:5173/api/market/USB?asset_type=STOCK:0
[   89030ms] [ERROR] Failed to load resource: the server responded with a status of 429 (TOO MANY REQUESTS) @ http://localhost:5173/api/market/SVRA?asset_type=STOCK:0
[   89059ms] [ERROR] Failed to load resource: the server responded with a status of 404 (NOT FOUND) @ http://localhost:5173/api/market/MMC?asset_type=STOCK:0
[   89066ms] [ERROR] Failed to load resource: the server responded with a status of 429 (TOO MANY REQUESTS) @ http://localhost:5173/api/market/PNG?asset_type=STOCK:0
[   89066ms] [ERROR] Failed to load resource: the server responded with a status of 429 (TOO MANY REQUESTS) @ http://localhost:5173/api/market/KEY?asset_type=STOCK:0
[   89066ms] [ERROR] Failed to load resource: the server responded with a status of 429 (TOO MANY REQUESTS) @ http://localhost:5173/api/market/IIIN?asset_type=STOCK:0
[   89069ms] [ERROR] Failed to load resource: the server responded with a status of 429 (TOO MANY REQUESTS) @ http://localhost:5173/api/market/HOFT?asset_type=STOCK:0
[   89069ms] [ERROR] Failed to load resource: the server responded with a status of 429 (TOO MANY REQUESTS) @ http://localhost:5173/api/market/MNYG?asset_type=STOCK:0
[   89071ms] [ERROR] Failed to load resource: the server responded with a status of 429 (TOO MANY REQUESTS) @ http://localhost:5173/api/market/GSBC?asset_type=STOCK:0
[   89072ms] [ERROR] Failed to load resource: the server responded with a status of 429 (TOO MANY REQUESTS) @ http://localhost:5173/api/market/ORC?asset_type=STOCK:0
[   89072ms] [ERROR] Failed to load resource: the server responded with a status of 429 (TOO MANY REQUESTS) @ http://localhost:5173/api/market/XLF?asset_type=ETF:0
[   89074ms] [ERROR] Failed to load resource: the server responded with a status of 429 (TOO MANY REQUESTS) @ http://localhost:5173/api/market/HOMB?asset_type=STOCK:0
[   89087ms] [ERROR] Failed to load resource: the server responded with a status of 429 (TOO MANY REQUESTS) @ http://localhost:5173/api/market/MMC?asset_type=STOCK:0
[   89087ms] [ERROR] Failed to load resource: the server responded with a status of 429 (TOO MANY REQUESTS) @ http://localhost:5173/api/market/LOAN?asset_type=STOCK:0
[   89087ms] [ERROR] Failed to load resource: the server responded with a status of 429 (TOO MANY REQUESTS) @ http://localhost:5173/api/market/BK?asset_type=STOCK:0
[   89090ms] [ERROR] Failed to load resource: the server responded with a status of 429 (TOO MANY REQUESTS) @ http://localhost:5173/api/market/CFG?asset_type=STOCK:0
[   89090ms] [ERROR] Failed to load resource: the server responded with a status of 429 (TOO MANY REQUESTS) @ http://localhost:5173/api/market/TRV?asset_type=STOCK:0
[   89092ms] [ERROR] Failed to load resource: the server responded with a status of 429 (TOO MANY REQUESTS) @ http://localhost:5173/api/market/GOOGL?asset_type=STOCK:0
[   89093ms] [ERROR] Failed to load resource: the server responded with a status of 429 (TOO MANY REQUESTS) @ http://localhost:5173/api/market/CARZ?asset_type=ETF:0
[   89093ms] [ERROR] Failed to load resource: the server responded with a status of 429 (TOO MANY REQUESTS) @ http://localhost:5173/api/market/PEP?asset_type=STOCK:0
[   89095ms] [ERROR] Failed to load resource: the server responded with a status of 429 (TOO MANY REQUESTS) @ http://localhost:5173/api/market/USB?asset_type=STOCK:0
[   89096ms] [ERROR] Failed to load resource: the server responded with a status of 429 (TOO MANY REQUESTS) @ http://localhost:5173/api/market/SVRA?asset_type=STOCK:0
[   89103ms] [ERROR] Failed to load resource: the server responded with a status of 429 (TOO MANY REQUESTS) @ http://localhost:5173/api/market/PNG?asset_type=STOCK:0
[   89103ms] [ERROR] Failed to load resource: the server responded with a status of 429 (TOO MANY REQUESTS) @ http://localhost:5173/api/market/KEY?asset_type=STOCK:0
[   89104ms] [ERROR] Failed to load resource: the server responded with a status of 429 (TOO MANY REQUESTS) @ http://localhost:5173/api/market/IIIN?asset_type=STOCK:0
[   89107ms] [ERROR] Failed to load resource: the server responded with a status of 429 (TOO MANY REQUESTS) @ http://localhost:5173/api/market/MNYG?asset_type=STOCK:0
[   89107ms] [ERROR] Failed to load resource: the server responded with a status of 429 (TOO MANY REQUESTS) @ http://localhost:5173/api/market/HOFT?asset_type=STOCK:0
[   89108ms] [ERROR] Failed to load resource: the server responded with a status of 429 (TOO MANY REQUESTS) @ http://localhost:5173/api/market/GSBC?asset_type=STOCK:0
[   89110ms] [ERROR] Failed to load resource: the server responded with a status of 429 (TOO MANY REQUESTS) @ http://localhost:5173/api/market/XLF?asset_type=ETF:0
[   89110ms] [ERROR] Failed to load resource: the server responded with a status of 429 (TOO MANY REQUESTS) @ http://localhost:5173/api/market/ORC?asset_type=STOCK:0
[   89112ms] [ERROR] Failed to load resource: the server responded with a status of 429 (TOO MANY REQUESTS) @ http://localhost:5173/api/market/HOMB?asset_type=STOCK:0
[   89169ms] [ERROR] Failed to load resource: the server responded with a status of 429 (TOO MANY REQUESTS) @ http://localhost:5173/api/market/KPLT?asset_type=STOCK:0
[   89170ms] [ERROR] Failed to load resource: the server responded with a status of 429 (TOO MANY REQUESTS) @ http://localhost:5173/api/market/GBP?asset_type=CURRENCY:0
[   89170ms] [ERROR] Failed to load resource: the server responded with a status of 429 (TOO MANY REQUESTS) @ http://localhost:5173/api/market/WWD?asset_type=STOCK:0
[   89170ms] [ERROR] Failed to load resource: the server responded with a status of 429 (TOO MANY REQUESTS) @ http://localhost:5173/api/market/FXY?asset_type=ETF:0
[   89170ms] [ERROR] Failed to load resource: the server responded with a status of 429 (TOO MANY REQUESTS) @ http://localhost:5173/api/market/CMCT?asset_type=STOCK:0
[   89171ms] [ERROR] Failed to load resource: the server responded with a status of 429 (TOO MANY REQUESTS) @ http://localhost:5173/api/market/FXI?asset_type=ETF:0
[   89171ms] [ERROR] Failed to load resource: the server responded with a status of 429 (TOO MANY REQUESTS) @ http://localhost:5173/api/market/TSM?asset_type=STOCK:0
[   89172ms] [ERROR] Failed to load resource: the server responded with a status of 429 (TOO MANY REQUESTS) @ http://localhost:5173/api/market/ZBRA?asset_type=STOCK:0
[   89174ms] [ERROR] Failed to load resource: the server responded with a status of 429 (TOO MANY REQUESTS) @ http://localhost:5173/api/market/VVOS?asset_type=STOCK:0
[   89174ms] [ERROR] Failed to load resource: the server responded with a status of 429 (TOO MANY REQUESTS) @ http://localhost:5173/api/market/ALLE?asset_type=STOCK:0
[   89177ms] [ERROR] Failed to load resource: the server responded with a status of 429 (TOO MANY REQUESTS) @ http://localhost:5173/api/market/GBP?asset_type=CURRENCY:0
[   89181ms] [ERROR] Failed to load resource: the server responded with a status of 429 (TOO MANY REQUESTS) @ http://localhost:5173/api/market/FXY?asset_type=ETF:0
[   89181ms] [ERROR] Failed to load resource: the server responded with a status of 429 (TOO MANY REQUESTS) @ http://localhost:5173/api/market/CMCT?asset_type=STOCK:0
[   89181ms] [ERROR] Failed to load resource: the server responded with a status of 429 (TOO MANY REQUESTS) @ http://localhost:5173/api/market/WWD?asset_type=STOCK:0
[   89182ms] [ERROR] Failed to load resource: the server responded with a status of 429 (TOO MANY REQUESTS) @ http://localhost:5173/api/market/FXI?asset_type=ETF:0
[   89186ms] [ERROR] Failed to load resource: the server responded with a status of 429 (TOO MANY REQUESTS) @ http://localhost:5173/api/market/TSM?asset_type=STOCK:0
[   89187ms] [ERROR] Failed to load resource: the server responded with a status of 429 (TOO MANY REQUESTS) @ http://localhost:5173/api/market/ZBRA?asset_type=STOCK:0
[   89187ms] [ERROR] Failed to load resource: the server responded with a status of 429 (TOO MANY REQUESTS) @ http://localhost:5173/api/market/VVOS?asset_type=STOCK:0
[   89189ms] [ERROR] Failed to load resource: the server responded with a status of 429 (TOO MANY REQUESTS) @ http://localhost:5173/api/market/ALLE?asset_type=STOCK:0
[   89265ms] [ERROR] Failed to load resource: the server responded with a status of 429 (TOO MANY REQUESTS) @ http://localhost:5173/api/market/WINA?asset_type=STOCK:0
[   89268ms] [ERROR] Failed to load resource: the server responded with a status of 429 (TOO MANY REQUESTS) @ http://localhost:5173/api/market/FSI?asset_type=STOCK:0
[   89269ms] [ERROR] Failed to load resource: the server responded with a status of 429 (TOO MANY REQUESTS) @ http://localhost:5173/api/market/CL?asset_type=FUTURE:0
[   89271ms] [ERROR] Failed to load resource: the server responded with a status of 429 (TOO MANY REQUESTS) @ http://localhost:5173/api/market/MS?asset_type=STOCK:0
[   89274ms] [ERROR] Failed to load resource: the server responded with a status of 429 (TOO MANY REQUESTS) @ http://localhost:5173/api/market/MASI?asset_type=STOCK:0
[   89274ms] [ERROR] Failed to load resource: the server responded with a status of 429 (TOO MANY REQUESTS) @ http://localhost:5173/api/market/LMT?asset_type=STOCK:0
[   89281ms] [ERROR] Failed to load resource: the server responded with a status of 429 (TOO MANY REQUESTS) @ http://localhost:5173/api/market/ESE?asset_type=STOCK:0
[   89303ms] [ERROR] Failed to load resource: the server responded with a status of 429 (TOO MANY REQUESTS) @ http://localhost:5173/api/market/FSI?asset_type=STOCK:0
[   89303ms] [ERROR] Failed to load resource: the server responded with a status of 429 (TOO MANY REQUESTS) @ http://localhost:5173/api/market/CL?asset_type=FUTURE:0
[   89303ms] [ERROR] Failed to load resource: the server responded with a status of 429 (TOO MANY REQUESTS) @ http://localhost:5173/api/market/MS?asset_type=STOCK:0
[   89303ms] [ERROR] Failed to load resource: the server responded with a status of 429 (TOO MANY REQUESTS) @ http://localhost:5173/api/market/MASI?asset_type=STOCK:0
[   89303ms] [ERROR] Failed to load resource: the server responded with a status of 429 (TOO MANY REQUESTS) @ http://localhost:5173/api/market/LMT?asset_type=STOCK:0
[   89303ms] [ERROR] Failed to load resource: the server responded with a status of 429 (TOO MANY REQUESTS) @ http://localhost:5173/api/market/ESE?asset_type=STOCK:0
[   94021ms] [ERROR] Failed to load resource: the server responded with a status of 429 (TOO MANY REQUESTS) @ http://localhost:5173/api/market/LOAN?asset_type=STOCK:0
[   94021ms] [ERROR] Failed to load resource: the server responded with a status of 429 (TOO MANY REQUESTS) @ http://localhost:5173/api/market/TRV?asset_type=STOCK:0
[   94022ms] [ERROR] Failed to load resource: the server responded with a status of 429 (TOO MANY REQUESTS) @ http://localhost:5173/api/market/MMC?asset_type=STOCK:0
[   94024ms] [ERROR] Failed to load resource: the server responded with a status of 429 (TOO MANY REQUESTS) @ http://localhost:5173/api/market/CFG?asset_type=STOCK:0
[   94025ms] [ERROR] Failed to load resource: the server responded with a status of 429 (TOO MANY REQUESTS) @ http://localhost:5173/api/market/GOOGL?asset_type=STOCK:0
[   94025ms] [ERROR] Failed to load resource: the server responded with a status of 429 (TOO MANY REQUESTS) @ http://localhost:5173/api/market/CARZ?asset_type=ETF:0
[   94025ms] [ERROR] Failed to load resource: the server responded with a status of 429 (TOO MANY REQUESTS) @ http://localhost:5173/api/market/PEP?asset_type=STOCK:0
[   94025ms] [ERROR] Failed to load resource: the server responded with a status of 429 (TOO MANY REQUESTS) @ http://localhost:5173/api/market/USB?asset_type=STOCK:0
[   94025ms] [ERROR] Failed to load resource: the server responded with a status of 429 (TOO MANY REQUESTS) @ http://localhost:5173/api/market/SVRA?asset_type=STOCK:0
[   94035ms] [ERROR] Failed to load resource: the server responded with a status of 429 (TOO MANY REQUESTS) @ http://localhost:5173/api/market/PNG?asset_type=STOCK:0
[   94035ms] [ERROR] Failed to load resource: the server responded with a status of 429 (TOO MANY REQUESTS) @ http://localhost:5173/api/market/KEY?asset_type=STOCK:0
[   94035ms] [ERROR] Failed to load resource: the server responded with a status of 429 (TOO MANY REQUESTS) @ http://localhost:5173/api/market/KPLT?asset_type=STOCK:0
[   94036ms] [ERROR] Failed to load resource: the server responded with a status of 429 (TOO MANY REQUESTS) @ http://localhost:5173/api/market/IIIN?asset_type=STOCK:0
[   94037ms] [ERROR] Failed to load resource: the server responded with a status of 429 (TOO MANY REQUESTS) @ http://localhost:5173/api/market/HOFT?asset_type=STOCK:0
[   94037ms] [ERROR] Failed to load resource: the server responded with a status of 429 (TOO MANY REQUESTS) @ http://localhost:5173/api/market/MNYG?asset_type=STOCK:0
[   94040ms] [ERROR] Failed to load resource: the server responded with a status of 429 (TOO MANY REQUESTS) @ http://localhost:5173/api/market/GSBC?asset_type=STOCK:0
[   94040ms] [ERROR] Failed to load resource: the server responded with a status of 429 (TOO MANY REQUESTS) @ http://localhost:5173/api/market/XLF?asset_type=ETF:0
[   94040ms] [ERROR] Failed to load resource: the server responded with a status of 429 (TOO MANY REQUESTS) @ http://localhost:5173/api/market/HOMB?asset_type=STOCK:0
[   94040ms] [ERROR] Failed to load resource: the server responded with a status of 429 (TOO MANY REQUESTS) @ http://localhost:5173/api/market/ORC?asset_type=STOCK:0
[   94053ms] [ERROR] Failed to load resource: the server responded with a status of 429 (TOO MANY REQUESTS) @ http://localhost:5173/api/market/GBP?asset_type=CURRENCY:0
[   94053ms] [ERROR] Failed to load resource: the server responded with a status of 429 (TOO MANY REQUESTS) @ http://localhost:5173/api/market/WWD?asset_type=STOCK:0
[   94053ms] [ERROR] Failed to load resource: the server responded with a status of 429 (TOO MANY REQUESTS) @ http://localhost:5173/api/market/WINA?asset_type=STOCK:0
[   94053ms] [ERROR] Failed to load resource: the server responded with a status of 429 (TOO MANY REQUESTS) @ http://localhost:5173/api/market/FXY?asset_type=ETF:0
[   94053ms] [ERROR] Failed to load resource: the server responded with a status of 429 (TOO MANY REQUESTS) @ http://localhost:5173/api/market/CMCT?asset_type=STOCK:0
[   94053ms] [ERROR] Failed to load resource: the server responded with a status of 429 (TOO MANY REQUESTS) @ http://localhost:5173/api/market/FXI?asset_type=ETF:0
[   94053ms] [ERROR] Failed to load resource: the server responded with a status of 429 (TOO MANY REQUESTS) @ http://localhost:5173/api/market/TSM?asset_type=STOCK:0
[   94053ms] [ERROR] Failed to load resource: the server responded with a status of 429 (TOO MANY REQUESTS) @ http://localhost:5173/api/market/ZBRA?asset_type=STOCK:0
[   94053ms] [ERROR] Failed to load resource: the server responded with a status of 429 (TOO MANY REQUESTS) @ http://localhost:5173/api/market/VVOS?asset_type=STOCK:0
[   94054ms] [ERROR] Failed to load resource: the server responded with a status of 429 (TOO MANY REQUESTS) @ http://localhost:5173/api/market/ALLE?asset_type=STOCK:0
[   94061ms] [ERROR] Failed to load resource: the server responded with a status of 429 (TOO MANY REQUESTS) @ http://localhost:5173/api/market/CL?asset_type=FUTURE:0
[   94061ms] [ERROR] Failed to load resource: the server responded with a status of 429 (TOO MANY REQUESTS) @ http://localhost:5173/api/market/FSI?asset_type=STOCK:0
[   94061ms] [ERROR] Failed to load resource: the server responded with a status of 429 (TOO MANY REQUESTS) @ http://localhost:5173/api/market/MS?asset_type=STOCK:0
[   94063ms] [ERROR] Failed to load resource: the server responded with a status of 429 (TOO MANY REQUESTS) @ http://localhost:5173/api/market/MASI?asset_type=STOCK:0
[   94064ms] [ERROR] Failed to load resource: the server responded with a status of 429 (TOO MANY REQUESTS) @ http://localhost:5173/api/market/LMT?asset_type=STOCK:0
[   94064ms] [ERROR] Failed to load resource: the server responded with a status of 429 (TOO MANY REQUESTS) @ http://localhost:5173/api/market/ESE?asset_type=STOCK:0
