[     138ms] [VERBOSE] [DOM] Password forms should have (optionally hidden) username fields for accessibility: (More info: https://goo.gl/9p2vKq) %o @ http://localhost:5173/pricing:0
[    8501ms] [VERBOSE] [DOM] Password forms should have (optionally hidden) username fields for accessibility: (More info: https://goo.gl/9p2vKq) %o @ http://localhost:5173/pricing:0
[   23391ms] [WARNING] You may test your Stripe.js integration over HTTP. However, live Stripe.js integrations must use HTTPS. @ https://js.stripe.com/basil/stripe.js:0
[   25140ms] [WARNING] [.WebGL-0x242c083e0600]GL Driver Message (OpenGL, Performance, GL_CLOSE_PATH_NV, High): GPU stall due to ReadPixels @ https://newassets.hcaptcha.com/captcha/v1/3b51cea83ce6dead3aa67ad1ba6db0cc5379ddfa/static/hcaptcha.html#frame=challenge&id=0dbl46yzd73t&host=b.stripecdn.com&sentry=true&reportapi=https%3A%2F%2Faccounts.hcaptcha.com&recaptchacompat=true&custom=false&hl=en&tplinks=on&andint=off&pstissuer=https%3A%2F%2Fpst-issuer.hcaptcha.com&sitekey=ec637546-e9b8-447a-ab81-b5fb6d228ab8&size=invisible&theme=light&origin=https%3A%2F%2Fb.stripecdn.com:0
[   25303ms] [WARNING] [.WebGL-0x242c083e1800]GL Driver Message (OpenGL, Performance, GL_CLOSE_PATH_NV, High): GPU stall due to ReadPixels @ https://newassets.hcaptcha.com/captcha/v1/3b51cea83ce6dead3aa67ad1ba6db0cc5379ddfa/static/hcaptcha.html#frame=challenge&id=1igepc1zro7&host=b.stripecdn.com&sentry=true&reportapi=https%3A%2F%2Faccounts.hcaptcha.com&recaptchacompat=true&custom=false&hl=en&tplinks=on&andint=off&pstissuer=https%3A%2F%2Fpst-issuer.hcaptcha.com&sitekey=463b917e-e264-403f-ad34-34af0ee10294&size=invisible&theme=light&origin=https%3A%2F%2Fb.stripecdn.com:0
[   25307ms] [WARNING] [.WebGL-0x242c083e4800]GL Driver Message (OpenGL, Performance, GL_CLOSE_PATH_NV, High): GPU stall due to ReadPixels @ https://newassets.hcaptcha.com/captcha/v1/3b51cea83ce6dead3aa67ad1ba6db0cc5379ddfa/static/hcaptcha.html#frame=challenge&id=23exp9vxvty2&host=b.stripecdn.com&sentry=true&reportapi=https%3A%2F%2Faccounts.hcaptcha.com&recaptchacompat=true&custom=false&hl=en&tplinks=on&andint=off&pstissuer=https%3A%2F%2Fpst-issuer.hcaptcha.com&sitekey=24ed0064-62cf-4d42-9960-5dd1a41d4e29&size=invisible&theme=light&origin=https%3A%2F%2Fb.stripecdn.com:0
[   68712ms] [VERBOSE] [DOM] Password forms should have (optionally hidden) username fields for accessibility: (More info: https://goo.gl/9p2vKq) %o @ http://localhost:5173/pricing:0
[   82085ms] [WARNING] You may test your Stripe.js integration over HTTP. However, live Stripe.js integrations must use HTTPS. @ https://js.stripe.com/basil/stripe.js:0
[   83631ms] [WARNING] [.WebGL-0x242c0644d200]GL Driver Message (OpenGL, Performance, GL_CLOSE_PATH_NV, High): GPU stall due to ReadPixels (this message will no longer repeat) @ https://newassets.hcaptcha.com/captcha/v1/3b51cea83ce6dead3aa67ad1ba6db0cc5379ddfa/static/hcaptcha.html#frame=challenge&id=080mt8c3c7m&host=b.stripecdn.com&sentry=true&reportapi=https%3A%2F%2Faccounts.hcaptcha.com&recaptchacompat=true&custom=false&hl=en&tplinks=on&andint=off&pstissuer=https%3A%2F%2Fpst-issuer.hcaptcha.com&sitekey=ec637546-e9b8-447a-ab81-b5fb6d228ab8&size=invisible&theme=light&origin=https%3A%2F%2Fb.stripecdn.com:0
[  113425ms] TypeError: _checkout.destroy is not a function
    at HTMLButtonElement.closeCheckoutSidebar (http://localhost:5173/src/checkout.js?t=1776342778296:226:15)
    at eval (eval at evaluate (:302:30), <anonymous>:2:45)
    at UtilityScript.evaluate (<anonymous>:304:16)
    at UtilityScript.<anonymous> (<anonymous>:1:44)
[  403914ms] [VERBOSE] [DOM] Password forms should have (optionally hidden) username fields for accessibility: (More info: https://goo.gl/9p2vKq) %o @ http://localhost:5173/pricing:0
[  418840ms] [VERBOSE] [DOM] Password forms should have (optionally hidden) username fields for accessibility: (More info: https://goo.gl/9p2vKq) %o @ http://localhost:5173/pricing:0
[  564078ms] [VERBOSE] [DOM] Password forms should have (optionally hidden) username fields for accessibility: (More info: https://goo.gl/9p2vKq) %o @ http://localhost:5173/pricing:0
[  572228ms] [VERBOSE] [DOM] Password forms should have (optionally hidden) username fields for accessibility: (More info: https://goo.gl/9p2vKq) %o @ http://localhost:5173/pricing:0
[  581368ms] [VERBOSE] [DOM] Password forms should have (optionally hidden) username fields for accessibility: (More info: https://goo.gl/9p2vKq) %o @ http://localhost:5173/pricing:0
[  588363ms] [VERBOSE] [DOM] Password forms should have (optionally hidden) username fields for accessibility: (More info: https://goo.gl/9p2vKq) %o @ http://localhost:5173/pricing:0
