[      55ms] [VERBOSE] [DOM] Password forms should have (optionally hidden) username fields for accessibility: (More info: https://goo.gl/9p2vKq) %o @ http://localhost:5173/:0
[   12377ms] [VERBOSE] [DOM] Password forms should have (optionally hidden) username fields for accessibility: (More info: https://goo.gl/9p2vKq) %o @ http://localhost:5173/terminal:0
[   13660ms] [ERROR] Failed to load resource: the server responded with a status of 404 (NOT FOUND) @ http://localhost:5173/api/market/MMC?asset_type=STOCK:0
[   13783ms] [ERROR] Failed to load resource: the server responded with a status of 404 (NOT FOUND) @ http://localhost:5173/api/market/PNG?asset_type=STOCK:0
[   13830ms] [ERROR] Failed to load resource: the server responded with a status of 404 (NOT FOUND) @ http://localhost:5173/api/market/MMC?asset_type=STOCK:0
[   13979ms] [ERROR] Failed to load resource: the server responded with a status of 404 (NOT FOUND) @ http://localhost:5173/api/market/PNG?asset_type=STOCK:0
[   14068ms] [ERROR] Failed to load resource: the server responded with a status of 404 (NOT FOUND) @ http://localhost:5173/api/market/MNYG?asset_type=STOCK:0
[   14117ms] [ERROR] Failed to load resource: the server responded with a status of 404 (NOT FOUND) @ http://localhost:5173/api/market/EJTAY?asset_type=STOCK:0
[   14290ms] [ERROR] Failed to load resource: the server responded with a status of 404 (NOT FOUND) @ http://localhost:5173/api/market/MNYG?asset_type=STOCK:0
[   14304ms] [ERROR] Failed to load resource: the server responded with a status of 404 (NOT FOUND) @ http://localhost:5173/api/market/EJTAY?asset_type=STOCK:0
[   14493ms] [ERROR] Failed to load resource: the server responded with a status of 404 (NOT FOUND) @ http://localhost:5173/api/market/GBP?asset_type=CURRENCY:0
[   14599ms] [ERROR] Failed to load resource: the server responded with a status of 404 (NOT FOUND) @ http://localhost:5173/api/market/GBP?asset_type=CURRENCY:0
[   17908ms] [ERROR] Failed to load resource: the server responded with a status of 404 (NOT FOUND) @ http://localhost:5173/api/market/MMC?asset_type=STOCK:0
[   17991ms] [ERROR] Failed to load resource: the server responded with a status of 404 (NOT FOUND) @ http://localhost:5173/api/market/PNG?asset_type=STOCK:0
[   18092ms] [ERROR] Failed to load resource: the server responded with a status of 404 (NOT FOUND) @ http://localhost:5173/api/market/EJTAY?asset_type=STOCK:0
[   18103ms] [ERROR] Failed to load resource: the server responded with a status of 404 (NOT FOUND) @ http://localhost:5173/api/market/MNYG?asset_type=STOCK:0
[   18263ms] [ERROR] Failed to load resource: the server responded with a status of 404 (NOT FOUND) @ http://localhost:5173/api/market/GBP?asset_type=CURRENCY:0
[   23334ms] [ERROR] Failed to load resource: the server responded with a status of 404 (NOT FOUND) @ http://localhost:5173/api/market/MMC?asset_type=STOCK:0
[   23520ms] [ERROR] Failed to load resource: the server responded with a status of 404 (NOT FOUND) @ http://localhost:5173/api/market/PNG?asset_type=STOCK:0
[   23600ms] [ERROR] Failed to load resource: the server responded with a status of 404 (NOT FOUND) @ http://localhost:5173/api/market/MMC?asset_type=STOCK:0
[   23686ms] [ERROR] Failed to load resource: the server responded with a status of 404 (NOT FOUND) @ http://localhost:5173/api/market/PNG?asset_type=STOCK:0
[   23761ms] [ERROR] Failed to load resource: the server responded with a status of 404 (NOT FOUND) @ http://localhost:5173/api/market/MNYG?asset_type=STOCK:0
[   23778ms] [ERROR] Failed to load resource: the server responded with a status of 404 (NOT FOUND) @ http://localhost:5173/api/market/EJTAY?asset_type=STOCK:0
[   23991ms] [ERROR] Failed to load resource: the server responded with a status of 404 (NOT FOUND) @ http://localhost:5173/api/market/MNYG?asset_type=STOCK:0
[   23994ms] [ERROR] Failed to load resource: the server responded with a status of 404 (NOT FOUND) @ http://localhost:5173/api/market/EJTAY?asset_type=STOCK:0
[   24152ms] [ERROR] Failed to load resource: the server responded with a status of 404 (NOT FOUND) @ http://localhost:5173/api/market/GBP?asset_type=CURRENCY:0
[   24247ms] [ERROR] Failed to load resource: the server responded with a status of 404 (NOT FOUND) @ http://localhost:5173/api/market/GBP?asset_type=CURRENCY:0
